PRT1
140
430
4 0 3 (3072 2048 -2048 ) (3072 2048 2048 ) (2048 2048 2048 ) (2048 2048 -2048 ) 
4 0 1 (2048 2048 -2048 ) (2048 2048 2048 ) (2048 3072 2048 ) (2048 3072 -2048 ) 
4 1 5 (2048 2048 -2048 ) (2048 2048 2048 ) (1024 2048 2048 ) (1024 2048 -2048 ) 
4 1 2 (1024 3072 2048 ) (1024 3072 -2048 ) (1024 2048 -2048 ) (1024 2048 2048 ) 
4 2 50 (0 2048 -2048 ) (0 2048 2048 ) (0 3072 2048 ) (0 3072 -2048 ) 
4 2 22 (0 2048 448 ) (0 2048 -2048 ) (256 2048 -2048 ) (256 2048 448 ) 
4 2 21 (256 2048 -2048 ) (448 2048 -2048 ) (448 2048 448 ) (256 2048 448 ) 
4 2 11 (0 2048 512 ) (0 2048 448 ) (448 2048 448 ) (448 2048 512 ) 
4 2 10 (448 2048 2048 ) (0 2048 2048 ) (0 2048 512 ) (448 2048 512 ) 
4 2 9 (1024 2048 -2048 ) (1024 2048 448 ) (448 2048 448 ) (448 2048 -2048 ) 
4 2 8 (448 2048 512 ) (448 2048 448 ) (512 2048 448 ) (512 2048 512 ) 
4 2 7 (512 2048 2048 ) (448 2048 2048 ) (448 2048 512 ) (512 2048 512 ) 
4 2 6 (1024 2048 448 ) (1024 2048 2048 ) (512 2048 2048 ) (512 2048 448 ) 
4 3 5 (2048 2048 2048 ) (2048 2048 -2048 ) (2048 1024 -2048 ) (2048 1024 2048 ) 
4 3 4 (3072 1024 -2048 ) (3072 1024 2048 ) (2048 1024 2048 ) (2048 1024 -2048 ) 
4 4 96 (3072 0 -2048 ) (3072 0 2048 ) (2048 0 2048 ) (2048 0 -2048 ) 
4 4 29 (2048 0 -2048 ) (2048 0 -128 ) (2048 1024 -128 ) (2048 1024 -2048 ) 
4 4 28 (2048 368 256 ) (2048 640 256 ) (2048 640 -64 ) (2048 368 -64 ) 
4 4 27 (2048 640 256 ) (2048 1024 256 ) (2048 1024 -64 ) (2048 640 -64 ) 
4 4 26 (2048 0 -64 ) (2048 0 256 ) (2048 368 256 ) (2048 368 -64 ) 
4 4 25 (2048 0 256 ) (2048 0 2048 ) (2048 1024 2048 ) (2048 1024 256 ) 
4 5 29 (2048 1024 -2048 ) (2048 1024 -128 ) (1024 1024 -128 ) (1024 1024 -2048 ) 
4 5 27 (2048 1024 -64 ) (2048 1024 256 ) (1024 1024 256 ) (1024 1024 -64 ) 
4 5 25 (2048 1024 256 ) (2048 1024 2048 ) (1024 1024 2048 ) (1024 1024 256 ) 
4 5 9 (1024 2048 448 ) (1024 2048 -2048 ) (1024 1024 -2048 ) (1024 1024 448 ) 
4 5 6 (1024 2048 2048 ) (1024 2048 448 ) (1024 1024 448 ) (1024 1024 2048 ) 
4 6 31 (1024 1024 448 ) (1024 1024 512 ) (512 1024 512 ) (512 1024 448 ) 
4 6 30 (1024 1024 512 ) (1024 1024 2048 ) (512 1024 2048 ) (512 1024 512 ) 
4 6 9 (1024 1024 448 ) (512 1024 448 ) (512 2048 448 ) (1024 2048 448 ) 
4 6 8 (512 2048 448 ) (512 1280 448 ) (512 1280 512 ) (512 2048 512 ) 
4 6 7 (512 1024 512 ) (512 1024 2048 ) (512 2048 2048 ) (512 2048 512 ) 
4 7 30 (512 1024 2048 ) (448 1024 2048 ) (448 1024 512 ) (512 1024 512 ) 
4 7 13 (448 1024 512 ) (448 1024 2048 ) (448 1472 2048 ) (448 1472 512 ) 
4 7 10 (448 1472 2048 ) (448 2048 2048 ) (448 2048 512 ) (448 1472 512 ) 
4 7 8 (448 1344 512 ) (448 2048 512 ) (512 2048 512 ) (512 1280 512 ) 
4 8 17 (448 1344 512 ) (448 1472 512 ) (448 1472 448 ) (448 1344 448 ) 
4 8 12 (448 1472 512 ) (448 1536 512 ) (448 1536 448 ) (448 1472 448 ) 
4 8 11 (448 1536 512 ) (448 2048 512 ) (448 2048 448 ) (448 1536 448 ) 
4 8 9 (448 1344 448 ) (448 2048 448 ) (512 2048 448 ) (512 1280 448 ) 
4 9 49 (1024 1024 -2048 ) (1024 1024 -128 ) (448 1024 -128 ) (448 1024 -2048 ) 
4 9 43 (1024 1024 0 ) (1024 1024 448 ) (448 1024 448 ) (448 1024 0 ) 
4 9 21 (448 1024 -2048 ) (448 1024 448 ) (448 2048 448 ) (448 2048 -2048 ) 
4 10 52 (0 2048 2048 ) (0 2048 512 ) (0 1472 512 ) (0 1472 2048 ) 
4 10 14 (256 1472 2048 ) (0 1472 2048 ) (0 1472 512 ) (256 1472 512 ) 
4 10 13 (448 1472 512 ) (448 1472 2048 ) (256 1472 2048 ) (256 1472 512 ) 
4 10 12 (448 1472 512 ) (320 1472 512 ) (256 1536 512 ) (448 1536 512 ) 
4 10 11 (0 1536 512 ) (0 2048 512 ) (448 2048 512 ) (448 1536 512 ) 
4 11 53 (0 2048 512 ) (0 2048 448 ) (0 1536 448 ) (0 1536 512 ) 
4 11 22 (0 1536 448 ) (0 2048 448 ) (256 2048 448 ) (256 1536 448 ) 
4 11 21 (256 2048 448 ) (448 2048 448 ) (448 1536 448 ) (256 1536 448 ) 
4 11 12 (256 1536 448 ) (448 1536 448 ) (448 1536 512 ) (256 1536 512 ) 
4 12 21 (256 1536 448 ) (448 1536 448 ) (448 1472 448 ) (320 1472 448 ) 
4 12 17 (320 1472 448 ) (448 1472 448 ) (448 1472 512 ) (320 1472 512 ) 
4 13 33 (448 1024 512 ) (448 1024 2048 ) (256 1024 2048 ) (256 1024 512 ) 
4 13 20 (320 1344 512 ) (320 1184 512 ) (256 1248 512 ) (256 1344 512 ) 
4 13 19 (320 1376 512 ) (320 1344 512 ) (256 1344 512 ) (256 1440 512 ) 
3 13 17 (320 1472 512 ) (448 1472 512 ) (448 1344 512 ) 
4 13 18 (448 1248 512 ) (448 1024 512 ) (320 1024 512 ) (320 1376 512 ) 
4 13 16 (256 1280 512 ) (256 1152 512 ) (256 1152 1024 ) (256 1280 1024 ) 
4 13 15 (256 1024 1024 ) (256 1024 2048 ) (256 1280 2048 ) (256 1280 1024 ) 
4 13 14 (256 1472 512 ) (256 1280 512 ) (256 1280 2048 ) (256 1472 2048 ) 
4 14 55 (0 1280 2048 ) (0 1472 2048 ) (0 1472 512 ) (0 1280 512 ) 
4 14 20 (160 1344 512 ) (256 1344 512 ) (256 1280 512 ) (224 1280 512 ) 
5 14 19 (0 1344 512 ) (0 1472 512 ) (224 1472 512 ) (256 1440 512 ) (256 1344 512 ) 
4 14 16 (128 1280 512 ) (256 1280 512 ) (256 1280 1024 ) (128 1280 1024 ) 
4 14 15 (256 1280 1024 ) (256 1280 2048 ) (0 1280 2048 ) (0 1280 1024 ) 
4 15 56 (0 1024 1024 ) (0 1024 2048 ) (0 1280 2048 ) (0 1280 1024 ) 
4 15 34 (256 1024 2048 ) (0 1024 2048 ) (0 1024 1024 ) (256 1024 1024 ) 
3 15 16 (128 1280 1024 ) (256 1280 1024 ) (256 1152 1024 ) 
3 16 20 (224 1280 512 ) (256 1280 512 ) (256 1248 512 ) 
3 17 21 (320 1472 448 ) (448 1472 448 ) (448 1344 448 ) 
4 18 38 (448 1024 448 ) (448 1024 512 ) (320 1024 512 ) (320 1024 448 ) 
4 18 21 (448 1248 448 ) (448 1024 448 ) (320 1024 448 ) (320 1376 448 ) 
4 18 20 (320 1184 512 ) (320 1344 512 ) (320 1344 448 ) (320 1184 448 ) 
4 18 19 (320 1344 512 ) (320 1376 512 ) (320 1376 448 ) (320 1344 448 ) 
4 19 59 (0 1344 512 ) (0 1472 512 ) (0 1472 448 ) (0 1344 448 ) 
5 19 22 (0 1344 448 ) (0 1472 448 ) (224 1472 448 ) (256 1440 448 ) (256 1344 448 ) 
4 19 21 (256 1440 448 ) (320 1376 448 ) (320 1344 448 ) (256 1344 448 ) 
4 19 20 (160 1344 448 ) (320 1344 448 ) (320 1344 512 ) (160 1344 512 ) 
3 20 23 (256 1280 448 ) (256 1248 448 ) (224 1280 448 ) 
4 20 22 (160 1344 448 ) (256 1344 448 ) (256 1280 448 ) (224 1280 448 ) 
4 20 21 (256 1344 448 ) (320 1344 448 ) (320 1184 448 ) (256 1248 448 ) 
4 21 49 (448 1024 -2048 ) (448 1024 -128 ) (256 1024 -128 ) (256 1024 -2048 ) 
4 21 43 (448 1024 0 ) (448 1024 448 ) (256 1024 448 ) (256 1024 0 ) 
4 21 23 (256 1152 448 ) (256 1280 448 ) (256 1280 0 ) (256 1152 0 ) 
4 21 24 (256 1280 -2048 ) (256 1024 -2048 ) (256 1024 0 ) (256 1280 0 ) 
4 21 22 (256 2048 -2048 ) (256 1280 -2048 ) (256 1280 448 ) (256 2048 448 ) 
4 22 63 (0 1280 448 ) (0 2048 448 ) (0 2048 -2048 ) (0 1280 -2048 ) 
4 22 23 (256 1280 0 ) (256 1280 448 ) (128 1280 448 ) (128 1280 0 ) 
4 22 24 (0 1280 -2048 ) (256 1280 -2048 ) (256 1280 0 ) (0 1280 0 ) 
3 23 24 (128 1280 0 ) (256 1280 0 ) (256 1152 0 ) 
4 24 65 (0 1024 -2048 ) (0 1024 0 ) (0 1280 0 ) (0 1280 -2048 ) 
4 24 49 (0 1024 -128 ) (0 1024 -2048 ) (256 1024 -2048 ) (256 1024 -128 ) 
4 25 98 (2048 0 256 ) (2048 0 2048 ) (1024 0 2048 ) (1024 0 256 ) 
4 25 45 (1024 768 256 ) (1024 0 256 ) (1024 0 448 ) (1024 768 448 ) 
4 25 43 (1024 1024 448 ) (1024 1024 256 ) (1024 768 256 ) (1024 768 448 ) 
4 25 31 (1024 1024 512 ) (1024 1024 448 ) (1024 0 448 ) (1024 0 512 ) 
4 25 30 (1024 1024 2048 ) (1024 1024 512 ) (1024 0 512 ) (1024 0 2048 ) 
4 25 28 (1280 448 256 ) (2048 640 256 ) (2048 368 256 ) (1344 192 256 ) 
4 25 27 (1024 384 256 ) (1024 1024 256 ) (2048 1024 256 ) (2048 640 256 ) 
4 25 26 (2048 0 256 ) (1024 0 256 ) (1024 112 256 ) (2048 368 256 ) 
4 26 98 (2048 0 -64 ) (2048 0 256 ) (1024 0 256 ) (1024 0 -64 ) 
4 26 46 (1024 0 0 ) (1024 0 256 ) (1024 112 256 ) (1024 112 0 ) 
4 26 28 (2048 368 -64 ) (1344 192 -64 ) (1344 192 256 ) (2048 368 256 ) 
4 27 47 (1024 768 0 ) (1024 384 0 ) (1024 384 256 ) (1024 768 256 ) 
4 27 43 (1024 1024 256 ) (1024 1024 0 ) (1024 768 0 ) (1024 768 256 ) 
4 27 28 (1280 448 -64 ) (2048 640 -64 ) (2048 640 256 ) (1280 448 256 ) 
4 29 99 (2048 0 -2048 ) (2048 0 -128 ) (1024 0 -128 ) (1024 0 -2048 ) 
4 29 49 (1024 1024 -128 ) (1024 1024 -2048 ) (1024 0 -2048 ) (1024 0 -128 ) 
4 30 100 (1024 0 512 ) (1024 0 2048 ) (448 0 2048 ) (448 0 512 ) 
4 30 33 (448 1024 2048 ) (448 1024 512 ) (448 0 512 ) (448 0 2048 ) 
4 30 32 (448 0 512 ) (448 704 512 ) (512 768 512 ) (512 0 512 ) 
4 30 31 (512 1024 512 ) (1024 1024 512 ) (1024 0 512 ) (512 0 512 ) 
4 31 100 (1024 0 448 ) (1024 0 512 ) (512 0 512 ) (512 0 448 ) 
4 31 45 (1024 768 448 ) (1024 0 448 ) (512 0 448 ) (512 768 448 ) 
4 31 43 (1024 1024 448 ) (1024 768 448 ) (512 768 448 ) (512 1024 448 ) 
4 31 32 (512 768 448 ) (512 0 448 ) (512 0 512 ) (512 768 512 ) 
4 32 100 (512 0 512 ) (448 0 512 ) (448 0 448 ) (512 0 448 ) 
4 32 45 (512 0 448 ) (448 0 448 ) (448 704 448 ) (512 768 448 ) 
4 32 37 (448 704 448 ) (448 0 448 ) (448 0 512 ) (448 704 512 ) 
4 33 100 (256 0 512 ) (448 0 512 ) (448 0 2048 ) (256 0 2048 ) 
3 33 41 (256 512 512 ) (320 576 512 ) (320 512 512 ) 
4 33 42 (320 0 512 ) (256 0 512 ) (256 512 512 ) (320 512 512 ) 
4 33 40 (256 608 512 ) (256 704 512 ) (320 704 512 ) (320 672 512 ) 
4 33 39 (256 704 512 ) (256 800 512 ) (320 864 512 ) (320 704 512 ) 
4 33 37 (448 704 512 ) (448 0 512 ) (320 0 512 ) (320 576 512 ) 
4 33 38 (448 1024 512 ) (448 800 512 ) (320 672 512 ) (320 1024 512 ) 
4 33 35 (256 896 512 ) (256 768 512 ) (256 768 1024 ) (256 896 1024 ) 
4 33 34 (256 768 1024 ) (256 768 2048 ) (256 1024 2048 ) (256 1024 1024 ) 
4 33 36 (256 768 512 ) (256 0 512 ) (256 0 2048 ) (256 768 2048 ) 
4 34 72 (0 768 2048 ) (0 1024 2048 ) (0 1024 1024 ) (0 768 1024 ) 
3 34 35 (256 768 1024 ) (128 768 1024 ) (256 896 1024 ) 
4 34 36 (256 768 1024 ) (256 768 2048 ) (0 768 2048 ) (0 768 1024 ) 
3 35 39 (256 800 512 ) (256 768 512 ) (224 768 512 ) 
4 35 36 (128 768 512 ) (256 768 512 ) (256 768 1024 ) (128 768 1024 ) 
4 36 100 (0 0 2048 ) (0 0 512 ) (256 0 512 ) (256 0 2048 ) 
4 36 74 (0 0 512 ) (0 0 2048 ) (0 768 2048 ) (0 768 512 ) 
4 36 42 (256 0 512 ) (0 0 512 ) (0 512 512 ) (256 512 512 ) 
5 36 40 (0 576 512 ) (0 704 512 ) (256 704 512 ) (256 608 512 ) (224 576 512 ) 
4 36 39 (224 768 512 ) (256 768 512 ) (256 704 512 ) (160 704 512 ) 
4 37 100 (320 0 448 ) (448 0 448 ) (448 0 512 ) (320 0 512 ) 
4 37 45 (448 0 448 ) (320 0 448 ) (320 576 448 ) (448 704 448 ) 
4 37 41 (320 576 448 ) (320 512 448 ) (320 512 512 ) (320 576 512 ) 
4 37 42 (320 512 448 ) (320 0 448 ) (320 0 512 ) (320 512 512 ) 
3 38 45 (320 672 448 ) (320 768 448 ) (416 768 448 ) 
5 38 43 (320 768 448 ) (320 1024 448 ) (448 1024 448 ) (448 800 448 ) (416 768 448 ) 
4 38 40 (320 704 448 ) (320 672 448 ) (320 672 512 ) (320 704 512 ) 
4 38 39 (320 864 448 ) (320 704 448 ) (320 704 512 ) (320 864 512 ) 
4 39 45 (320 768 448 ) (320 704 448 ) (160 704 448 ) (224 768 448 ) 
3 39 44 (256 768 448 ) (224 768 448 ) (256 800 448 ) 
4 39 43 (320 864 448 ) (320 768 448 ) (256 768 448 ) (256 800 448 ) 
4 39 40 (160 704 448 ) (320 704 448 ) (320 704 512 ) (160 704 512 ) 
4 40 77 (0 576 512 ) (0 704 512 ) (0 704 448 ) (0 576 448 ) 
5 40 45 (0 576 448 ) (0 704 448 ) (320 704 448 ) (320 672 448 ) (224 576 448 ) 
3 41 45 (320 576 448 ) (320 512 448 ) (256 512 448 ) 
4 41 42 (256 512 448 ) (320 512 448 ) (320 512 512 ) (256 512 512 ) 
4 42 100 (0 0 512 ) (0 0 448 ) (320 0 448 ) (320 0 512 ) 
4 42 79 (0 0 448 ) (0 0 512 ) (0 512 512 ) (0 512 448 ) 
4 42 45 (320 0 448 ) (0 0 448 ) (0 512 448 ) (320 512 448 ) 
4 43 47 (256 768 0 ) (1024 768 0 ) (1024 768 256 ) (256 768 256 ) 
4 43 45 (1024 768 256 ) (1024 768 448 ) (256 768 448 ) (256 768 256 ) 
4 43 44 (256 896 0 ) (256 768 0 ) (256 768 448 ) (256 896 448 ) 
4 44 47 (128 768 0 ) (256 768 0 ) (256 768 256 ) (128 768 256 ) 
4 44 45 (256 768 256 ) (256 768 448 ) (128 768 448 ) (128 768 256 ) 
4 45 100 (1024 0 256 ) (1024 0 448 ) (0 0 448 ) (0 0 256 ) 
4 45 86 (0 0 256 ) (0 0 448 ) (0 768 448 ) (0 768 256 ) 
4 45 48 (304 0 256 ) (0 0 256 ) (0 128 256 ) (256 192 256 ) 
4 45 47 (0 128 256 ) (0 768 256 ) (1024 768 256 ) (1024 384 256 ) 
3 45 46 (1024 0 256 ) (576 0 256 ) (1024 112 256 ) 
4 46 102 (1024 0 0 ) (1024 0 192 ) (576 0 192 ) (576 0 0 ) 
4 46 101 (1024 0 192 ) (1024 0 256 ) (576 0 256 ) (576 0 192 ) 
4 47 86 (0 128 256 ) (0 768 256 ) (0 768 0 ) (0 128 0 ) 
4 47 48 (0 128 0 ) (256 192 0 ) (256 192 256 ) (0 128 256 ) 
4 48 104 (304 0 256 ) (0 0 256 ) (0 0 0 ) (304 0 0 ) 
4 48 86 (0 0 0 ) (0 0 256 ) (0 128 256 ) (0 128 0 ) 
4 49 105 (1024 0 -2048 ) (1024 0 -128 ) (0 0 -128 ) (0 0 -2048 ) 
4 49 90 (0 0 -2048 ) (0 0 -128 ) (0 1024 -128 ) (0 1024 -2048 ) 
4 50 70 (-1024 2048 448 ) (-1024 2048 -2048 ) (-448 2048 -2048 ) (-448 2048 448 ) 
4 50 68 (-512 2048 512 ) (-512 2048 448 ) (-448 2048 448 ) (-448 2048 512 ) 
4 50 67 (-448 2048 2048 ) (-512 2048 2048 ) (-512 2048 512 ) (-448 2048 512 ) 
4 50 69 (-512 2048 2048 ) (-1024 2048 2048 ) (-1024 2048 448 ) (-512 2048 448 ) 
4 50 63 (0 2048 -2048 ) (0 2048 448 ) (-256 2048 448 ) (-256 2048 -2048 ) 
4 50 66 (-256 2048 448 ) (-448 2048 448 ) (-448 2048 -2048 ) (-256 2048 -2048 ) 
4 50 53 (0 2048 448 ) (0 2048 512 ) (-448 2048 512 ) (-448 2048 448 ) 
4 50 52 (0 2048 512 ) (0 2048 2048 ) (-448 2048 2048 ) (-448 2048 512 ) 
4 50 51 (-1024 2048 -2048 ) (-1024 2048 2048 ) (-1024 3072 2048 ) (-1024 3072 -2048 ) 
4 51 93 (-2048 2048 -2048 ) (-2048 2048 2048 ) (-2048 3072 2048 ) (-2048 3072 -2048 ) 
4 51 71 (-1024 2048 -2048 ) (-1024 2048 2048 ) (-2048 2048 2048 ) (-2048 2048 -2048 ) 
4 52 67 (-448 2048 2048 ) (-448 2048 512 ) (-448 1472 512 ) (-448 1472 2048 ) 
4 52 55 (-256 1472 512 ) (0 1472 512 ) (0 1472 2048 ) (-256 1472 2048 ) 
4 52 58 (-448 1472 2048 ) (-448 1472 512 ) (-256 1472 512 ) (-256 1472 2048 ) 
4 52 54 (-320 1472 512 ) (-448 1472 512 ) (-448 1536 512 ) (-256 1536 512 ) 
4 52 53 (-448 1536 512 ) (-448 2048 512 ) (0 2048 512 ) (0 1536 512 ) 
4 53 68 (-448 2048 512 ) (-448 2048 448 ) (-448 1536 448 ) (-448 1536 512 ) 
4 53 63 (-256 2048 448 ) (0 2048 448 ) (0 1536 448 ) (-256 1536 448 ) 
4 53 66 (-448 1536 448 ) (-448 2048 448 ) (-256 2048 448 ) (-256 1536 448 ) 
4 53 54 (-448 1536 448 ) (-256 1536 448 ) (-256 1536 512 ) (-448 1536 512 ) 
4 54 68 (-448 1536 448 ) (-448 1472 448 ) (-448 1472 512 ) (-448 1536 512 ) 
4 54 66 (-448 1472 448 ) (-448 1536 448 ) (-256 1536 448 ) (-320 1472 448 ) 
4 54 61 (-448 1472 512 ) (-448 1472 448 ) (-320 1472 448 ) (-320 1472 512 ) 
4 55 60 (-224 1280 512 ) (-256 1280 512 ) (-256 1344 512 ) (-160 1344 512 ) 
5 55 59 (-224 1472 512 ) (0 1472 512 ) (0 1344 512 ) (-256 1344 512 ) (-256 1440 512 ) 
4 55 57 (-256 1280 1024 ) (-256 1280 512 ) (-128 1280 512 ) (-128 1280 1024 ) 
4 55 56 (-256 1280 2048 ) (-256 1280 1024 ) (0 1280 1024 ) (0 1280 2048 ) 
4 55 58 (-256 1472 512 ) (-256 1280 512 ) (-256 1280 2048 ) (-256 1472 2048 ) 
4 56 72 (0 1024 1024 ) (0 1024 2048 ) (-256 1024 2048 ) (-256 1024 1024 ) 
3 56 57 (-256 1152 1024 ) (-256 1280 1024 ) (-128 1280 1024 ) 
4 56 58 (-256 1024 1024 ) (-256 1024 2048 ) (-256 1280 2048 ) (-256 1280 1024 ) 
3 57 60 (-256 1248 512 ) (-256 1280 512 ) (-224 1280 512 ) 
4 57 58 (-256 1280 512 ) (-256 1152 512 ) (-256 1152 1024 ) (-256 1280 1024 ) 
4 58 75 (-256 1024 2048 ) (-448 1024 2048 ) (-448 1024 512 ) (-256 1024 512 ) 
4 58 67 (-448 1024 512 ) (-448 1024 2048 ) (-448 1472 2048 ) (-448 1472 512 ) 
3 58 61 (-448 1344 512 ) (-448 1472 512 ) (-320 1472 512 ) 
4 58 62 (-448 1024 512 ) (-448 1248 512 ) (-320 1376 512 ) (-320 1024 512 ) 
4 58 60 (-256 1344 512 ) (-256 1248 512 ) (-320 1184 512 ) (-320 1344 512 ) 
4 58 59 (-256 1440 512 ) (-256 1344 512 ) (-320 1344 512 ) (-320 1376 512 ) 
5 59 63 (-224 1472 448 ) (0 1472 448 ) (0 1344 448 ) (-256 1344 448 ) (-256 1440 448 ) 
4 59 66 (-256 1344 448 ) (-320 1344 448 ) (-320 1376 448 ) (-256 1440 448 ) 
4 59 62 (-320 1344 512 ) (-320 1376 512 ) (-320 1376 448 ) (-320 1344 448 ) 
4 59 60 (-320 1344 512 ) (-320 1344 448 ) (-160 1344 448 ) (-160 1344 512 ) 
3 60 64 (-224 1280 448 ) (-256 1248 448 ) (-256 1280 448 ) 
4 60 63 (-256 1344 448 ) (-160 1344 448 ) (-224 1280 448 ) (-256 1280 448 ) 
4 60 66 (-320 1184 448 ) (-320 1344 448 ) (-256 1344 448 ) (-256 1248 448 ) 
4 60 62 (-320 1184 512 ) (-320 1344 512 ) (-320 1344 448 ) (-320 1184 448 ) 
4 61 68 (-448 1472 448 ) (-448 1344 448 ) (-448 1344 512 ) (-448 1472 512 ) 
3 61 66 (-448 1344 448 ) (-448 1472 448 ) (-320 1472 448 ) 
4 62 81 (-320 1024 512 ) (-448 1024 512 ) (-448 1024 448 ) (-320 1024 448 ) 
4 62 66 (-448 1024 448 ) (-448 1248 448 ) (-320 1376 448 ) (-320 1024 448 ) 
4 63 64 (-256 1280 448 ) (-256 1280 0 ) (-128 1280 0 ) (-128 1280 448 ) 
4 63 65 (-256 1280 0 ) (-256 1280 -2048 ) (0 1280 -2048 ) (0 1280 0 ) 
4 63 66 (-256 2048 -2048 ) (-256 1280 -2048 ) (-256 1280 448 ) (-256 2048 448 ) 
3 64 65 (-256 1152 0 ) (-256 1280 0 ) (-128 1280 0 ) 
4 64 66 (-256 1152 448 ) (-256 1280 448 ) (-256 1280 0 ) (-256 1152 0 ) 
4 65 90 (0 1024 -2048 ) (0 1024 -128 ) (-256 1024 -128 ) (-256 1024 -2048 ) 
4 65 66 (-256 1280 -2048 ) (-256 1024 -2048 ) (-256 1024 0 ) (-256 1280 0 ) 
4 66 90 (-448 1024 -128 ) (-448 1024 -2048 ) (-256 1024 -2048 ) (-256 1024 -128 ) 
4 66 88 (-448 1024 128 ) (-448 1024 0 ) (-256 1024 0 ) (-256 1024 128 ) 
4 66 87 (-256 1024 448 ) (-448 1024 448 ) (-448 1024 128 ) (-256 1024 128 ) 
4 66 70 (-448 2048 448 ) (-448 2048 -2048 ) (-448 1024 -2048 ) (-448 1024 448 ) 
4 67 82 (-448 1024 512 ) (-448 1024 2048 ) (-512 1024 2048 ) (-512 1024 512 ) 
4 67 68 (-512 1280 512 ) (-512 2048 512 ) (-448 2048 512 ) (-448 1344 512 ) 
4 67 69 (-512 1024 512 ) (-512 1024 2048 ) (-512 2048 2048 ) (-512 2048 512 ) 
4 68 70 (-512 2048 448 ) (-448 2048 448 ) (-448 1344 448 ) (-512 1280 448 ) 
4 68 69 (-512 2048 448 ) (-512 1280 448 ) (-512 1280 512 ) (-512 2048 512 ) 
4 69 84 (-1024 1024 512 ) (-1024 1024 448 ) (-512 1024 448 ) (-512 1024 512 ) 
4 69 82 (-512 1024 2048 ) (-1024 1024 2048 ) (-1024 1024 512 ) (-512 1024 512 ) 
4 69 71 (-1024 1024 448 ) (-1024 1024 2048 ) (-1024 2048 2048 ) (-1024 2048 448 ) 
4 69 70 (-1024 1024 448 ) (-1024 2048 448 ) (-512 2048 448 ) (-512 1024 448 ) 
4 70 90 (-448 1024 -2048 ) (-448 1024 -128 ) (-1024 1024 -128 ) (-1024 1024 -2048 ) 
4 70 88 (-448 1024 0 ) (-448 1024 128 ) (-1024 1024 128 ) (-1024 1024 0 ) 
4 70 87 (-448 1024 128 ) (-448 1024 448 ) (-1024 1024 448 ) (-1024 1024 128 ) 
4 70 71 (-1024 1024 -2048 ) (-1024 1024 448 ) (-1024 2048 448 ) (-1024 2048 -2048 ) 
4 71 94 (-2048 1024 -2048 ) (-2048 1024 2048 ) (-2048 2048 2048 ) (-2048 2048 -2048 ) 
4 71 92 (-2048 1024 -128 ) (-2048 1024 -2048 ) (-1024 1024 -2048 ) (-1024 1024 -128 ) 
4 71 91 (-2048 1024 2048 ) (-2048 1024 -64 ) (-1024 1024 -64 ) (-1024 1024 2048 ) 
3 72 73 (-128 768 1024 ) (-256 768 1024 ) (-256 896 1024 ) 
4 72 74 (-256 768 2048 ) (-256 768 1024 ) (0 768 1024 ) (0 768 2048 ) 
4 72 75 (-256 768 1024 ) (-256 768 2048 ) (-256 1024 2048 ) (-256 1024 1024 ) 
3 73 76 (-224 768 512 ) (-256 768 512 ) (-256 800 512 ) 
4 73 75 (-256 896 512 ) (-256 768 512 ) (-256 768 1024 ) (-256 896 1024 ) 
4 73 74 (-256 768 1024 ) (-256 768 512 ) (-128 768 512 ) (-128 768 1024 ) 
4 74 116 (0 0 512 ) (0 0 2048 ) (-256 0 2048 ) (-256 0 512 ) 
4 74 79 (0 512 512 ) (0 0 512 ) (-256 0 512 ) (-256 512 512 ) 
5 74 77 (0 704 512 ) (0 576 512 ) (-224 576 512 ) (-256 608 512 ) (-256 704 512 ) 
4 74 76 (-160 704 512 ) (-256 704 512 ) (-256 768 512 ) (-224 768 512 ) 
4 74 75 (-256 768 512 ) (-256 0 512 ) (-256 0 2048 ) (-256 768 2048 ) 
4 75 116 (-256 0 2048 ) (-448 0 2048 ) (-448 0 512 ) (-256 0 512 ) 
4 75 82 (-448 0 512 ) (-448 0 2048 ) (-448 1024 2048 ) (-448 1024 512 ) 
4 75 80 (-448 0 512 ) (-448 704 512 ) (-320 576 512 ) (-320 0 512 ) 
4 75 81 (-448 800 512 ) (-448 1024 512 ) (-320 1024 512 ) (-320 672 512 ) 
3 75 78 (-256 512 512 ) (-320 512 512 ) (-320 576 512 ) 
4 75 79 (-256 512 512 ) (-256 0 512 ) (-320 0 512 ) (-320 512 512 ) 
4 75 77 (-256 704 512 ) (-256 608 512 ) (-320 672 512 ) (-320 704 512 ) 
4 75 76 (-256 800 512 ) (-256 704 512 ) (-320 704 512 ) (-320 864 512 ) 
4 76 87 (-256 704 448 ) (-320 704 448 ) (-320 864 448 ) (-256 800 448 ) 
3 76 85 (-256 768 448 ) (-256 800 448 ) (-224 768 448 ) 
4 76 86 (-160 704 448 ) (-256 704 448 ) (-256 768 448 ) (-224 768 448 ) 
4 76 81 (-320 864 448 ) (-320 704 448 ) (-320 704 512 ) (-320 864 512 ) 
4 76 77 (-320 704 512 ) (-320 704 448 ) (-160 704 448 ) (-160 704 512 ) 
4 77 87 (-256 608 448 ) (-320 672 448 ) (-320 704 448 ) (-256 704 448 ) 
5 77 86 (0 704 448 ) (0 576 448 ) (-224 576 448 ) (-256 608 448 ) (-256 704 448 ) 
4 77 81 (-320 704 448 ) (-320 672 448 ) (-320 672 512 ) (-320 704 512 ) 
3 78 87 (-256 512 448 ) (-320 512 448 ) (-320 576 448 ) 
4 78 80 (-320 576 448 ) (-320 512 448 ) (-320 512 512 ) (-320 576 512 ) 
4 78 79 (-320 512 512 ) (-320 512 448 ) (-256 512 448 ) (-256 512 512 ) 
4 79 116 (0 0 448 ) (0 0 512 ) (-320 0 512 ) (-320 0 448 ) 
4 79 87 (-256 0 448 ) (-320 0 448 ) (-320 512 448 ) (-256 512 448 ) 
4 79 86 (0 512 448 ) (0 0 448 ) (-256 0 448 ) (-256 512 448 ) 
4 79 80 (-320 512 448 ) (-320 0 448 ) (-320 0 512 ) (-320 512 512 ) 
4 80 116 (-320 0 512 ) (-448 0 512 ) (-448 0 448 ) (-320 0 448 ) 
4 80 87 (-320 576 448 ) (-320 0 448 ) (-448 0 448 ) (-448 704 448 ) 
4 80 83 (-448 704 448 ) (-448 0 448 ) (-448 0 512 ) (-448 704 512 ) 
4 81 87 (-448 1024 448 ) (-320 1024 448 ) (-320 672 448 ) (-448 800 448 ) 
4 82 116 (-1024 0 2048 ) (-1024 0 512 ) (-448 0 512 ) (-448 0 2048 ) 
4 82 91 (-1024 1024 2048 ) (-1024 1024 512 ) (-1024 0 512 ) (-1024 0 2048 ) 
4 82 83 (-448 704 512 ) (-448 0 512 ) (-512 0 512 ) (-512 768 512 ) 
4 82 84 (-1024 0 512 ) (-1024 1024 512 ) (-512 1024 512 ) (-512 0 512 ) 
4 83 116 (-512 0 448 ) (-448 0 448 ) (-448 0 512 ) (-512 0 512 ) 
4 83 87 (-448 704 448 ) (-448 0 448 ) (-512 0 448 ) (-512 768 448 ) 
4 83 84 (-512 768 448 ) (-512 0 448 ) (-512 0 512 ) (-512 768 512 ) 
4 84 116 (-1024 0 512 ) (-1024 0 448 ) (-512 0 448 ) (-512 0 512 ) 
4 84 91 (-1024 1024 512 ) (-1024 1024 448 ) (-1024 0 448 ) (-1024 0 512 ) 
4 84 87 (-1024 0 448 ) (-1024 1024 448 ) (-512 1024 448 ) (-512 0 448 ) 
4 85 88 (-256 896 0 ) (-256 768 0 ) (-256 768 128 ) (-256 896 128 ) 
4 85 87 (-256 768 128 ) (-256 768 448 ) (-256 896 448 ) (-256 896 128 ) 
4 85 86 (-256 768 448 ) (-256 768 0 ) (-128 768 0 ) (-128 768 448 ) 
4 86 119 (0 0 0 ) (0 0 128 ) (-256 0 128 ) (-256 0 0 ) 
4 86 117 (0 0 128 ) (0 0 192 ) (-256 0 192 ) (-256 0 128 ) 
4 86 116 (0 0 192 ) (0 0 448 ) (-256 0 448 ) (-256 0 192 ) 
4 86 88 (-256 768 0 ) (-256 0 0 ) (-256 0 128 ) (-256 768 128 ) 
4 86 87 (-256 0 128 ) (-256 0 448 ) (-256 768 448 ) (-256 768 128 ) 
4 87 117 (-1024 0 192 ) (-1024 0 128 ) (-256 0 128 ) (-256 0 192 ) 
4 87 116 (-256 0 448 ) (-1024 0 448 ) (-1024 0 192 ) (-256 0 192 ) 
4 87 91 (-1024 1024 448 ) (-1024 1024 128 ) (-1024 0 128 ) (-1024 0 448 ) 
4 87 89 (-1024 0 128 ) (-1024 273.066711 128 ) (-665.599976 64 128 ) (-714.361938 0 128 ) 
5 87 88 (-1024 273.066711 128 ) (-1024 1024 128 ) (-256 1024 128 ) (-256 0 128 ) (-555.885681 0 128 ) 
4 88 119 (-555.885681 0 0 ) (-256 0 0 ) (-256 0 128 ) (-555.885681 0 128 ) 
4 88 91 (-1024 1024 128 ) (-1024 1024 0 ) (-1024 273.066711 0 ) (-1024 273.066711 128 ) 
4 88 89 (-1024 273.065918 0 ) (-665.600281 64 0 ) (-665.600098 64 128 ) (-1024 273.066406 128 ) 
4 89 120 (-888.685730 0 0 ) (-714.361877 0 0 ) (-714.361938 0 128 ) (-888.685730 0 128 ) 
4 89 118 (-1024 0 128 ) (-1024 0 0 ) (-888.685730 0 0 ) (-888.685730 0 128 ) 
4 89 91 (-1024 273.066711 0 ) (-1024 0 0 ) (-1024 0 128 ) (-1024 273.066711 128 ) 
4 90 125 (0 0 -2048 ) (0 0 -128 ) (-1024 0 -128 ) (-1024 0 -2048 ) 
4 90 92 (-1024 1024 -128 ) (-1024 1024 -2048 ) (-1024 0 -2048 ) (-1024 0 -128 ) 
4 91 126 (-1024 0 -64 ) (-1024 0 2048 ) (-2048 0 2048 ) (-2048 0 -64 ) 
4 91 95 (-2048 0 -64 ) (-2048 0 2048 ) (-2048 1024 2048 ) (-2048 1024 -64 ) 
4 92 127 (-1024 0 -2048 ) (-1024 0 -128 ) (-2048 0 -128 ) (-2048 0 -2048 ) 
4 92 95 (-2048 0 -2048 ) (-2048 0 -128 ) (-2048 1024 -128 ) (-2048 1024 -2048 ) 
4 93 94 (-2048 2048 -2048 ) (-2048 2048 2048 ) (-3072 2048 2048 ) (-3072 2048 -2048 ) 
4 94 95 (-2048 1024 -2048 ) (-2048 1024 2048 ) (-3072 1024 2048 ) (-3072 1024 -2048 ) 
4 95 132 (-2048 0 -2048 ) (-2048 0 2048 ) (-3072 0 2048 ) (-3072 0 -2048 ) 
4 96 99 (2048 -1024 -2048 ) (2048 -1024 -128 ) (2048 0 -128 ) (2048 0 -2048 ) 
4 96 98 (2048 -1024 -64 ) (2048 -1024 2048 ) (2048 0 2048 ) (2048 0 -64 ) 
4 96 97 (3072 -1024 -2048 ) (3072 -1024 2048 ) (2048 -1024 2048 ) (2048 -1024 -2048 ) 
4 97 110 (3072 -2048 -2048 ) (3072 -2048 2048 ) (2048 -2048 2048 ) (2048 -2048 -2048 ) 
4 97 107 (2048 -2048 -2048 ) (2048 -2048 -128 ) (2048 -1024 -128 ) (2048 -1024 -2048 ) 
4 97 106 (2048 -2048 -64 ) (2048 -2048 2048 ) (2048 -1024 2048 ) (2048 -1024 -64 ) 
4 98 106 (2048 -1024 -64 ) (2048 -1024 2048 ) (1024 -1024 2048 ) (1024 -1024 -64 ) 
4 98 102 (1024 -1024 0 ) (1024 -1024 192 ) (1024 0 192 ) (1024 0 0 ) 
4 98 101 (1024 -1024 192 ) (1024 -1024 256 ) (1024 0 256 ) (1024 0 192 ) 
4 98 100 (1024 -1024 256 ) (1024 -1024 2048 ) (1024 0 2048 ) (1024 0 256 ) 
4 99 107 (2048 -1024 -2048 ) (2048 -1024 -128 ) (1024 -1024 -128 ) (1024 -1024 -2048 ) 
4 99 105 (1024 -1024 -2048 ) (1024 -1024 -128 ) (1024 0 -128 ) (1024 0 -2048 ) 
4 100 116 (0 0 2048 ) (0 0 256 ) (0 -1024 256 ) (0 -1024 2048 ) 
4 100 108 (0 -1024 2048 ) (0 -1024 256 ) (1024 -1024 256 ) (1024 -1024 2048 ) 
4 100 104 (0 -144 256 ) (0 0 256 ) (304 0 256 ) (320 -64 256 ) 
5 100 101 (1024 -1024 256 ) (0 -1024 256 ) (0 -144 256 ) (576 0 256 ) (1024 0 256 ) 
4 101 116 (0 -1024 192 ) (0 -1024 256 ) (0 -144 256 ) (0 -144 192 ) 
4 101 108 (0 -1024 256 ) (0 -1024 192 ) (1024 -1024 192 ) (1024 -1024 256 ) 
4 101 104 (0 -144 192 ) (0 -144 256 ) (320 -64 256 ) (320 -64 192 ) 
4 101 103 (832 -1024 192 ) (0 -1024 192 ) (0 -608 192 ) (64 -512 192 ) 
6 101 102 (1024 -1024 192 ) (832 -1024 192 ) (0 -469.333313 192 ) (0 -143.997070 192 ) (575.988281 0 192 ) (1024 0 192 ) 
4 102 123 (0 -192 0 ) (0 -469.333313 0 ) (0 -469.333313 192 ) (0 -192 192 ) 
4 102 119 (0 -144 0 ) (0 -192 0 ) (0 -192 128 ) (0 -144 128 ) 
4 102 117 (0 -192 128 ) (0 -192 192 ) (0 -144 192 ) (0 -144 128 ) 
4 102 108 (832 -1024 0 ) (1024 -1024 0 ) (1024 -1024 192 ) (832 -1024 192 ) 
4 102 104 (320 -64 0 ) (0 -144 0 ) (0 -144 192 ) (320 -64 192 ) 
4 102 103 (832 -1024 192 ) (64 -512.001343 192 ) (63.998802 -512.001831 0 ) (831.996094 -1024 0 ) 
4 103 124 (0 -608 0 ) (0 -746.666626 0 ) (0 -746.666626 192 ) (0 -608 192 ) 
4 103 122 (0 -746.666626 0 ) (0 -1024 0 ) (0 -1024 192 ) (0 -746.666626 192 ) 
4 103 108 (0 -1024 192 ) (0 -1024 0 ) (832 -1024 0 ) (832 -1024 192 ) 
4 104 119 (0 0 128 ) (0 0 0 ) (0 -144 0 ) (0 -144 128 ) 
4 104 117 (0 0 192 ) (0 0 128 ) (0 -144 128 ) (0 -144 192 ) 
4 104 116 (0 0 256 ) (0 0 192 ) (0 -144 192 ) (0 -144 256 ) 
4 105 125 (0 0 -128 ) (0 0 -2048 ) (0 -1024 -2048 ) (0 -1024 -128 ) 
4 105 109 (0 -1024 -128 ) (0 -1024 -2048 ) (1024 -1024 -2048 ) (1024 -1024 -128 ) 
4 106 111 (2048 -2048 -64 ) (2048 -2048 2048 ) (1024 -2048 2048 ) (1024 -2048 -64 ) 
4 106 108 (1024 -1024 2048 ) (1024 -1024 -64 ) (1024 -2048 -64 ) (1024 -2048 2048 ) 
4 107 111 (2048 -2048 -2048 ) (2048 -2048 -128 ) (1024 -2048 -128 ) (1024 -2048 -2048 ) 
4 107 109 (1024 -1024 -128 ) (1024 -1024 -2048 ) (1024 -2048 -2048 ) (1024 -2048 -128 ) 
4 108 128 (0 -2048 -64 ) (0 -2048 2048 ) (0 -1024 2048 ) (0 -1024 -64 ) 
4 108 112 (1024 -2048 -64 ) (1024 -2048 2048 ) (0 -2048 2048 ) (0 -2048 -64 ) 
4 109 129 (0 -2048 -2048 ) (0 -2048 -128 ) (0 -1024 -128 ) (0 -1024 -2048 ) 
4 109 112 (1024 -2048 -2048 ) (1024 -2048 -128 ) (0 -2048 -128 ) (0 -2048 -2048 ) 
4 110 113 (3072 -3072 -2048 ) (3072 -3072 2048 ) (2048 -3072 2048 ) (2048 -3072 -2048 ) 
4 110 111 (2048 -2048 2048 ) (2048 -2048 -2048 ) (2048 -3072 -2048 ) (2048 -3072 2048 ) 
4 111 114 (2048 -3072 -2048 ) (2048 -3072 2048 ) (1024 -3072 2048 ) (1024 -3072 -2048 ) 
4 111 112 (1024 -3072 -2048 ) (1024 -3072 2048 ) (1024 -2048 2048 ) (1024 -2048 -2048 ) 
4 112 134 (0 -3072 -2048 ) (0 -3072 2048 ) (0 -2048 2048 ) (0 -2048 -2048 ) 
4 112 115 (1024 -3072 -2048 ) (1024 -3072 2048 ) (0 -3072 2048 ) (0 -3072 -2048 ) 
4 113 114 (2048 -3072 2048 ) (2048 -3072 -2048 ) (2048 -3136 -2048 ) (2048 -3136 2048 ) 
4 114 115 (1024 -3072 2048 ) (1024 -3072 -2048 ) (1024 -3136 -2048 ) (1024 -3136 2048 ) 
4 115 136 (0 -3136 2048 ) (0 -3072 2048 ) (0 -3072 -2048 ) (0 -3136 -2048 ) 
4 116 128 (0 -1024 192 ) (0 -1024 2048 ) (-1024 -1024 2048 ) (-1024 -1024 192 ) 
4 116 126 (-1024 0 2048 ) (-1024 0 192 ) (-1024 -1024 192 ) (-1024 -1024 2048 ) 
3 116 124 (0 -608 192 ) (0 -746.666626 192 ) (-64 -704 192 ) 
3 116 123 (0 -192 192 ) (0 -469.333313 192 ) (-128 -384 192 ) 
4 116 122 (0 -746.666626 192 ) (0 -1024 192 ) (-554.666687 -1024 192 ) (-256 -576 192 ) 
5 116 117 (-1024 -1024 192 ) (-1024 0 192 ) (0 0 192 ) (0 -192 192 ) (-554.666687 -1024 192 ) 
4 117 128 (-554.666687 -1024 192 ) (-1024 -1024 192 ) (-1024 -1024 128 ) (-554.666687 -1024 128 ) 
4 117 126 (-1024 0 192 ) (-1024 0 128 ) (-1024 -1024 128 ) (-1024 -1024 192 ) 
4 117 123 (0 -192.003906 128 ) (0 -192.003906 192 ) (-127.998184 -384.001190 192 ) (-127.998199 -384.001160 128 ) 
4 117 122 (-255.998169 -576.001160 192 ) (-554.664063 -1024 192 ) (-554.664063 -1024 128 ) (-255.998169 -576.001099 128 ) 
4 117 121 (-63.493637 -287.228729 128 ) (-156.677643 -427.004730 128 ) (-614.400024 -160 128 ) (-512 -25.600014 128 ) 
3 117 120 (-768 -70.399994 128 ) (-888.685730 0 128 ) (-714.361877 0 128 ) 
4 117 119 (0 -191.988281 128 ) (-63.493637 -287.228729 128 ) (-555.885742 0 128 ) (0 0 128 ) 
5 117 118 (-156.677643 -427.004730 128 ) (-554.674500 -1024 128 ) (-1024 -1024 128 ) (-1024 0 128 ) (-888.685730 0 128 ) 
4 118 128 (-1024 -1024 128 ) (-1024 -1024 0 ) (-554.666687 -1024 0 ) (-554.666687 -1024 128 ) 
4 118 126 (-1024 0 128 ) (-1024 0 0 ) (-1024 -1024 0 ) (-1024 -1024 128 ) 
4 118 122 (-554.664063 -1024 0 ) (-255.998169 -576.001160 0 ) (-255.998154 -576.001099 128 ) (-554.664063 -1024 128 ) 
4 118 121 (-614.399536 -160 128 ) (-156.671875 -427.007813 128 ) (-156.671875 -427.007813 0 ) (-614.399902 -160 0 ) 
4 118 120 (-888.683594 0 128 ) (-768 -70.399261 128 ) (-768 -70.399811 0 ) (-888.685242 0 0 ) 
4 119 123 (-63.486137 -287.233093 0 ) (0 -192.003906 0 ) (0 -192.003906 128 ) (-63.486137 -287.233093 128 ) 
4 119 121 (-512.002686 -25.603540 0 ) (-63.492180 -287.234375 0 ) (-63.492188 -287.234375 128 ) (-512.002563 -25.603333 128 ) 
4 121 123 (-127.998192 -384.001190 0 ) (-63.486137 -287.233093 0 ) (-63.486137 -287.233093 128 ) (-127.998192 -384.001190 128 ) 
4 122 128 (0 -1024 0 ) (0 -1024 192 ) (-554.666687 -1024 192 ) (-554.666687 -1024 0 ) 
4 122 124 (0 -746.667969 0 ) (-64 -704 0 ) (-64 -704 192 ) (0 -746.666016 192 ) 
4 125 129 (0 -1024 -2048 ) (0 -1024 -128 ) (-1024 -1024 -128 ) (-1024 -1024 -2048 ) 
4 125 127 (-1024 0 -128 ) (-1024 0 -2048 ) (-1024 -1024 -2048 ) (-1024 -1024 -128 ) 
4 126 132 (-2048 0 2048 ) (-2048 0 -64 ) (-2048 -1024 -64 ) (-2048 -1024 2048 ) 
4 126 130 (-1024 -1024 -64 ) (-1024 -1024 2048 ) (-2048 -1024 2048 ) (-2048 -1024 -64 ) 
4 127 132 (-2048 0 -128 ) (-2048 0 -2048 ) (-2048 -1024 -2048 ) (-2048 -1024 -128 ) 
4 127 131 (-1024 -1024 -2048 ) (-1024 -1024 -128 ) (-2048 -1024 -128 ) (-2048 -1024 -2048 ) 
4 128 134 (0 -2048 -64 ) (0 -2048 2048 ) (-1024 -2048 2048 ) (-1024 -2048 -64 ) 
4 128 130 (-1024 -1024 2048 ) (-1024 -1024 -64 ) (-1024 -2048 -64 ) (-1024 -2048 2048 ) 
4 129 134 (0 -2048 -2048 ) (0 -2048 -128 ) (-1024 -2048 -128 ) (-1024 -2048 -2048 ) 
4 129 131 (-1024 -1024 -128 ) (-1024 -1024 -2048 ) (-1024 -2048 -2048 ) (-1024 -2048 -128 ) 
4 130 135 (-1024 -2048 -64 ) (-1024 -2048 2048 ) (-2048 -2048 2048 ) (-2048 -2048 -64 ) 
4 130 133 (-2048 -2048 -64 ) (-2048 -2048 2048 ) (-2048 -1024 2048 ) (-2048 -1024 -64 ) 
4 131 135 (-1024 -2048 -2048 ) (-1024 -2048 -128 ) (-2048 -2048 -128 ) (-2048 -2048 -2048 ) 
4 131 133 (-2048 -2048 -2048 ) (-2048 -2048 -128 ) (-2048 -1024 -128 ) (-2048 -1024 -2048 ) 
4 132 133 (-2048 -1024 -2048 ) (-2048 -1024 2048 ) (-3072 -1024 2048 ) (-3072 -1024 -2048 ) 
4 133 138 (-2048 -2048 -2048 ) (-2048 -2048 2048 ) (-3072 -2048 2048 ) (-3072 -2048 -2048 ) 
4 134 136 (0 -3072 -2048 ) (0 -3072 2048 ) (-1024 -3072 2048 ) (-1024 -3072 -2048 ) 
4 134 135 (-1024 -2048 2048 ) (-1024 -2048 -2048 ) (-1024 -3072 -2048 ) (-1024 -3072 2048 ) 
4 135 138 (-2048 -2048 2048 ) (-2048 -2048 -2048 ) (-2048 -3072 -2048 ) (-2048 -3072 2048 ) 
4 135 137 (-1024 -3072 -2048 ) (-1024 -3072 2048 ) (-2048 -3072 2048 ) (-2048 -3072 -2048 ) 
4 136 137 (-1024 -3136 2048 ) (-1024 -3072 2048 ) (-1024 -3072 -2048 ) (-1024 -3136 -2048 ) 
4 137 139 (-2048 -3136 2048 ) (-2048 -3072 2048 ) (-2048 -3072 -2048 ) (-2048 -3136 -2048 ) 
4 138 139 (-2048 -3072 -2048 ) (-2048 -3072 2048 ) (-3072 -3072 2048 ) (-3072 -3072 -2048 ) 
