


materialPath: C:\Program Files (x86)\Steam\steamapps\sourcemods\tea_for_two_git\materials
Loading C:\Program Files (x86)\Steam\steamapps\sourcemods\tea_for_two_git\maps\ad_blastproof.vmf
*** Encountered VTF file with an invalid minor version!
*** Encountered VTF file with an invalid full header!
Error reading material "materials/ad_blastproof/obsidiancheckerboardpixel.vtf"
*** Encountered VTF file with an invalid minor version!
*** Encountered VTF file with an invalid full header!
Error reading material "materials/ad_blastproof/obsidiancheckerboardpixel.vtf"
*** Encountered VTF file with an invalid minor version!
*** Encountered VTF file with an invalid full header!
Error reading material "materials/ad_blastproof/obsidiancheckerboardpixel.vtf"
Could not locate 'GameData' key in c:\program files (x86)\steam\steamapps\sourcemods\tea_for_two_git\gameinfo.txt
fixing up env_cubemap materials on brush sides...
0...1...2...3...4...5...6...7...8...9...10**** leaked ****
Entity info_player_teamspawn (-416.00 576.00 128.00) leaked!

FindPortalSide: Couldn't find a good match for which brush to assign to a portal near (1536.0 2048.0 32.0)
Leaf 0 contents: 
Leaf 1 contents: CONTENTS_SOLID 
viscontents (node 0 contents ^ node 1 contents): CONTENTS_SOLID 
This means that none of the brushes in leaf 0 or 1 that touches the portal has CONTENTS_SOLID 
Check for a huge brush enclosing the coordinates above that has contents CONTENTS_SOLID 
Candidate brush IDs: 


FindPortalSide: Couldn't find a good match for which brush to assign to a portal near (2048.0 1536.0 32.0)
Leaf 0 contents: 
Leaf 1 contents: CONTENTS_SOLID 
viscontents (node 0 contents ^ node 1 contents): CONTENTS_SOLID 
This means that none of the brushes in leaf 0 or 1 that touches the portal has CONTENTS_SOLID 
Check for a huge brush enclosing the coordinates above that has contents CONTENTS_SOLID 
Candidate brush IDs: 


FindPortalSide: Couldn't find a good match for which brush to assign to a portal near (512.0 1024.0 72.0)
Leaf 0 contents: CONTENTS_SOLID 
Leaf 1 contents: 
viscontents (node 0 contents ^ node 1 contents): CONTENTS_SOLID 
This means that none of the brushes in leaf 0 or 1 that touches the portal has CONTENTS_SOLID 
Check for a huge brush enclosing the coordinates above that has contents CONTENTS_SOLID 
Candidate brush IDs: 


FindPortalSide: Couldn't find a good match for which brush to assign to a portal near (512.0 1024.0 -8.0)
Leaf 0 contents: CONTENTS_SOLID 
Leaf 1 contents: 
viscontents (node 0 contents ^ node 1 contents): CONTENTS_SOLID 
This means that none of the brushes in leaf 0 or 1 that touches the portal has CONTENTS_SOLID 
Check for a huge brush enclosing the coordinates above that has contents CONTENTS_SOLID 
Candidate brush IDs: 


FindPortalSide: Couldn't find a good match for which brush to assign to a portal near (512.0 2048.0 32.0)
Leaf 0 contents: 
Leaf 1 contents: CONTENTS_SOLID 
viscontents (node 0 contents ^ node 1 contents): CONTENTS_SOLID 
This means that none of the brushes in leaf 0 or 1 that touches the portal has CONTENTS_SOLID 
Check for a huge brush enclosing the coordinates above that has contents CONTENTS_SOLID 
Candidate brush IDs: 


FindPortalSide: Couldn't find a good match for which brush to assign to a portal near (-512.0 1024.0 72.0)
Leaf 0 contents: CONTENTS_SOLID 
Leaf 1 contents: 
viscontents (node 0 contents ^ node 1 contents): CONTENTS_SOLID 
This means that none of the brushes in leaf 0 or 1 that touches the portal has CONTENTS_SOLID 
Check for a huge brush enclosing the coordinates above that has contents CONTENTS_SOLID 
Candidate brush IDs: 


FindPortalSide: Couldn't find a good match for which brush to assign to a portal near (-512.0 1024.0 -8.0)
Leaf 0 contents: CONTENTS_SOLID 
Leaf 1 contents: 
viscontents (node 0 contents ^ node 1 contents): CONTENTS_SOLID 
This means that none of the brushes in leaf 0 or 1 that touches the portal has CONTENTS_SOLID 
Check for a huge brush enclosing the coordinates above that has contents CONTENTS_SOLID 
Candidate brush IDs: 


FindPortalSide: Couldn't find a good match for which brush to assign to a portal near (-512.0 2048.0 32.0)
Leaf 0 contents: 
Leaf 1 contents: CONTENTS_SOLID 
viscontents (node 0 contents ^ node 1 contents): CONTENTS_SOLID 
This means that none of the brushes in leaf 0 or 1 that touches the portal has CONTENTS_SOLID 
Check for a huge brush enclosing the coordinates above that has contents CONTENTS_SOLID 
Candidate brush IDs: 

*** Suppressing further FindPortalSide errors.... ***
Processing areas...done (0)
Building Faces...done (0)
FixTjuncs...
PruneNodes...
WriteBSP...
done (0)
*** Error: Skybox vtf files for skybox/sky_tf2_04 weren't compiled with the same size texture and/or same flags!
Can't load skybox file skybox/sky_tf2_04 to build the default cubemap!
*** Error: Skybox vtf files for skybox/sky_tf2_04 weren't compiled with the same size texture and/or same flags!
Can't load skybox file skybox/sky_tf2_04 to build the default cubemap!
Finding displacement neighbors...
Finding lightmap sample positions...
Displacement Alpha : 0...1...2...3...4...5...6...7...8...9...10
Building Physics collision data...
done (0) (578 bytes)
Placing detail props : 0...1...2...3...4...5...6...7...8...9...10
Compacting texture/material tables...
Reduced 3 texinfos to 3
Reduced 1 texdatas to 1 (40 bytes to 40)
Writing C:\Program Files (x86)\Steam\steamapps\sourcemods\tea_for_two_git\maps\ad_blastproof.bsp
ZIP Output overshot buffer estimate: Estimated 0, actual 54
0 seconds elapsed



6 threads
reading c:\program files (x86)\steam\steamapps\sourcemods\tea_for_two_git\maps\ad_blastproof.bsp
reading c:\program files (x86)\steam\steamapps\sourcemods\tea_for_two_git\maps\ad_blastproof.prt
LoadPortals: couldn't read c:\program files (x86)\steam\steamapps\sourcemods\tea_for_two_git\maps\ad_blastproof.prt



materialPath: C:\Program Files (x86)\Steam\steamapps\sourcemods\tea_for_two_git\materials
Loading C:\Program Files (x86)\Steam\steamapps\sourcemods\tea_for_two_git\maps\ad_blastproof.vmf
*** Encountered VTF file with an invalid minor version!
*** Encountered VTF file with an invalid full header!
Error reading material "materials/ad_blastproof/obsidiancheckerboardpixel.vtf"
*** Encountered VTF file with an invalid minor version!
*** Encountered VTF file with an invalid full header!
Error reading material "materials/ad_blastproof/obsidiancheckerboardpixel.vtf"
*** Encountered VTF file with an invalid minor version!
*** Encountered VTF file with an invalid full header!
Error reading material "materials/ad_blastproof/obsidiancheckerboardpixel.vtf"
Could not locate 'GameData' key in c:\program files (x86)\steam\steamapps\sourcemods\tea_for_two_git\gameinfo.txt
fixing up env_cubemap materials on brush sides...
0...1...2...3...4...5...6...7...8...9...10**** leaked ****
Entity info_player_teamspawn (-416.00 576.00 128.00) leaked!

FindPortalSide: Couldn't find a good match for which brush to assign to a portal near (1536.0 2048.0 32.0)
Leaf 0 contents: 
Leaf 1 contents: CONTENTS_SOLID 
viscontents (node 0 contents ^ node 1 contents): CONTENTS_SOLID 
This means that none of the brushes in leaf 0 or 1 that touches the portal has CONTENTS_SOLID 
Check for a huge brush enclosing the coordinates above that has contents CONTENTS_SOLID 
Candidate brush IDs: 


FindPortalSide: Couldn't find a good match for which brush to assign to a portal near (2048.0 1536.0 32.0)
Leaf 0 contents: 
Leaf 1 contents: CONTENTS_SOLID 
viscontents (node 0 contents ^ node 1 contents): CONTENTS_SOLID 
This means that none of the brushes in leaf 0 or 1 that touches the portal has CONTENTS_SOLID 
Check for a huge brush enclosing the coordinates above that has contents CONTENTS_SOLID 
Candidate brush IDs: 


FindPortalSide: Couldn't find a good match for which brush to assign to a portal near (512.0 1024.0 72.0)
Leaf 0 contents: CONTENTS_SOLID 
Leaf 1 contents: 
viscontents (node 0 contents ^ node 1 contents): CONTENTS_SOLID 
This means that none of the brushes in leaf 0 or 1 that touches the portal has CONTENTS_SOLID 
Check for a huge brush enclosing the coordinates above that has contents CONTENTS_SOLID 
Candidate brush IDs: 


FindPortalSide: Couldn't find a good match for which brush to assign to a portal near (512.0 1024.0 -8.0)
Leaf 0 contents: CONTENTS_SOLID 
Leaf 1 contents: 
viscontents (node 0 contents ^ node 1 contents): CONTENTS_SOLID 
This means that none of the brushes in leaf 0 or 1 that touches the portal has CONTENTS_SOLID 
Check for a huge brush enclosing the coordinates above that has contents CONTENTS_SOLID 
Candidate brush IDs: 


FindPortalSide: Couldn't find a good match for which brush to assign to a portal near (512.0 2048.0 32.0)
Leaf 0 contents: 
Leaf 1 contents: CONTENTS_SOLID 
viscontents (node 0 contents ^ node 1 contents): CONTENTS_SOLID 
This means that none of the brushes in leaf 0 or 1 that touches the portal has CONTENTS_SOLID 
Check for a huge brush enclosing the coordinates above that has contents CONTENTS_SOLID 
Candidate brush IDs: 


FindPortalSide: Couldn't find a good match for which brush to assign to a portal near (-512.0 1024.0 72.0)
Leaf 0 contents: CONTENTS_SOLID 
Leaf 1 contents: 
viscontents (node 0 contents ^ node 1 contents): CONTENTS_SOLID 
This means that none of the brushes in leaf 0 or 1 that touches the portal has CONTENTS_SOLID 
Check for a huge brush enclosing the coordinates above that has contents CONTENTS_SOLID 
Candidate brush IDs: 


FindPortalSide: Couldn't find a good match for which brush to assign to a portal near (-512.0 1024.0 -8.0)
Leaf 0 contents: CONTENTS_SOLID 
Leaf 1 contents: 
viscontents (node 0 contents ^ node 1 contents): CONTENTS_SOLID 
This means that none of the brushes in leaf 0 or 1 that touches the portal has CONTENTS_SOLID 
Check for a huge brush enclosing the coordinates above that has contents CONTENTS_SOLID 
Candidate brush IDs: 


FindPortalSide: Couldn't find a good match for which brush to assign to a portal near (-512.0 2048.0 32.0)
Leaf 0 contents: 
Leaf 1 contents: CONTENTS_SOLID 
viscontents (node 0 contents ^ node 1 contents): CONTENTS_SOLID 
This means that none of the brushes in leaf 0 or 1 that touches the portal has CONTENTS_SOLID 
Check for a huge brush enclosing the coordinates above that has contents CONTENTS_SOLID 
Candidate brush IDs: 

*** Suppressing further FindPortalSide errors.... ***
Processing areas...done (0)
Building Faces...done (0)
FixTjuncs...
PruneNodes...
WriteBSP...
done (0)
*** Error: Skybox vtf files for skybox/sky_tf2_04 weren't compiled with the same size texture and/or same flags!
Can't load skybox file skybox/sky_tf2_04 to build the default cubemap!
*** Error: Skybox vtf files for skybox/sky_tf2_04 weren't compiled with the same size texture and/or same flags!
Can't load skybox file skybox/sky_tf2_04 to build the default cubemap!
Finding displacement neighbors...
Finding lightmap sample positions...
Displacement Alpha : 0...1...2...3...4...5...6...7...8...9...10
Building Physics collision data...
done (0) (578 bytes)
Placing detail props : 0...1...2...3...4...5...6...7...8...9...10
Compacting texture/material tables...
Reduced 3 texinfos to 3
Reduced 1 texdatas to 1 (40 bytes to 40)
Writing C:\Program Files (x86)\Steam\steamapps\sourcemods\tea_for_two_git\maps\ad_blastproof.bsp
ZIP Output overshot buffer estimate: Estimated 0, actual 54
0 seconds elapsed



materialPath: C:\Program Files (x86)\Steam\steamapps\sourcemods\tea_for_two_git\materials
Loading C:\Program Files (x86)\Steam\steamapps\sourcemods\tea_for_two_git\maps\ad_blastproof.vmf
Could not locate 'GameData' key in c:\program files (x86)\steam\steamapps\sourcemods\tea_for_two_git\gameinfo.txt
fixing up env_cubemap materials on brush sides...
0...1...2...3...4...5...6...7...8...9...10**** leaked ****

FindPortalSide: Couldn't find a good match for which brush to assign to a portal near (1536.0 2048.0 -384.0)
Leaf 0 contents: 
Leaf 1 contents: CONTENTS_SOLID 
viscontents (node 0 contents ^ node 1 contents): CONTENTS_SOLID 
This means that none of the brushes in leaf 0 or 1 that touches the portal has CONTENTS_SOLID 
Check for a huge brush enclosing the coordinates above that has contents CONTENTS_SOLID 
Candidate brush IDs: 


FindPortalSide: Couldn't find a good match for which brush to assign to a portal near (2048.0 1536.0 -384.0)
Leaf 0 contents: 
Leaf 1 contents: CONTENTS_SOLID 
viscontents (node 0 contents ^ node 1 contents): CONTENTS_SOLID 
This means that none of the brushes in leaf 0 or 1 that touches the portal has CONTENTS_SOLID 
Check for a huge brush enclosing the coordinates above that has contents CONTENTS_SOLID 
Candidate brush IDs: 


FindPortalSide: Couldn't find a good match for which brush to assign to a portal near (512.0 1024.0 136.0)
Leaf 0 contents: CONTENTS_SOLID 
Leaf 1 contents: 
viscontents (node 0 contents ^ node 1 contents): CONTENTS_SOLID 
This means that none of the brushes in leaf 0 or 1 that touches the portal has CONTENTS_SOLID 
Check for a huge brush enclosing the coordinates above that has contents CONTENTS_SOLID 
Candidate brush IDs: 


FindPortalSide: Couldn't find a good match for which brush to assign to a portal near (512.0 1024.0 -1032.0)
Leaf 0 contents: CONTENTS_SOLID 
Leaf 1 contents: 
viscontents (node 0 contents ^ node 1 contents): CONTENTS_SOLID 
This means that none of the brushes in leaf 0 or 1 that touches the portal has CONTENTS_SOLID 
Check for a huge brush enclosing the coordinates above that has contents CONTENTS_SOLID 
Candidate brush IDs: 


FindPortalSide: Couldn't find a good match for which brush to assign to a portal near (512.0 2048.0 -384.0)
Leaf 0 contents: 
Leaf 1 contents: CONTENTS_SOLID 
viscontents (node 0 contents ^ node 1 contents): CONTENTS_SOLID 
This means that none of the brushes in leaf 0 or 1 that touches the portal has CONTENTS_SOLID 
Check for a huge brush enclosing the coordinates above that has contents CONTENTS_SOLID 
Candidate brush IDs: 


FindPortalSide: Couldn't find a good match for which brush to assign to a portal near (-512.0 1024.0 -1032.0)
Leaf 0 contents: CONTENTS_SOLID 
Leaf 1 contents: 
viscontents (node 0 contents ^ node 1 contents): CONTENTS_SOLID 
This means that none of the brushes in leaf 0 or 1 that touches the portal has CONTENTS_SOLID 
Check for a huge brush enclosing the coordinates above that has contents CONTENTS_SOLID 
Candidate brush IDs: 


FindPortalSide: Couldn't find a good match for which brush to assign to a portal near (-640.0 1024.0 264.0)
Leaf 0 contents: CONTENTS_SOLID 
Leaf 1 contents: 
viscontents (node 0 contents ^ node 1 contents): CONTENTS_SOLID 
This means that none of the brushes in leaf 0 or 1 that touches the portal has CONTENTS_SOLID 
Check for a huge brush enclosing the coordinates above that has contents CONTENTS_SOLID 
Candidate brush IDs: 


FindPortalSide: Couldn't find a good match for which brush to assign to a portal near (-256.0 1024.0 136.0)
Leaf 0 contents: CONTENTS_SOLID 
Leaf 1 contents: 
viscontents (node 0 contents ^ node 1 contents): CONTENTS_SOLID 
This means that none of the brushes in leaf 0 or 1 that touches the portal has CONTENTS_SOLID 
Check for a huge brush enclosing the coordinates above that has contents CONTENTS_SOLID 
Candidate brush IDs: 

*** Suppressing further FindPortalSide errors.... ***
Processing areas...done (0)
Building Faces...done (0)
FixTjuncs...
PruneNodes...
WriteBSP...
done (0)
*** Error: Skybox vtf files for skybox/sky_upward weren't compiled with the same size texture and/or same flags!
Can't load skybox file skybox/sky_upward to build the default cubemap!
*** Error: Skybox vtf files for skybox/sky_upward weren't compiled with the same size texture and/or same flags!
Can't load skybox file skybox/sky_upward to build the default cubemap!
Finding displacement neighbors...
Finding lightmap sample positions...
Displacement Alpha : 0...1...2...3...4...5...6...7...8...9...10
Building Physics collision data...
done (0) (970 bytes)
Placing detail props : 0...1...2...3...4...5...6...7...8...9...10
Compacting texture/material tables...
Reduced 3 texinfos to 3
Reduced 1 texdatas to 1 (26 bytes to 26)
Writing C:\Program Files (x86)\Steam\steamapps\sourcemods\tea_for_two_git\maps\ad_blastproof.bsp
ZIP Output overshot buffer estimate: Estimated 0, actual 54
0 seconds elapsed



materialPath: C:\Program Files (x86)\Steam\steamapps\sourcemods\tea_for_two_git\materials
Loading C:\Program Files (x86)\Steam\steamapps\sourcemods\tea_for_two_git\maps\ad_blastproof.vmf
Could not locate 'GameData' key in c:\program files (x86)\steam\steamapps\sourcemods\tea_for_two_git\gameinfo.txt
fixing up env_cubemap materials on brush sides...
0...1...2...3...4...5...6...7...8...9...10**** leaked ****
Processing areas...done (0)
Building Faces...done (0)
FixTjuncs...
PruneNodes...
WriteBSP...
done (0)
*** Error: Skybox vtf files for skybox/sky_upward weren't compiled with the same size texture and/or same flags!
Can't load skybox file skybox/sky_upward to build the default cubemap!
*** Error: Skybox vtf files for skybox/sky_upward weren't compiled with the same size texture and/or same flags!
Can't load skybox file skybox/sky_upward to build the default cubemap!
Finding displacement neighbors...
Finding lightmap sample positions...
Displacement Alpha : 0...1...2...3...4...5...6...7...8...9...10
Building Physics collision data...
done (0) (3087 bytes)
Placing detail props : 0...1...2...3...4...5...6...7...8...9...10
Compacting texture/material tables...
Reduced 6 texinfos to 4
Reduced 2 texdatas to 2 (46 bytes to 46)
Writing C:\Program Files (x86)\Steam\steamapps\sourcemods\tea_for_two_git\maps\ad_blastproof.bsp
ZIP Output overshot buffer estimate: Estimated 0, actual 54
0 seconds elapsed



materialPath: C:\Program Files (x86)\Steam\steamapps\sourcemods\tea_for_two_git\materials
Loading C:\Program Files (x86)\Steam\steamapps\sourcemods\tea_for_two_git\maps\ad_blastproof.vmf
*** Encountered VTF file with an invalid minor version!
*** Encountered VTF file with an invalid full header!
Error reading material "materials/ad_blastproof/obsidiancheckerboardpixel.vtf"
*** Encountered VTF file with an invalid minor version!
*** Encountered VTF file with an invalid full header!
Error reading material "materials/ad_blastproof/obsidiancheckerboardpixel.vtf"
*** Encountered VTF file with an invalid minor version!
*** Encountered VTF file with an invalid full header!
Error reading material "materials/ad_blastproof/obsidiancheckerboardpixel.vtf"
Could not locate 'GameData' key in c:\program files (x86)\steam\steamapps\sourcemods\tea_for_two_git\gameinfo.txt
fixing up env_cubemap materials on brush sides...
0...1...2...3...4...5...6...7...8...9...10**** leaked ****
Processing areas...done (0)
Building Faces...done (0)
FixTjuncs...
PruneNodes...
WriteBSP...
done (0)
*** Error: Skybox vtf files for skybox/sky_upward weren't compiled with the same size texture and/or same flags!
Can't load skybox file skybox/sky_upward to build the default cubemap!
*** Error: Skybox vtf files for skybox/sky_upward weren't compiled with the same size texture and/or same flags!
Can't load skybox file skybox/sky_upward to build the default cubemap!
Finding displacement neighbors...
Finding lightmap sample positions...
Displacement Alpha : 0...1...2...3...4...5...6...7...8...9...10
Building Physics collision data...
done (0) (3087 bytes)
Placing detail props : 0...1...2...3...4...5...6...7...8...9...10
Compacting texture/material tables...
Reduced 6 texinfos to 4
Reduced 2 texdatas to 2 (60 bytes to 60)
Writing C:\Program Files (x86)\Steam\steamapps\sourcemods\tea_for_two_git\maps\ad_blastproof.bsp
ZIP Output overshot buffer estimate: Estimated 0, actual 54
0 seconds elapsed



materialPath: C:\Program Files (x86)\Steam\steamapps\sourcemods\tea_for_two_git\materials
Loading C:\Program Files (x86)\Steam\steamapps\sourcemods\tea_for_two_git\maps\ad_blastproof.vmf
*** Encountered VTF file with an invalid minor version!
*** Encountered VTF file with an invalid full header!
Error reading material "materials/ad_blastproof/obsidianpixel.vtf"
*** Encountered VTF file with an invalid minor version!
*** Encountered VTF file with an invalid full header!
Error reading material "materials/ad_blastproof/obsidianpixel.vtf"
*** Encountered VTF file with an invalid minor version!
*** Encountered VTF file with an invalid full header!
Error reading material "materials/ad_blastproof/obsidianpixel.vtf"
Could not locate 'GameData' key in c:\program files (x86)\steam\steamapps\sourcemods\tea_for_two_git\gameinfo.txt
fixing up env_cubemap materials on brush sides...
0...1...2...3...4...5...6...7...8...9...10**** leaked ****
Processing areas...done (0)
Building Faces...done (0)
FixTjuncs...
PruneNodes...
WriteBSP...
done (0)
*** Error: Skybox vtf files for skybox/sky_upward weren't compiled with the same size texture and/or same flags!
Can't load skybox file skybox/sky_upward to build the default cubemap!
*** Error: Skybox vtf files for skybox/sky_upward weren't compiled with the same size texture and/or same flags!
Can't load skybox file skybox/sky_upward to build the default cubemap!
Finding displacement neighbors...
Finding lightmap sample positions...
Displacement Alpha : 0...1...2...3...4...5...6...7...8...9...10
Building Physics collision data...
done (0) (3087 bytes)
Placing detail props : 0...1...2...3...4...5...6...7...8...9...10
Compacting texture/material tables...
Reduced 6 texinfos to 4
Reduced 2 texdatas to 2 (48 bytes to 48)
Writing C:\Program Files (x86)\Steam\steamapps\sourcemods\tea_for_two_git\maps\ad_blastproof.bsp
ZIP Output overshot buffer estimate: Estimated 0, actual 54
0 seconds elapsed



materialPath: C:\Program Files (x86)\Steam\steamapps\sourcemods\tea_for_two_git\materials
Loading C:\Program Files (x86)\Steam\steamapps\sourcemods\tea_for_two_git\maps\ad_blastproof.vmf
Could not locate 'GameData' key in c:\program files (x86)\steam\steamapps\sourcemods\tea_for_two_git\gameinfo.txt
fixing up env_cubemap materials on brush sides...
0...1...2...3...4...5...6...7...8...9...100...1...2...3...4...5...6...7...8...9...10Processing areas...done (0)
Building Faces...done (0)
FixTjuncs...
PruneNodes...
WriteBSP...
done (0)
writing C:\Program Files (x86)\Steam\steamapps\sourcemods\tea_for_two_git\maps\ad_blastproof.prt...Building visibility clusters...
done (0)
*** Error: Skybox vtf files for skybox/sky_upward weren't compiled with the same size texture and/or same flags!
Can't load skybox file skybox/sky_upward to build the default cubemap!
*** Error: Skybox vtf files for skybox/sky_upward weren't compiled with the same size texture and/or same flags!
Can't load skybox file skybox/sky_upward to build the default cubemap!
Finding displacement neighbors...
Finding lightmap sample positions...
Displacement Alpha : 0...1...2...3...4...5...6...7...8...9...10
Building Physics collision data...
done (0) (10505 bytes)
Placing detail props : 0...1...2...3...4...5...6...7...8...9...10
Compacting texture/material tables...
Reduced 14 texinfos to 8
Reduced 5 texdatas to 4 (134 bytes to 87)
Writing C:\Program Files (x86)\Steam\steamapps\sourcemods\tea_for_two_git\maps\ad_blastproof.bsp
Wrote ZIP buffer, estimated size 458, actual size 378
0 seconds elapsed



materialPath: C:\Program Files (x86)\Steam\steamapps\sourcemods\tea_for_two_git\materials
Loading C:\Program Files (x86)\Steam\steamapps\sourcemods\tea_for_two_git\maps\ad_blastproof.vmf
Could not locate 'GameData' key in c:\program files (x86)\steam\steamapps\sourcemods\tea_for_two_git\gameinfo.txt
fixing up env_cubemap materials on brush sides...
0...1...2...3...4...5...6...7...8...9...100...1...2...3...4...5...6...7...8...9...10Processing areas...done (0)
Building Faces...done (0)
FixTjuncs...
PruneNodes...
WriteBSP...
done (0)
writing C:\Program Files (x86)\Steam\steamapps\sourcemods\tea_for_two_git\maps\ad_blastproof.prt...Building visibility clusters...
done (0)
*** Error: Skybox vtf files for skybox/sky_upward weren't compiled with the same size texture and/or same flags!
Can't load skybox file skybox/sky_upward to build the default cubemap!
*** Error: Skybox vtf files for skybox/sky_upward weren't compiled with the same size texture and/or same flags!
Can't load skybox file skybox/sky_upward to build the default cubemap!
Finding displacement neighbors...
Finding lightmap sample positions...
Displacement Alpha : 0...1...2...3...4...5...6...7...8...9...10
Building Physics collision data...
done (0) (10849 bytes)
Placing detail props : 0...1...2...3...4...5...6...7...8...9...10
Compacting texture/material tables...
Reduced 14 texinfos to 8
Reduced 5 texdatas to 4 (134 bytes to 87)
Writing C:\Program Files (x86)\Steam\steamapps\sourcemods\tea_for_two_git\maps\ad_blastproof.bsp
Wrote ZIP buffer, estimated size 458, actual size 378
0 seconds elapsed



materialPath: C:\Program Files (x86)\Steam\steamapps\sourcemods\tea_for_two_git\materials
Loading C:\Program Files (x86)\Steam\steamapps\sourcemods\tea_for_two_git\maps\ad_blastproof.vmf
Could not locate 'GameData' key in c:\program files (x86)\steam\steamapps\sourcemods\tea_for_two_git\gameinfo.txt
fixing up env_cubemap materials on brush sides...
0...1...2...3...4...5...6...7...8...9...100...1...2...3...4...5...6...7...8...9...10Processing areas...done (0)
Building Faces...done (0)
FixTjuncs...
PruneNodes...
WriteBSP...
done (0)
writing C:\Program Files (x86)\Steam\steamapps\sourcemods\tea_for_two_git\maps\ad_blastproof.prt...Building visibility clusters...
done (0)
*** Error: Skybox vtf files for skybox/sky_upward weren't compiled with the same size texture and/or same flags!
Can't load skybox file skybox/sky_upward to build the default cubemap!
*** Error: Skybox vtf files for skybox/sky_upward weren't compiled with the same size texture and/or same flags!
Can't load skybox file skybox/sky_upward to build the default cubemap!
Finding displacement neighbors...
Finding lightmap sample positions...
Displacement Alpha : 0...1...2...3...4...5...6...7...8...9...10
Building Physics collision data...
done (0) (10849 bytes)
Placing detail props : 0...1...2...3...4...5...6...7...8...9...10
Compacting texture/material tables...
Reduced 16 texinfos to 10
Reduced 7 texdatas to 6 (172 bytes to 125)
Writing C:\Program Files (x86)\Steam\steamapps\sourcemods\tea_for_two_git\maps\ad_blastproof.bsp
Wrote ZIP buffer, estimated size 458, actual size 378
0 seconds elapsed



materialPath: C:\Program Files (x86)\Steam\steamapps\sourcemods\tea_for_two_git\materials
Loading C:\Program Files (x86)\Steam\steamapps\sourcemods\tea_for_two_git\maps\ad_blastproof.vmf
Could not locate 'GameData' key in c:\program files (x86)\steam\steamapps\sourcemods\tea_for_two_git\gameinfo.txt
fixing up env_cubemap materials on brush sides...
0...1...2...3...4...5...6...7...8...9...100...1...2...3...4...5...6...7...8...9...10Processing areas...done (0)
Building Faces...done (0)
FixTjuncs...
PruneNodes...
WriteBSP...
done (0)
writing C:\Program Files (x86)\Steam\steamapps\sourcemods\tea_for_two_git\maps\ad_blastproof.prt...Building visibility clusters...
done (0)
*** Error: Skybox vtf files for skybox/sky_upward weren't compiled with the same size texture and/or same flags!
Can't load skybox file skybox/sky_upward to build the default cubemap!
*** Error: Skybox vtf files for skybox/sky_upward weren't compiled with the same size texture and/or same flags!
Can't load skybox file skybox/sky_upward to build the default cubemap!
Finding displacement neighbors...
Finding lightmap sample positions...
Displacement Alpha : 0...1...2...3...4...5...6...7...8...9...10
Building Physics collision data...
done (0) (11241 bytes)
Placing detail props : 0...1...2...3...4...5...6...7...8...9...10
Compacting texture/material tables...
Reduced 16 texinfos to 10
Reduced 7 texdatas to 6 (172 bytes to 125)
Writing C:\Program Files (x86)\Steam\steamapps\sourcemods\tea_for_two_git\maps\ad_blastproof.bsp
Wrote ZIP buffer, estimated size 458, actual size 378
0 seconds elapsed



materialPath: C:\Program Files (x86)\Steam\steamapps\sourcemods\tea_for_two_git\materials
Loading C:\Program Files (x86)\Steam\steamapps\sourcemods\tea_for_two_git\maps\ad_blastproof.vmf
Could not locate 'GameData' key in c:\program files (x86)\steam\steamapps\sourcemods\tea_for_two_git\gameinfo.txt
fixing up env_cubemap materials on brush sides...
0...1...2...3...4...5...6...7...8...9...100...1...2...3...4...5...6...7...8...9...10Processing areas...done (0)
Building Faces...done (0)
FixTjuncs...
PruneNodes...
WriteBSP...
done (0)
writing C:\Program Files (x86)\Steam\steamapps\sourcemods\tea_for_two_git\maps\ad_blastproof.prt...Building visibility clusters...
done (0)
*** Error: Skybox vtf files for skybox/sky_upward weren't compiled with the same size texture and/or same flags!
Can't load skybox file skybox/sky_upward to build the default cubemap!
*** Error: Skybox vtf files for skybox/sky_upward weren't compiled with the same size texture and/or same flags!
Can't load skybox file skybox/sky_upward to build the default cubemap!
Finding displacement neighbors...
Finding lightmap sample positions...
Displacement Alpha : 0...1...2...3...4...5...6...7...8...9...10
Building Physics collision data...
done (0) (11633 bytes)
Placing detail props : 0...1...2...3...4...5...6...7...8...9...10
Compacting texture/material tables...
Reduced 16 texinfos to 10
Reduced 7 texdatas to 6 (172 bytes to 125)
Writing C:\Program Files (x86)\Steam\steamapps\sourcemods\tea_for_two_git\maps\ad_blastproof.bsp
Wrote ZIP buffer, estimated size 458, actual size 378
0 seconds elapsed



materialPath: C:\Program Files (x86)\Steam\steamapps\sourcemods\tea_for_two_git\materials
Loading C:\Program Files (x86)\Steam\steamapps\sourcemods\tea_for_two_git\maps\ad_blastproof.vmf
Could not locate 'GameData' key in c:\program files (x86)\steam\steamapps\sourcemods\tea_for_two_git\gameinfo.txt
fixing up env_cubemap materials on brush sides...
0...1...2...3...4...5...6...7...8...9...100...1...2...3...4...5...6...7...8...9...10Processing areas...done (0)
Building Faces...done (0)
FixTjuncs...
PruneNodes...
WriteBSP...
done (0)
writing C:\Program Files (x86)\Steam\steamapps\sourcemods\tea_for_two_git\maps\ad_blastproof.prt...Building visibility clusters...
done (0)
*** Error: Skybox vtf files for skybox/sky_upward weren't compiled with the same size texture and/or same flags!
Can't load skybox file skybox/sky_upward to build the default cubemap!
*** Error: Skybox vtf files for skybox/sky_upward weren't compiled with the same size texture and/or same flags!
Can't load skybox file skybox/sky_upward to build the default cubemap!
Finding displacement neighbors...
Finding lightmap sample positions...
Displacement Alpha : 0...1...2...3...4...5...6...7...8...9...10
Building Physics collision data...
done (0) (11241 bytes)
Placing detail props : 0...1...2...3...4...5...6...7...8...9...10
Compacting texture/material tables...
Reduced 16 texinfos to 10
Reduced 7 texdatas to 6 (172 bytes to 125)
Writing C:\Program Files (x86)\Steam\steamapps\sourcemods\tea_for_two_git\maps\ad_blastproof.bsp
Wrote ZIP buffer, estimated size 458, actual size 378
0 seconds elapsed



materialPath: C:\Program Files (x86)\Steam\steamapps\sourcemods\tea_for_two_git\materials
Loading C:\Program Files (x86)\Steam\steamapps\sourcemods\tea_for_two_git\maps\ad_blastproof.vmf
Could not locate 'GameData' key in c:\program files (x86)\steam\steamapps\sourcemods\tea_for_two_git\gameinfo.txt
fixing up env_cubemap materials on brush sides...
0...1...2...3...4...5...6...7...8...9...100...1...2...3...4...5...6...7...8...9...10Processing areas...done (0)
Building Faces...done (0)
FixTjuncs...
PruneNodes...
WriteBSP...
done (0)
writing C:\Program Files (x86)\Steam\steamapps\sourcemods\tea_for_two_git\maps\ad_blastproof.prt...Building visibility clusters...
done (0)
*** Error: Skybox vtf files for skybox/sky_upward weren't compiled with the same size texture and/or same flags!
Can't load skybox file skybox/sky_upward to build the default cubemap!
*** Error: Skybox vtf files for skybox/sky_upward weren't compiled with the same size texture and/or same flags!
Can't load skybox file skybox/sky_upward to build the default cubemap!
Finding displacement neighbors...
Finding lightmap sample positions...
Displacement Alpha : 0...1...2...3...4...5...6...7...8...9...10
Building Physics collision data...
done (0) (11633 bytes)
Placing detail props : 0...1...2...3...4...5...6...7...8...9...10
Compacting texture/material tables...
Reduced 16 texinfos to 10
Reduced 7 texdatas to 6 (172 bytes to 125)
Writing C:\Program Files (x86)\Steam\steamapps\sourcemods\tea_for_two_git\maps\ad_blastproof.bsp
Wrote ZIP buffer, estimated size 458, actual size 378
0 seconds elapsed
