PRT1
244
703
4 0 4 (3104 3072 704 ) (3104 3072 2048 ) (3072 3072 2048 ) (3072 3072 704 ) 
4 0 1 (3072 3072 704 ) (3072 3072 2048 ) (3072 3104 2048 ) (3072 3104 704 ) 
4 1 7 (3072 3072 704 ) (3072 3072 2048 ) (2048 3072 2048 ) (2048 3072 704 ) 
4 1 2 (2048 3072 704 ) (2048 3072 2048 ) (2048 3104 2048 ) (2048 3104 704 ) 
4 2 8 (2048 3072 704 ) (2048 3072 2048 ) (1024 3072 2048 ) (1024 3072 704 ) 
4 2 3 (1024 3072 704 ) (1024 3072 2048 ) (1024 3104 2048 ) (1024 3104 704 ) 
4 3 16 (0 3072 704 ) (0 3072 2048 ) (0 3104 2048 ) (0 3104 704 ) 
4 3 9 (1024 3072 704 ) (1024 3072 2048 ) (0 3072 2048 ) (0 3072 704 ) 
4 4 7 (3072 3072 2048 ) (3072 3072 704 ) (3072 2048 704 ) (3072 2048 2048 ) 
4 4 5 (3104 2048 704 ) (3104 2048 2048 ) (3072 2048 2048 ) (3072 2048 704 ) 
4 5 10 (3072 1024 704 ) (3072 1024 2048 ) (3072 2048 2048 ) (3072 2048 704 ) 
4 5 6 (3072 1024 2048 ) (3072 1024 704 ) (3104 1024 704 ) (3104 1024 2048 ) 
4 6 82 (3104 0 704 ) (3104 0 2048 ) (3072 0 2048 ) (3072 0 704 ) 
4 6 11 (3072 0 704 ) (3072 0 2048 ) (3072 1024 2048 ) (3072 1024 704 ) 
4 7 10 (3072 2048 -144 ) (3072 2048 2048 ) (2048 2048 2048 ) (2048 2048 -144 ) 
4 7 8 (2048 3072 2048 ) (2048 3072 -144 ) (2048 2048 -144 ) (2048 2048 2048 ) 
4 8 12 (2048 2048 -144 ) (2048 2048 2048 ) (1024 2048 2048 ) (1024 2048 -144 ) 
4 8 9 (1024 2048 -144 ) (1024 2048 2048 ) (1024 3072 2048 ) (1024 3072 -144 ) 
4 9 24 (0 2048 -144 ) (0 2048 -128.434006 ) (0 3072 -128.434006 ) (0 3072 -144 ) 
4 9 23 (0 2048 -128.434006 ) (0 2048 256 ) (0 2176 256 ) (0 2176 -128.434006 ) 
4 9 21 (0 2176 256 ) (0 3072 256 ) (0 3072 -128.434006 ) (0 2176 -128.434006 ) 
4 9 20 (0 2048 256 ) (0 2048 2048 ) (0 3072 2048 ) (0 3072 256 ) 
4 9 13 (1024 2048 -144 ) (1024 2048 2048 ) (0 2048 2048 ) (0 2048 -144 ) 
4 10 12 (2048 2048 2048 ) (2048 2048 -144 ) (2048 1024 -144 ) (2048 1024 2048 ) 
4 10 11 (3072 1024 -144 ) (3072 1024 2048 ) (2048 1024 2048 ) (2048 1024 -144 ) 
4 11 84 (3072 0 -144 ) (3072 0 2048 ) (2048 0 2048 ) (2048 0 -144 ) 
4 11 14 (2048 0 -144 ) (2048 0 2048 ) (2048 1024 2048 ) (2048 1024 -144 ) 
4 12 14 (2048 1024 -144 ) (2048 1024 2048 ) (1024 1024 2048 ) (1024 1024 -144 ) 
4 12 13 (1024 2048 2048 ) (1024 2048 -144 ) (1024 1024 -144 ) (1024 1024 2048 ) 
4 13 33 (0 1024 -144 ) (0 1024 2048 ) (0 2048 2048 ) (0 2048 -144 ) 
4 13 15 (1024 1024 -144 ) (1024 1024 2048 ) (0 1024 2048 ) (0 1024 -144 ) 
4 14 88 (1216 0 384 ) (1024 0 384 ) (1024 0 -144 ) (1216 0 -144 ) 
4 14 87 (2048 0 -144 ) (2048 0 384 ) (1216 0 384 ) (1216 0 -144 ) 
4 14 86 (2048 0 384 ) (2048 0 2048 ) (1024 0 2048 ) (1024 0 384 ) 
4 14 15 (1024 1024 2048 ) (1024 1024 -144 ) (1024 0 -144 ) (1024 0 2048 ) 
4 15 97 (1024 0 -144 ) (1024 0 -128.434006 ) (0 0 -128.434006 ) (0 0 -144 ) 
4 15 96 (576 0 960 ) (0 0 960 ) (0 0 -128.434006 ) (576 0 -128.434006 ) 
4 15 92 (1024 0 -128.434006 ) (1024 0 960 ) (704 0 960 ) (704 0 -128.434006 ) 
4 15 95 (704 0 960 ) (576 0 960 ) (576 0 -128.434006 ) (704 0 -128.434006 ) 
4 15 91 (1024 0 960 ) (1024 0 2048 ) (0 0 2048 ) (0 0 960 ) 
4 15 46 (0 0 -144 ) (0 0 2048 ) (0 1024 2048 ) (0 1024 -144 ) 
4 16 20 (0 3072 704 ) (0 3072 2048 ) (-1024 3072 2048 ) (-1024 3072 704 ) 
4 16 17 (-1024 3072 704 ) (-1024 3072 2048 ) (-1024 3104 2048 ) (-1024 3104 704 ) 
4 17 25 (-1024 3072 704 ) (-1024 3072 2048 ) (-2048 3072 2048 ) (-2048 3072 704 ) 
4 17 18 (-2048 3072 704 ) (-2048 3072 2048 ) (-2048 3104 2048 ) (-2048 3104 704 ) 
4 18 56 (-2048 3072 704 ) (-2048 3072 2048 ) (-3072 3072 2048 ) (-3072 3072 704 ) 
4 18 19 (-3072 3072 704 ) (-3072 3072 2048 ) (-3072 3104 2048 ) (-3072 3104 704 ) 
4 19 59 (-3072 3072 704 ) (-3072 3072 2048 ) (-3104 3072 2048 ) (-3104 3072 704 ) 
4 20 33 (0 2048 256 ) (0 2048 2048 ) (-1024 2048 2048 ) (-1024 2048 256 ) 
4 20 28 (-1024 2432 256 ) (-1024 2176 256 ) (-1024 2176 512 ) (-1024 2432 512 ) 
4 20 27 (-1024 2944 256 ) (-1024 2688 256 ) (-1024 2688 512 ) (-1024 2944 512 ) 
4 20 25 (-1024 3072 2048 ) (-1024 3072 704 ) (-1024 2048 704 ) (-1024 2048 2048 ) 
4 20 23 (0 2048 256 ) (-512 2048 256 ) (-512 2176 256 ) (0 2176 256 ) 
4 20 21 (-512 3072 256 ) (0 3072 256 ) (0 2176 256 ) (-512 2176 256 ) 
4 21 24 (-512 3072 -128.434006 ) (0 3072 -128.434006 ) (0 2176 -128.434006 ) (-512 2176 -128.434006 ) 
4 21 23 (-512 2176 -128.434006 ) (0 2176 -128.434006 ) (0 2176 256 ) (-512 2176 256 ) 
4 22 30 (-1024 2944 -128.434006 ) (-1024 2176 -128.434006 ) (-1024 2176 224 ) (-1024 2944 224 ) 
4 22 24 (-1024 2176 -128.434006 ) (-1024 2944 -128.434006 ) (-640 2944 -128.434006 ) (-640 2176 -128.434006 ) 
4 23 33 (0 2048 -128.434006 ) (0 2048 256 ) (-512 2048 256 ) (-512 2048 -128.434006 ) 
4 23 24 (-512 2176 -128.434006 ) (0 2176 -128.434006 ) (0 2048 -128.434006 ) (-512 2048 -128.434006 ) 
4 24 33 (0 2048 -144 ) (0 2048 -128.434006 ) (-1024 2048 -128.434006 ) (-1024 2048 -144 ) 
4 24 32 (-1024 3072 -128.434006 ) (-1024 3072 -144 ) (-1024 2048 -144 ) (-1024 2048 -128.434006 ) 
4 25 56 (-2048 3072 2048 ) (-2048 3072 704 ) (-2048 2048 704 ) (-2048 2048 2048 ) 
4 25 34 (-1024 2048 704 ) (-1024 2048 2048 ) (-2048 2048 2048 ) (-2048 2048 704 ) 
4 26 58 (-2048 3072 640 ) (-2048 3072 512 ) (-2048 2048 512 ) (-2048 2048 640 ) 
4 26 35 (-1152 2048 640 ) (-2048 2048 640 ) (-2048 2048 512 ) (-1152 2048 512 ) 
4 26 29 (-1152 2048 512 ) (-2048 2048 512 ) (-2048 3072 512 ) (-1152 3072 512 ) 
4 27 29 (-1152 2944 256 ) (-1152 2688 256 ) (-1152 2688 512 ) (-1152 2944 512 ) 
4 28 29 (-1152 2432 256 ) (-1152 2176 256 ) (-1152 2176 512 ) (-1152 2432 512 ) 
4 29 58 (-2048 3072 512 ) (-2048 3072 256 ) (-2048 2048 256 ) (-2048 2048 512 ) 
4 29 39 (-2048 2048 256.434021 ) (-2048 2048 256 ) (-1152 2048 256 ) (-1152 2048 256.434021 ) 
4 29 37 (-1152 2048 512 ) (-2048 2048 512 ) (-2048 2048 256.434021 ) (-1152 2048 256.434021 ) 
4 29 31 (-2048 3072 256 ) (-1152 3072 256 ) (-1152 2048 256 ) (-2048 2048 256 ) 
4 30 32 (-1152 2176 -128.434006 ) (-1152 2944 -128.434006 ) (-1024 2944 -128.434006 ) (-1024 2176 -128.434006 ) 
4 30 31 (-1152 2944 -128.434006 ) (-1152 2176 -128.434006 ) (-1152 2176 224 ) (-1152 2944 224 ) 
4 31 58 (-2048 3072 256 ) (-2048 3072 -128.434006 ) (-2048 2048 -128.434006 ) (-2048 2048 256 ) 
4 31 39 (-1152 2048 256 ) (-2048 2048 256 ) (-2048 2048 -128.434006 ) (-1152 2048 -128.434006 ) 
4 31 32 (-1152 2048 -128.434006 ) (-2048 2048 -128.434006 ) (-2048 3072 -128.434006 ) (-1152 3072 -128.434006 ) 
4 32 58 (-2048 3072 -128.434006 ) (-2048 3072 -144 ) (-2048 2048 -144 ) (-2048 2048 -128.434006 ) 
4 32 38 (-1024 2048 -144 ) (-1024 2048 -128.434006 ) (-1152 2048 -128.434006 ) (-1152 2048 -144 ) 
4 32 39 (-1152 2048 -128.434006 ) (-2048 2048 -128.434006 ) (-2048 2048 -144 ) (-1152 2048 -144 ) 
4 33 47 (-896 1024 2048 ) (-1024 1024 2048 ) (-1024 1024 -144 ) (-896 1024 -144 ) 
4 33 46 (0 1024 -144 ) (0 1024 2048 ) (-896 1024 2048 ) (-896 1024 -144 ) 
4 33 44 (-1024 1024 -144 ) (-1024 1024 -128.434006 ) (-1024 1152 -128.434006 ) (-1024 1152 -144 ) 
4 33 43 (-1024 1408 384 ) (-1024 1408 -144 ) (-1024 1152 -144 ) (-1024 1152 384 ) 
4 33 41 (-1024 1664 -128.434006 ) (-1024 1664 -144 ) (-1024 1408 -144 ) (-1024 1408 -128.434006 ) 
4 33 38 (-1024 2048 -128 ) (-1024 2048 -144 ) (-1024 1664 -144 ) (-1024 1664 -128 ) 
4 33 36 (-1024 1920 256.434021 ) (-1024 1664 256.434021 ) (-1024 1664 512 ) (-1024 1920 512 ) 
4 33 34 (-1024 1024 704 ) (-1024 1024 2048 ) (-1024 2048 2048 ) (-1024 2048 704 ) 
4 34 60 (-2048 1024 704 ) (-2048 1024 2048 ) (-2048 2048 2048 ) (-2048 2048 704 ) 
4 34 50 (-2048 1024 2048 ) (-2048 1024 704 ) (-1024 1024 704 ) (-1024 1024 2048 ) 
4 35 61 (-2048 1664 512 ) (-2048 1664 640 ) (-2048 2048 640 ) (-2048 2048 512 ) 
4 35 40 (-1152 1664 640 ) (-2048 1664 640 ) (-2048 1664 512 ) (-1152 1664 512 ) 
4 35 37 (-1152 1664 512 ) (-2048 1664 512 ) (-2048 2048 512 ) (-1152 2048 512 ) 
4 36 37 (-1152 1920 256.434021 ) (-1152 1664 256.434021 ) (-1152 1664 512 ) (-1152 1920 512 ) 
4 37 61 (-2048 1664 256.434021 ) (-2048 1664 512 ) (-2048 2048 512 ) (-2048 2048 256.434021 ) 
4 37 40 (-1152 1664 512 ) (-2048 1664 512 ) (-2048 1664 256.434021 ) (-1152 1664 256.434021 ) 
4 37 39 (-1152 1664 256.434021 ) (-2048 1664 256.434021 ) (-2048 2048 256.434021 ) (-1152 2048 256.434021 ) 
4 38 41 (-1024 1664 -144 ) (-1024 1664 -128.434006 ) (-1152 1664 -128.434006 ) (-1152 1664 -144 ) 
4 38 39 (-1152 2048 -144 ) (-1152 1664 -144 ) (-1152 1664 -128 ) (-1152 2048 -128 ) 
4 39 64 (-2048 1664 -144 ) (-2048 1664 -128.434006 ) (-2048 2048 -128.434006 ) (-2048 2048 -144 ) 
4 39 61 (-2048 1664 -128.434006 ) (-2048 1664 256.434021 ) (-2048 2048 256.434021 ) (-2048 2048 -128.434006 ) 
4 39 41 (-2048 1664 -128.434006 ) (-2048 1664 -144 ) (-1152 1664 -144 ) (-1152 1664 -128.434006 ) 
4 39 40 (-1152 1664 256.434021 ) (-2048 1664 256.434021 ) (-2048 1664 -128.434006 ) (-1152 1664 -128.434006 ) 
4 40 61 (-2048 1408 -128.434006 ) (-2048 1408 640 ) (-2048 1664 640 ) (-2048 1664 -128.434006 ) 
4 40 43 (-2048 1408 384 ) (-2048 1408 -128.434006 ) (-1152 1408 -128.434006 ) (-1152 1408 384 ) 
4 40 42 (-1152 1408 640 ) (-2048 1408 640 ) (-2048 1408 384 ) (-1152 1408 384 ) 
4 40 41 (-1152 1408 -128.434006 ) (-2048 1408 -128.434006 ) (-2048 1664 -128.434006 ) (-1152 1664 -128.434006 ) 
4 41 64 (-2048 1408 -144 ) (-2048 1408 -128.434006 ) (-2048 1664 -128.434006 ) (-2048 1664 -144 ) 
4 41 43 (-1024 1408 -144 ) (-1024 1408 -128.434006 ) (-2048 1408 -128.434006 ) (-2048 1408 -144 ) 
4 42 61 (-2048 1152 384 ) (-2048 1152 640 ) (-2048 1408 640 ) (-2048 1408 384 ) 
4 42 43 (-1152 1152 384 ) (-2048 1152 384 ) (-2048 1408 384 ) (-1152 1408 384 ) 
4 43 64 (-2048 1152 -144 ) (-2048 1152 -128.434006 ) (-2048 1408 -128.434006 ) (-2048 1408 -144 ) 
4 43 61 (-2048 1152 -128.434006 ) (-2048 1152 384 ) (-2048 1408 384 ) (-2048 1408 -128.434006 ) 
4 43 45 (-2048 1152 128 ) (-2048 1152 -144 ) (-1920 1152 -144 ) (-1920 1152 128 ) 
4 43 44 (-1024 1152 -144 ) (-1024 1152 -128.434006 ) (-1920 1152 -128.434006 ) (-1920 1152 -144 ) 
4 44 55 (-1024 1024 -144 ) (-1024 1024 -128.434006 ) (-1920 1024 -128.434006 ) (-1920 1024 -144 ) 
4 44 45 (-1920 1152 -128.434006 ) (-1920 1152 -144 ) (-1920 1024 -144 ) (-1920 1024 -128.434006 ) 
4 45 64 (-2048 1024 -144 ) (-2048 1024 -128.434006 ) (-2048 1152 -128.434006 ) (-2048 1152 -144 ) 
4 45 62 (-2048 1024 -128.434006 ) (-2048 1024 128 ) (-2048 1152 128 ) (-2048 1152 -128.434006 ) 
4 45 55 (-2048 1024 -128.434006 ) (-2048 1024 -144 ) (-1920 1024 -144 ) (-1920 1024 -128.434006 ) 
4 45 54 (-2048 1024 128 ) (-2048 1024 -128.434006 ) (-1920 1024 -128.434006 ) (-1920 1024 128 ) 
4 46 122 (0 0 -144 ) (0 0 -128.434006 ) (-896 0 -128.434006 ) (-896 0 -144 ) 
4 46 117 (-832 0 2048 ) (-896 0 2048 ) (-896 0 -128.434006 ) (-832 0 -128.434006 ) 
4 46 115 (0 0 -128.434006 ) (0 0 2048 ) (-832 0 2048 ) (-832 0 -128.434006 ) 
4 46 48 (-896 0 128 ) (-896 0 2048 ) (-896 512 2048 ) (-896 512 128 ) 
4 46 49 (-896 512 -144 ) (-896 0 -144 ) (-896 0 -128.434006 ) (-896 512 -128.434006 ) 
4 46 47 (-896 1024 -144 ) (-896 512 -144 ) (-896 512 2048 ) (-896 1024 2048 ) 
4 47 55 (-1024 1024 -128.434006 ) (-1024 1024 -144 ) (-1024 512 -144 ) (-1024 512 -128.434006 ) 
4 47 53 (-1024 1024 128 ) (-1024 1024 -128.434006 ) (-1024 512 -128.434006 ) (-1024 512 128 ) 
4 47 51 (-1024 1024 192 ) (-1024 1024 128 ) (-1024 512 128 ) (-1024 512 192 ) 
4 47 50 (-1024 1024 2048 ) (-1024 1024 192 ) (-1024 512 192 ) (-1024 512 2048 ) 
4 47 48 (-896 512 128 ) (-896 512 2048 ) (-1024 512 2048 ) (-1024 512 128 ) 
4 47 49 (-1024 512 -144 ) (-896 512 -144 ) (-896 512 -128.434006 ) (-1024 512 -128.434006 ) 
4 48 118 (-896 0 2048 ) (-1024 0 2048 ) (-1024 0 128 ) (-896 0 128 ) 
4 48 51 (-1024 0 128 ) (-1024 0 192 ) (-1024 512 192 ) (-1024 512 128 ) 
4 48 50 (-1024 0 192 ) (-1024 0 2048 ) (-1024 512 2048 ) (-1024 512 192 ) 
4 49 122 (-1024 0 -128.434006 ) (-1024 0 -144 ) (-896 0 -144 ) (-896 0 -128.434006 ) 
4 49 55 (-1024 512 -144 ) (-1024 0 -144 ) (-1024 0 -128.434006 ) (-1024 512 -128.434006 ) 
4 50 124 (-1024 0 192 ) (-1024 0 384 ) (-1792 0 384 ) (-1792 0 192 ) 
4 50 127 (-1792 0 384 ) (-2048 0 384 ) (-2048 0 192 ) (-1792 0 192 ) 
4 50 123 (-1024 0 384 ) (-1024 0 2048 ) (-2048 0 2048 ) (-2048 0 384 ) 
4 50 65 (-2048 0 192 ) (-2048 0 2048 ) (-2048 1024 2048 ) (-2048 1024 192 ) 
4 50 52 (-1952 0 192 ) (-2048 0 192 ) (-2048 960 192 ) (-1952 960 192 ) 
4 50 51 (-1024 0 192 ) (-1952 0 192 ) (-1952 1024 192 ) (-1024 1024 192 ) 
4 51 124 (-1024 0 128 ) (-1024 0 192 ) (-1792 0 192 ) (-1792 0 128 ) 
4 51 127 (-1792 0 192 ) (-1952 0 192 ) (-1952 0 128 ) (-1792 0 128 ) 
4 51 53 (-1792 1024 128 ) (-1024 1024 128 ) (-1024 512 128 ) (-1792 512 128 ) 
4 51 54 (-1952 1024 128 ) (-1792 1024 128 ) (-1792 0 128 ) (-1952 0 128 ) 
4 51 52 (-1952 1024 128 ) (-1952 0 128 ) (-1952 0 192 ) (-1952 960 192 ) 
4 52 127 (-1952 0 192 ) (-2048 0 192 ) (-2048 0 128 ) (-1952 0 128 ) 
4 52 66 (-2048 0 128 ) (-2048 0 192 ) (-2048 960 192 ) (-2048 1024 128 ) 
4 52 54 (-2048 0 128 ) (-2048 1024 128 ) (-1952 1024 128 ) (-1952 0 128 ) 
4 53 55 (-1792 512 -128.434006 ) (-1792 1024 -128.434006 ) (-1024 1024 -128.434006 ) (-1024 512 -128.434006 ) 
4 53 54 (-1792 1024 -128.434006 ) (-1792 512 -128.434006 ) (-1792 512 128 ) (-1792 1024 128 ) 
4 54 127 (-1792 0 128 ) (-2048 0 128 ) (-2048 0 -128.434006 ) (-1792 0 -128.434006 ) 
4 54 66 (-2048 0 -128.434006 ) (-2048 0 128 ) (-2048 1024 128 ) (-2048 1024 -128.434006 ) 
4 54 55 (-1792 0 -128.434006 ) (-2048 0 -128.434006 ) (-2048 1024 -128.434006 ) (-1792 1024 -128.434006 ) 
4 55 128 (-1024 0 -144 ) (-1024 0 -128.434006 ) (-2048 0 -128.434006 ) (-2048 0 -144 ) 
4 55 66 (-2048 0 -144 ) (-2048 0 -128.434006 ) (-2048 1024 -128.434006 ) (-2048 1024 -144 ) 
4 56 60 (-2048 2048 704 ) (-2048 2048 2048 ) (-3072 2048 2048 ) (-3072 2048 704 ) 
4 56 59 (-3072 3072 2048 ) (-3072 3072 704 ) (-3072 2048 704 ) (-3072 2048 2048 ) 
4 56 57 (-2560 3072 704 ) (-2080 3072 704 ) (-2080 2880 704 ) (-2560 2880 704 ) 
4 57 58 (-2560 3072 640 ) (-2080 3072 640 ) (-2080 2880 640 ) (-2560 2880 640 ) 
4 58 64 (-2048 2048 -144 ) (-2048 2048 -128.434006 ) (-3072 2048 -128.434006 ) (-3072 2048 -144 ) 
4 58 61 (-2048 2048 -128.434006 ) (-2048 2048 640 ) (-3072 2048 640 ) (-3072 2048 -128.434006 ) 
4 59 80 (-3072 2048 704 ) (-3072 2048 2048 ) (-3104 2048 2048 ) (-3104 2048 704 ) 
4 60 80 (-3072 2048 2048 ) (-3072 2048 704 ) (-3072 1024 704 ) (-3072 1024 2048 ) 
4 60 68 (-2304 1024 2048 ) (-3072 1024 2048 ) (-3072 1024 704 ) (-2304 1024 704 ) 
4 60 65 (-2048 1024 704 ) (-2048 1024 2048 ) (-2304 1024 2048 ) (-2304 1024 704 ) 
4 61 64 (-3072 1152 -128.434006 ) (-3072 2048 -128.434006 ) (-2048 2048 -128.434006 ) (-2048 1152 -128.434006 ) 
4 61 63 (-2560 1152 640 ) (-2816 1152 640 ) (-2816 1152 384 ) (-2560 1152 384 ) 
4 61 62 (-2176 1152 -128.434006 ) (-2048 1152 -128.434006 ) (-2048 1152 128 ) (-2176 1152 128 ) 
4 62 66 (-2048 1024 -128.434006 ) (-2048 1024 128 ) (-2144 1024 128 ) (-2144 1024 -128.434006 ) 
4 62 67 (-2144 1024 128 ) (-2176 1024 128 ) (-2176 1024 -128.434006 ) (-2144 1024 -128.434006 ) 
4 62 64 (-2048 1024 -128.434006 ) (-2176 1024 -128.434006 ) (-2176 1152 -128.434006 ) (-2048 1152 -128.434006 ) 
4 63 68 (-2560 1024 640 ) (-2816 1024 640 ) (-2816 1024 384 ) (-2560 1024 384 ) 
4 64 70 (-2304 1024 -128.434006 ) (-3072 1024 -128.434006 ) (-3072 1024 -144 ) (-2304 1024 -144 ) 
4 64 66 (-2048 1024 -144 ) (-2048 1024 -128.434006 ) (-2144 1024 -128.434006 ) (-2144 1024 -144 ) 
4 64 67 (-2144 1024 -128.434006 ) (-2304 1024 -128.434006 ) (-2304 1024 -144 ) (-2144 1024 -144 ) 
4 65 142 (-2048 0 192 ) (-2048 0 320 ) (-2304 0 320 ) (-2304 0 192 ) 
4 65 140 (-2048 0 320 ) (-2048 0 2048 ) (-2304 0 2048 ) (-2304 0 320 ) 
4 65 72 (-2304 384 192 ) (-2304 0 192 ) (-2304 0 320 ) (-2304 384 320 ) 
4 65 71 (-2304 0 384 ) (-2304 0 2048 ) (-2304 384 2048 ) (-2304 384 384 ) 
4 65 69 (-2304 384 384 ) (-2304 384 2048 ) (-2304 512 2048 ) (-2304 512 384 ) 
4 65 68 (-2304 1024 2048 ) (-2304 1024 192 ) (-2304 512 192 ) (-2304 512 2048 ) 
4 65 66 (-2048 0 192 ) (-2144 0 192 ) (-2144 960 192 ) (-2048 960 192 ) 
4 65 67 (-2144 0 192 ) (-2304 0 192 ) (-2304 1024 192 ) (-2144 1024 192 ) 
4 66 146 (-2048 0 -144 ) (-2048 0 -128 ) (-2144 0 -128 ) (-2144 0 -144 ) 
4 66 145 (-2048 0 -128 ) (-2048 0 -96 ) (-2144 0 -96 ) (-2144 0 -128 ) 
4 66 142 (-2048 0 -96 ) (-2048 0 192 ) (-2144 0 192 ) (-2144 0 -96 ) 
5 66 67 (-2144 1024 -144 ) (-2144 0 -144 ) (-2144 0 192 ) (-2144 960 192 ) (-2144 1024 128 ) 
4 67 146 (-2304 0 -128 ) (-2304 0 -144 ) (-2144 0 -144 ) (-2144 0 -128 ) 
4 67 145 (-2304 0 -96 ) (-2304 0 -128 ) (-2144 0 -128 ) (-2144 0 -96 ) 
4 67 142 (-2144 0 192 ) (-2304 0 192 ) (-2304 0 -96 ) (-2144 0 -96 ) 
4 67 78 (-2304 192 -144 ) (-2304 0 -144 ) (-2304 0 -128 ) (-2304 192 -128 ) 
4 67 77 (-2304 0 -96 ) (-2304 0 64 ) (-2304 128 64 ) (-2304 128 -96 ) 
4 67 76 (-2304 320 -144 ) (-2304 192 -144 ) (-2304 192 0 ) (-2304 320 0 ) 
4 67 75 (-2304 384 -144 ) (-2304 320 -144 ) (-2304 320 -128.434006 ) (-2304 384 -128.434006 ) 
4 67 72 (-2304 0 160 ) (-2304 0 192 ) (-2304 384 192 ) (-2304 384 160 ) 
4 67 70 (-2304 1024 -128.434006 ) (-2304 1024 -144 ) (-2304 384 -144 ) (-2304 384 -128.434006 ) 
4 67 68 (-2304 1024 192 ) (-2304 1024 -128.434006 ) (-2304 512 -128.434006 ) (-2304 512 192 ) 
4 68 81 (-3072 512 2048 ) (-3072 1024 2048 ) (-3072 1024 704 ) (-3072 512 704 ) 
4 68 70 (-3072 512 -128.434006 ) (-3072 1024 -128.434006 ) (-2304 1024 -128.434006 ) (-2304 512 -128.434006 ) 
4 68 69 (-2304 512 384 ) (-2304 512 2048 ) (-3072 512 2048 ) (-3072 512 384 ) 
4 69 81 (-3072 384 704 ) (-3072 384 2048 ) (-3072 512 2048 ) (-3072 512 704 ) 
4 69 71 (-2304 384 384 ) (-2304 384 2048 ) (-3072 384 2048 ) (-3072 384 384 ) 
4 70 79 (-2432 384 -128.434006 ) (-3072 384 -128.434006 ) (-3072 384 -144 ) (-2432 384 -144 ) 
4 70 75 (-2304 384 -144 ) (-2304 384 -128.434006 ) (-2432 384 -128.434006 ) (-2432 384 -144 ) 
4 71 147 (-2432 0 2048 ) (-3072 0 2048 ) (-3072 0 384 ) (-2432 0 384 ) 
4 71 141 (-2304 0 384 ) (-2304 0 2048 ) (-2432 0 2048 ) (-2432 0 384 ) 
4 71 81 (-3072 0 704 ) (-3072 0 2048 ) (-3072 384 2048 ) (-3072 384 704 ) 
4 72 143 (-2304 0 160 ) (-2304 0 320 ) (-2432 0 320 ) (-2432 0 160 ) 
4 72 73 (-2432 0 160 ) (-2432 0 320 ) (-2432 384 320 ) (-2432 384 160 ) 
4 73 148 (-2432 0 352 ) (-3072 0 352 ) (-3072 0 128 ) (-2432 0 128 ) 
4 74 149 (-3072 0 96 ) (-3072 0 64 ) (-2432 0 64 ) (-2432 0 96 ) 
4 74 79 (-3072 0 64 ) (-3072 384 64 ) (-2432 384 64 ) (-2432 0 64 ) 
4 75 79 (-2432 384 -128.434006 ) (-2432 384 -144 ) (-2432 320 -144 ) (-2432 320 -128.434006 ) 
4 75 76 (-2432 320 -128.434006 ) (-2432 320 -144 ) (-2304 320 -144 ) (-2304 320 -128.434006 ) 
4 76 79 (-2432 320 0 ) (-2432 320 -144 ) (-2432 192 -144 ) (-2432 192 0 ) 
4 76 78 (-2432 192 -128 ) (-2432 192 -144 ) (-2304 192 -144 ) (-2304 192 -128 ) 
4 77 144 (-2304 0 -96 ) (-2304 0 64 ) (-2432 0 64 ) (-2432 0 -96 ) 
4 77 79 (-2432 0 -96 ) (-2432 0 64 ) (-2432 128 64 ) (-2432 128 -96 ) 
4 78 146 (-2304 0 -144 ) (-2304 0 -128 ) (-2432 0 -128 ) (-2432 0 -144 ) 
4 78 79 (-2432 0 -144 ) (-2432 0 -128 ) (-2432 192 -128 ) (-2432 192 -144 ) 
4 79 149 (-2432 0 -144 ) (-2432 0 64 ) (-3072 0 64 ) (-3072 0 -144 ) 
4 80 81 (-3072 1024 704 ) (-3072 1024 2048 ) (-3104 1024 2048 ) (-3104 1024 704 ) 
4 81 211 (-3072 0 704 ) (-3072 0 2048 ) (-3104 0 2048 ) (-3104 0 704 ) 
4 82 84 (3072 0 2048 ) (3072 0 704 ) (3072 -1024 704 ) (3072 -1024 2048 ) 
4 82 83 (3104 -1024 704 ) (3104 -1024 2048 ) (3072 -1024 2048 ) (3072 -1024 704 ) 
4 83 105 (3104 -2048 704 ) (3104 -2048 2048 ) (3072 -2048 2048 ) (3072 -2048 704 ) 
4 83 85 (3072 -2048 704 ) (3072 -2048 2048 ) (3072 -1024 2048 ) (3072 -1024 704 ) 
4 84 87 (2048 -1024 -144 ) (2048 -1024 384 ) (2048 0 384 ) (2048 0 -144 ) 
4 84 86 (2048 -1024 384 ) (2048 -1024 2048 ) (2048 0 2048 ) (2048 0 384 ) 
4 84 85 (3072 -1024 -144 ) (3072 -1024 2048 ) (2048 -1024 2048 ) (2048 -1024 -144 ) 
4 85 107 (3072 -2048 -144 ) (3072 -2048 2048 ) (2048 -2048 2048 ) (2048 -2048 -144 ) 
4 85 98 (2048 -2048 -144 ) (2048 -2048 2048 ) (2048 -1024 2048 ) (2048 -1024 -144 ) 
4 86 98 (2048 -1024 384 ) (2048 -1024 2048 ) (1024 -1024 2048 ) (1024 -1024 384 ) 
4 86 93 (1024 -896 960 ) (1024 -192 960 ) (1024 -192 384 ) (1024 -896 384 ) 
4 86 92 (1024 -192 960 ) (1024 0 960 ) (1024 0 384 ) (1024 -192 384 ) 
4 86 94 (1024 -1024 384 ) (1024 -1024 960 ) (1024 -896 960 ) (1024 -896 384 ) 
4 86 91 (1024 -1024 960 ) (1024 -1024 2048 ) (1024 0 2048 ) (1024 0 960 ) 
4 86 88 (1024 -192 384 ) (1024 0 384 ) (1216 0 384 ) (1216 -192 384 ) 
4 86 90 (1024 -1024 384 ) (1024 -896 384 ) (1216 -896 384 ) (1216 -1024 384 ) 
4 86 87 (1216 0 384 ) (2048 0 384 ) (2048 -1024 384 ) (1216 -1024 384 ) 
4 87 98 (2048 -1024 -144 ) (2048 -1024 384 ) (1216 -1024 384 ) (1216 -1024 -144 ) 
4 87 89 (1216 -192 -144 ) (1216 -896 -144 ) (1216 -896 -128.434006 ) (1216 -192 -128.434006 ) 
4 87 88 (1216 0 -144 ) (1216 -192 -144 ) (1216 -192 384 ) (1216 0 384 ) 
4 87 90 (1216 -896 -144 ) (1216 -1024 -144 ) (1216 -1024 384 ) (1216 -896 384 ) 
4 88 97 (1024 0 -128.434006 ) (1024 0 -144 ) (1024 -192 -144 ) (1024 -192 -128.434006 ) 
4 88 92 (1024 -192 384 ) (1024 0 384 ) (1024 0 -128.434006 ) (1024 -192 -128.434006 ) 
4 88 89 (1024 -192 -144 ) (1216 -192 -144 ) (1216 -192 -128.434006 ) (1024 -192 -128.434006 ) 
4 89 97 (1024 -192 -128.434006 ) (1024 -192 -144 ) (1024 -896 -144 ) (1024 -896 -128.434006 ) 
4 89 90 (1024 -896 -144 ) (1216 -896 -144 ) (1216 -896 -128.434006 ) (1024 -896 -128.434006 ) 
4 90 98 (1216 -1024 384 ) (1024 -1024 384 ) (1024 -1024 -144 ) (1216 -1024 -144 ) 
4 90 97 (1024 -1024 -144 ) (1024 -1024 -128.434006 ) (1024 -896 -128.434006 ) (1024 -896 -144 ) 
4 90 94 (1024 -1024 -128.434006 ) (1024 -1024 384 ) (1024 -896 384 ) (1024 -896 -128.434006 ) 
4 91 116 (0 -384 960 ) (0 -1024 960 ) (0 -1024 2048 ) (0 -384 2048 ) 
4 91 115 (0 0 2048 ) (0 0 960 ) (0 -384 960 ) (0 -384 2048 ) 
4 91 99 (0 -1024 2048 ) (0 -1024 960 ) (1024 -1024 960 ) (1024 -1024 2048 ) 
4 91 96 (0 -384 960 ) (0 0 960 ) (576 0 960 ) (576 -384 960 ) 
4 91 93 (704 -896 960 ) (704 -192 960 ) (1024 -192 960 ) (1024 -896 960 ) 
4 91 92 (704 -192 960 ) (704 0 960 ) (1024 0 960 ) (1024 -192 960 ) 
4 91 94 (1024 -1024 960 ) (704 -1024 960 ) (704 -896 960 ) (1024 -896 960 ) 
4 91 95 (704 -1024 960 ) (576 -1024 960 ) (576 0 960 ) (704 0 960 ) 
4 92 97 (1024 0 -128.434006 ) (1024 -192 -128.434006 ) (704 -192 -128.434006 ) (704 0 -128.434006 ) 
4 92 93 (704 -192 960 ) (704 -192 384 ) (1024 -192 384 ) (1024 -192 960 ) 
4 92 95 (704 0 -128.434006 ) (704 -192 -128.434006 ) (704 -192 960 ) (704 0 960 ) 
4 93 95 (704 -896 384 ) (704 -896 960 ) (704 -192 960 ) (704 -192 384 ) 
4 93 94 (704 -896 960 ) (704 -896 384 ) (1024 -896 384 ) (1024 -896 960 ) 
4 94 100 (704 -1024 -128.434006 ) (1024 -1024 -128.434006 ) (1024 -1024 960 ) (704 -1024 960 ) 
4 94 97 (1024 -896 -128.434006 ) (1024 -1024 -128.434006 ) (704 -1024 -128.434006 ) (704 -896 -128.434006 ) 
4 94 95 (704 -896 -128.434006 ) (704 -1024 -128.434006 ) (704 -1024 960 ) (704 -896 960 ) 
4 95 100 (576 -1024 -128.434006 ) (704 -1024 -128.434006 ) (704 -1024 960 ) (576 -1024 960 ) 
4 95 97 (704 -1024 -128.434006 ) (576 -1024 -128.434006 ) (576 0 -128.434006 ) (704 0 -128.434006 ) 
4 95 96 (576 0 -128.434006 ) (576 -384 -128.434006 ) (576 -384 960 ) (576 0 960 ) 
4 96 115 (0 0 960 ) (0 0 -128.434006 ) (0 -384 -128.434006 ) (0 -384 960 ) 
4 96 97 (0 -384 -128.434006 ) (0 0 -128.434006 ) (576 0 -128.434006 ) (576 -384 -128.434006 ) 
4 97 122 (0 0 -128.434006 ) (0 0 -144 ) (0 -1024 -144 ) (0 -1024 -128.434006 ) 
4 97 104 (0 -1024 -128.434006 ) (0 -1024 -144 ) (1024 -1024 -144 ) (1024 -1024 -128.434006 ) 
4 98 108 (2048 -2048 -144 ) (2048 -2048 2048 ) (1024 -2048 2048 ) (1024 -2048 -144 ) 
4 98 104 (1024 -1024 -128.434006 ) (1024 -1024 -144 ) (1024 -2048 -144 ) (1024 -2048 -128.434006 ) 
4 98 101 (1024 -1472 -128.434006 ) (1024 -2048 -128.434006 ) (1024 -2048 960 ) (1024 -1472 960 ) 
4 98 100 (1024 -1024 960 ) (1024 -1024 -128.434006 ) (1024 -1472 -128.434006 ) (1024 -1472 960 ) 
4 98 99 (1024 -1024 2048 ) (1024 -1024 960 ) (1024 -2048 960 ) (1024 -2048 2048 ) 
4 99 129 (0 -2048 960 ) (0 -2048 2048 ) (0 -1024 2048 ) (0 -1024 960 ) 
4 99 109 (1024 -2048 960 ) (1024 -2048 2048 ) (0 -2048 2048 ) (0 -2048 960 ) 
4 99 102 (0 -1984 960 ) (0 -1472 960 ) (128 -1472 960 ) (128 -1984 960 ) 
4 99 101 (128 -1472 960 ) (1024 -1472 960 ) (1024 -2048 960 ) (128 -2048 960 ) 
4 99 100 (576 -1024 960 ) (1024 -1024 960 ) (1024 -1472 960 ) (576 -1472 960 ) 
4 100 104 (576 -1024 -128.434006 ) (1024 -1024 -128.434006 ) (1024 -1472 -128.434006 ) (576 -1472 -128.434006 ) 
4 100 101 (576 -1472 -128.434006 ) (1024 -1472 -128.434006 ) (1024 -1472 960 ) (576 -1472 960 ) 
4 101 110 (1024 -2048 -128.434006 ) (1024 -2048 960 ) (128 -2048 960 ) (128 -2048 -128.434006 ) 
4 101 104 (1024 -2048 -128.434006 ) (128 -2048 -128.434006 ) (128 -1472 -128.434006 ) (1024 -1472 -128.434006 ) 
4 101 103 (128 -1984 -128.434006 ) (128 -2048 -128.434006 ) (128 -2048 -128 ) (128 -1984 -128 ) 
4 101 102 (128 -1472 960 ) (128 -1472 -128.434006 ) (128 -1984 -128.434006 ) (128 -1984 960 ) 
4 102 134 (0 -1472 704 ) (0 -1472 448 ) (0 -1984 448 ) (0 -1984 704 ) 
4 102 135 (0 -1472 192 ) (0 -1472 -128.434006 ) (0 -1984 -128.434006 ) (0 -1984 192 ) 
4 102 132 (0 -1984 960 ) (0 -1472 960 ) (0 -1472 704 ) (0 -1984 704 ) 
4 102 104 (0 -1984 -128.434006 ) (0 -1472 -128.434006 ) (128 -1472 -128.434006 ) (128 -1984 -128.434006 ) 
4 102 103 (0 -1984 -128.434006 ) (128 -1984 -128.434006 ) (128 -1984 -128 ) (0 -1984 -128 ) 
4 103 137 (0 -2048 -128.434006 ) (0 -2048 -128 ) (0 -1984 -128 ) (0 -1984 -128.434006 ) 
4 103 111 (0 -2048 -128 ) (0 -2048 -128.434006 ) (128 -2048 -128.434006 ) (128 -2048 -128 ) 
4 103 104 (128 -2048 -128.434006 ) (0 -2048 -128.434006 ) (0 -1984 -128.434006 ) (128 -1984 -128.434006 ) 
4 104 137 (0 -2048 -144 ) (0 -2048 -128.434006 ) (0 -1984 -128.434006 ) (0 -1984 -144 ) 
4 104 135 (0 -1984 -128.434006 ) (0 -1472 -128.434006 ) (0 -1472 -144 ) (0 -1984 -144 ) 
4 104 131 (0 -1472 -128.434006 ) (0 -1024 -128.434006 ) (0 -1024 -144 ) (0 -1472 -144 ) 
4 104 111 (128 -2048 -128.434006 ) (0 -2048 -128.434006 ) (0 -2048 -144 ) (128 -2048 -144 ) 
4 104 110 (1024 -2048 -144 ) (1024 -2048 -128.434006 ) (128 -2048 -128.434006 ) (128 -2048 -144 ) 
4 105 107 (3072 -2048 2048 ) (3072 -2048 704 ) (3072 -3072 704 ) (3072 -3072 2048 ) 
4 105 106 (3104 -3072 704 ) (3104 -3072 2048 ) (3072 -3072 2048 ) (3072 -3072 704 ) 
4 106 112 (3072 -3104 704 ) (3072 -3104 2048 ) (3072 -3072 2048 ) (3072 -3072 704 ) 
4 107 112 (3072 -3072 704 ) (3072 -3072 2048 ) (2048 -3072 2048 ) (2048 -3072 704 ) 
4 107 108 (2048 -2048 2048 ) (2048 -2048 -144 ) (2048 -3072 -144 ) (2048 -3072 2048 ) 
4 108 113 (2048 -3072 704 ) (2048 -3072 2048 ) (1024 -3072 2048 ) (1024 -3072 704 ) 
4 108 110 (1024 -3072 -144 ) (1024 -3072 960 ) (1024 -2048 960 ) (1024 -2048 -144 ) 
4 108 109 (1024 -3072 960 ) (1024 -3072 2048 ) (1024 -2048 2048 ) (1024 -2048 960 ) 
4 109 213 (0 -3072 960 ) (0 -3072 2048 ) (0 -2048 2048 ) (0 -2048 960 ) 
4 109 114 (1024 -3072 960 ) (1024 -3072 2048 ) (0 -3072 2048 ) (0 -3072 960 ) 
4 109 110 (1024 -3072 960 ) (128 -3072 960 ) (128 -2048 960 ) (1024 -2048 960 ) 
4 110 114 (1024 -3072 704 ) (1024 -3072 960 ) (128 -3072 960 ) (128 -3072 704 ) 
4 110 111 (128 -2048 -144 ) (128 -3072 -144 ) (128 -3072 -128 ) (128 -2048 -128 ) 
4 111 214 (0 -3072 -144 ) (0 -3072 -128 ) (0 -2048 -128 ) (0 -2048 -144 ) 
4 112 113 (2048 -3072 2048 ) (2048 -3072 704 ) (2048 -3104 704 ) (2048 -3104 2048 ) 
4 113 114 (1024 -3072 2048 ) (1024 -3072 704 ) (1024 -3104 704 ) (1024 -3104 2048 ) 
4 114 226 (0 -3104 704 ) (0 -3104 2048 ) (0 -3072 2048 ) (0 -3072 704 ) 
4 115 122 (-832 -384 -128.434006 ) (-832 0 -128.434006 ) (0 0 -128.434006 ) (0 -384 -128.434006 ) 
4 115 117 (-832 0 2048 ) (-832 0 -128.434006 ) (-832 -384 -128.434006 ) (-832 -384 2048 ) 
4 115 116 (0 -384 2048 ) (-832 -384 2048 ) (-832 -384 960 ) (0 -384 960 ) 
4 116 129 (0 -1024 960 ) (0 -1024 2048 ) (-832 -1024 2048 ) (-832 -1024 960 ) 
4 116 120 (-832 -960 2048 ) (-832 -384 2048 ) (-832 -384 960 ) (-832 -960 960 ) 
4 116 121 (-832 -1024 960 ) (-832 -1024 2048 ) (-832 -960 2048 ) (-832 -960 960 ) 
4 117 122 (-896 0 -128.434006 ) (-832 0 -128.434006 ) (-832 -384 -128.434006 ) (-896 -384 -128.434006 ) 
4 117 120 (-832 -384 384 ) (-832 -384 2048 ) (-896 -384 2048 ) (-896 -384 384 ) 
4 117 118 (-896 -256 128 ) (-896 -256 2048 ) (-896 0 2048 ) (-896 0 128 ) 
4 117 119 (-896 -256 -128.434006 ) (-896 -384 -128.434006 ) (-896 -384 2048 ) (-896 -256 2048 ) 
4 118 124 (-1024 0 384 ) (-1024 0 128 ) (-1024 -256 128 ) (-1024 -256 384 ) 
4 118 123 (-1024 0 2048 ) (-1024 0 384 ) (-1024 -256 384 ) (-1024 -256 2048 ) 
4 118 119 (-896 -256 128 ) (-896 -256 2048 ) (-1024 -256 2048 ) (-1024 -256 128 ) 
4 119 125 (-1024 -256 -128.434006 ) (-1024 -384 -128.434006 ) (-1024 -384 384 ) (-1024 -256 384 ) 
4 119 123 (-1024 -384 384 ) (-1024 -384 2048 ) (-1024 -256 2048 ) (-1024 -256 384 ) 
4 119 122 (-1024 -384 -128.434006 ) (-1024 -256 -128.434006 ) (-896 -256 -128.434006 ) (-896 -384 -128.434006 ) 
4 119 120 (-896 -384 384 ) (-896 -384 2048 ) (-1024 -384 2048 ) (-1024 -384 384 ) 
4 120 123 (-1024 -960 384 ) (-1024 -960 2048 ) (-1024 -384 2048 ) (-1024 -384 384 ) 
4 120 121 (-832 -960 384 ) (-832 -960 2048 ) (-1024 -960 2048 ) (-1024 -960 384 ) 
4 121 130 (-1024 -1024 960 ) (-1024 -1024 -128.434006 ) (-832 -1024 -128.434006 ) (-832 -1024 960 ) 
4 121 129 (-1024 -1024 2048 ) (-1024 -1024 960 ) (-832 -1024 960 ) (-832 -1024 2048 ) 
4 121 126 (-1024 -960 -128.434006 ) (-1024 -1024 -128.434006 ) (-1024 -1024 384 ) (-1024 -960 384 ) 
4 121 123 (-1024 -1024 384 ) (-1024 -1024 2048 ) (-1024 -960 2048 ) (-1024 -960 384 ) 
4 121 122 (-832 -1024 -128.434006 ) (-1024 -1024 -128.434006 ) (-1024 -960 -128.434006 ) (-832 -960 -128.434006 ) 
4 122 131 (0 -1024 -144 ) (0 -1024 -128.434006 ) (-1024 -1024 -128.434006 ) (-1024 -1024 -144 ) 
4 122 128 (-1024 0 -128.434006 ) (-1024 0 -144 ) (-1024 -1024 -144 ) (-1024 -1024 -128.434006 ) 
4 123 197 (-2048 -384 384 ) (-2048 -1024 384 ) (-2048 -1024 2048 ) (-2048 -384 2048 ) 
4 123 172 (-2048 -256 384 ) (-2048 -384 384 ) (-2048 -384 2048 ) (-2048 -256 2048 ) 
4 123 140 (-2048 0 2048 ) (-2048 0 384 ) (-2048 -256 384 ) (-2048 -256 2048 ) 
4 123 139 (-1024 -1024 384 ) (-1024 -1024 2048 ) (-2048 -1024 2048 ) (-2048 -1024 384 ) 
4 123 126 (-1024 -1024 384 ) (-1792 -1024 384 ) (-1792 -960 384 ) (-1024 -960 384 ) 
4 123 124 (-1792 -256 384 ) (-1792 0 384 ) (-1024 0 384 ) (-1024 -256 384 ) 
4 123 125 (-1792 -384 384 ) (-1792 -256 384 ) (-1024 -256 384 ) (-1024 -384 384 ) 
4 123 127 (-1792 -1024 384 ) (-2048 -1024 384 ) (-2048 0 384 ) (-1792 0 384 ) 
4 124 125 (-1792 -256 384 ) (-1792 -256 128 ) (-1024 -256 128 ) (-1024 -256 384 ) 
4 124 127 (-1792 -256 128 ) (-1792 -256 384 ) (-1792 0 384 ) (-1792 0 128 ) 
4 125 128 (-1024 -256 -128.434006 ) (-1024 -384 -128.434006 ) (-1792 -384 -128.434006 ) (-1792 -256 -128.434006 ) 
4 125 127 (-1792 -256 -128.434006 ) (-1792 -384 -128.434006 ) (-1792 -384 384 ) (-1792 -256 384 ) 
4 126 139 (-1024 -1024 -128.434006 ) (-1024 -1024 384 ) (-1792 -1024 384 ) (-1792 -1024 -128.434006 ) 
4 126 128 (-1024 -960 -128.434006 ) (-1024 -1024 -128.434006 ) (-1792 -1024 -128.434006 ) (-1792 -960 -128.434006 ) 
4 126 127 (-1792 -960 -128.434006 ) (-1792 -1024 -128.434006 ) (-1792 -1024 384 ) (-1792 -960 384 ) 
4 127 198 (-2048 -384 -128.434006 ) (-2048 -1024 -128.434006 ) (-2048 -1024 384 ) (-2048 -384 384 ) 
4 127 190 (-2048 -256 -128.434006 ) (-2048 -384 -128.434006 ) (-2048 -384 160 ) (-2048 -256 160 ) 
4 127 184 (-2048 -384 160 ) (-2048 -384 256 ) (-2048 -256 256 ) (-2048 -256 160 ) 
4 127 173 (-2048 -384 256 ) (-2048 -384 384 ) (-2048 -256 384 ) (-2048 -256 256 ) 
4 127 146 (-2048 0 -128 ) (-2048 0 -128.434006 ) (-2048 -256 -128.434006 ) (-2048 -256 -128 ) 
4 127 145 (-2048 0 -96 ) (-2048 0 -128 ) (-2048 -256 -128 ) (-2048 -256 -96 ) 
4 127 142 (-2048 0 320 ) (-2048 0 -96 ) (-2048 -256 -96 ) (-2048 -256 320 ) 
4 127 140 (-2048 0 384 ) (-2048 0 320 ) (-2048 -256 320 ) (-2048 -256 384 ) 
4 127 139 (-1792 -1024 384 ) (-2048 -1024 384 ) (-2048 -1024 -128.434006 ) (-1792 -1024 -128.434006 ) 
4 127 128 (-2048 0 -128.434006 ) (-1792 0 -128.434006 ) (-1792 -1024 -128.434006 ) (-2048 -1024 -128.434006 ) 
4 128 198 (-2048 -384 -144 ) (-2048 -1024 -144 ) (-2048 -1024 -128.434006 ) (-2048 -384 -128.434006 ) 
4 128 190 (-2048 -256 -144 ) (-2048 -384 -144 ) (-2048 -384 -128.434006 ) (-2048 -256 -128.434006 ) 
4 128 146 (-2048 0 -128.434006 ) (-2048 0 -144 ) (-2048 -256 -144 ) (-2048 -256 -128.434006 ) 
4 128 139 (-1024 -1024 -144 ) (-1024 -1024 -128.434006 ) (-2048 -1024 -128.434006 ) (-2048 -1024 -144 ) 
4 129 213 (0 -2048 960 ) (0 -2048 2048 ) (-1024 -2048 2048 ) (-1024 -2048 960 ) 
4 129 139 (-1024 -1024 2048 ) (-1024 -1024 960 ) (-1024 -2048 960 ) (-1024 -2048 2048 ) 
4 129 138 (-960 -2048 960 ) (-1024 -2048 960 ) (-1024 -1984 960 ) (-960 -1984 960 ) 
4 129 132 (-448 -1472 960 ) (0 -1472 960 ) (0 -1984 960 ) (-448 -1984 960 ) 
4 129 133 (-1024 -1984 960 ) (-1024 -1472 960 ) (-704 -1472 960 ) (-704 -1984 960 ) 
4 129 130 (-1024 -1472 960 ) (-1024 -1024 960 ) (-832 -1024 960 ) (-832 -1472 960 ) 
4 130 139 (-1024 -1024 960 ) (-1024 -1024 -128.434006 ) (-1024 -1472 -128.434006 ) (-1024 -1472 960 ) 
4 130 136 (-1024 -1472 704 ) (-1024 -1472 -128.434006 ) (-832 -1472 -128.434006 ) (-832 -1472 704 ) 
4 130 133 (-832 -1472 960 ) (-1024 -1472 960 ) (-1024 -1472 704 ) (-832 -1472 704 ) 
4 130 131 (-832 -1472 -128.434006 ) (-1024 -1472 -128.434006 ) (-1024 -1024 -128.434006 ) (-832 -1024 -128.434006 ) 
4 131 139 (-1024 -1024 -128.434006 ) (-1024 -1024 -144 ) (-1024 -1472 -144 ) (-1024 -1472 -128.434006 ) 
4 131 135 (0 -1472 -144 ) (0 -1472 -128.434006 ) (-256 -1472 -128.434006 ) (-256 -1472 -144 ) 
4 131 136 (-256 -1472 -128.434006 ) (-1024 -1472 -128.434006 ) (-1024 -1472 -144 ) (-256 -1472 -144 ) 
4 132 134 (0 -1984 704 ) (-256 -1984 704 ) (-256 -1472 704 ) (0 -1472 704 ) 
4 132 136 (-256 -1984 704 ) (-448 -1984 704 ) (-448 -1472 704 ) (-256 -1472 704 ) 
4 133 139 (-1024 -1984 704 ) (-1024 -1984 960 ) (-1024 -1472 960 ) (-1024 -1472 704 ) 
4 133 138 (-960 -1984 960 ) (-1024 -1984 960 ) (-1024 -1984 704 ) (-960 -1984 704 ) 
4 133 136 (-704 -1984 704 ) (-1024 -1984 704 ) (-1024 -1472 704 ) (-704 -1472 704 ) 
4 134 136 (-256 -1984 448 ) (-256 -1984 704 ) (-256 -1472 704 ) (-256 -1472 448 ) 
4 135 137 (-256 -1984 -144 ) (0 -1984 -144 ) (0 -1984 -128 ) (-256 -1984 -128 ) 
4 135 136 (-256 -1472 -144 ) (-256 -1984 -144 ) (-256 -1984 192 ) (-256 -1472 192 ) 
4 136 139 (-1024 -1984 -144 ) (-1024 -1984 704 ) (-1024 -1472 704 ) (-1024 -1472 -144 ) 
4 136 137 (-960 -1984 -144 ) (-256 -1984 -144 ) (-256 -1984 -128 ) (-960 -1984 -128 ) 
4 136 138 (-1024 -1984 704 ) (-1024 -1984 -144 ) (-960 -1984 -144 ) (-960 -1984 704 ) 
4 137 214 (0 -2048 -144 ) (0 -2048 -128 ) (-960 -2048 -128 ) (-960 -2048 -144 ) 
4 137 138 (-960 -1984 -128 ) (-960 -1984 -144 ) (-960 -2048 -144 ) (-960 -2048 -128 ) 
4 138 215 (-960 -2048 960 ) (-1024 -2048 960 ) (-1024 -2048 -144 ) (-960 -2048 -144 ) 
4 138 139 (-1024 -2048 -144 ) (-1024 -2048 960 ) (-1024 -1984 960 ) (-1024 -1984 -144 ) 
4 139 225 (-1024 -2048 -144 ) (-1024 -2048 -128 ) (-2048 -2048 -128 ) (-2048 -2048 -144 ) 
4 139 222 (-1888 -2048 128 ) (-1952 -2048 128 ) (-1952 -2048 -128 ) (-1888 -2048 -128 ) 
4 139 221 (-1600 -2048 128 ) (-1888 -2048 128 ) (-1888 -2048 -128 ) (-1600 -2048 -128 ) 
4 139 224 (-1952 -2048 128 ) (-2048 -2048 128 ) (-2048 -2048 -128 ) (-1952 -2048 -128 ) 
4 139 218 (-1536 -2048 128 ) (-1600 -2048 128 ) (-1600 -2048 -128 ) (-1536 -2048 -128 ) 
4 139 217 (-1024 -2048 -128 ) (-1024 -2048 128 ) (-1536 -2048 128 ) (-1536 -2048 -128 ) 
4 139 216 (-1024 -2048 128 ) (-1024 -2048 2048 ) (-2048 -2048 2048 ) (-2048 -2048 128 ) 
4 139 210 (-2048 -2048 -144 ) (-2048 -2048 -128 ) (-2048 -1024 -128 ) (-2048 -1024 -144 ) 
4 139 206 (-2048 -2048 -128 ) (-2048 -2048 128 ) (-2048 -1600 128 ) (-2048 -1600 -128 ) 
4 139 203 (-2048 -1600 128 ) (-2048 -1536 128 ) (-2048 -1536 -128 ) (-2048 -1600 -128 ) 
4 139 202 (-2048 -1536 128 ) (-2048 -1024 128 ) (-2048 -1024 -128 ) (-2048 -1536 -128 ) 
4 139 201 (-2048 -2048 128 ) (-2048 -2048 2048 ) (-2048 -1024 2048 ) (-2048 -1024 128 ) 
4 140 173 (-2048 -256 320 ) (-2048 -256 384 ) (-2304 -256 384 ) (-2304 -256 320 ) 
4 140 172 (-2048 -256 384 ) (-2048 -256 2048 ) (-2304 -256 2048 ) (-2304 -256 384 ) 
4 140 142 (-2048 -256 320 ) (-2304 -256 320 ) (-2304 0 320 ) (-2048 0 320 ) 
4 140 141 (-2304 -256 384 ) (-2304 -256 2048 ) (-2304 0 2048 ) (-2304 0 384 ) 
4 141 172 (-2304 -256 2048 ) (-2432 -256 2048 ) (-2432 -256 384 ) (-2304 -256 384 ) 
4 141 147 (-2432 -256 384 ) (-2432 -256 2048 ) (-2432 0 2048 ) (-2432 0 384 ) 
4 142 190 (-2048 -256 -96 ) (-2048 -256 160 ) (-2304 -256 160 ) (-2304 -256 -96 ) 
4 142 184 (-2048 -256 160 ) (-2048 -256 256 ) (-2304 -256 256 ) (-2304 -256 160 ) 
4 142 173 (-2048 -256 256 ) (-2048 -256 320 ) (-2304 -256 320 ) (-2304 -256 256 ) 
4 142 145 (-2048 -256 -96 ) (-2304 -256 -96 ) (-2304 0 -96 ) (-2048 0 -96 ) 
4 142 143 (-2304 -256 160 ) (-2304 -256 320 ) (-2304 0 320 ) (-2304 0 160 ) 
4 142 144 (-2304 0 -96 ) (-2304 -256 -96 ) (-2304 -256 64 ) (-2304 0 64 ) 
4 143 184 (-2432 -256 256 ) (-2432 -256 160 ) (-2304 -256 160 ) (-2304 -256 256 ) 
4 143 174 (-2304 -256 320 ) (-2432 -256 320 ) (-2432 -256 256 ) (-2304 -256 256 ) 
4 143 148 (-2432 -256 160 ) (-2432 -256 320 ) (-2432 0 320 ) (-2432 0 160 ) 
5 144 191 (-2432 -256 64 ) (-2432 -256 -80 ) (-2416 -256 -96 ) (-2304 -256 -96 ) (-2304 -256 64 ) 
3 144 152 (-2432 -256 -80 ) (-2432 -256 -96 ) (-2416 -256 -96 ) 
4 144 149 (-2432 -256 -96 ) (-2432 -256 64 ) (-2432 0 64 ) (-2432 0 -96 ) 
4 145 190 (-2048 -256 -128 ) (-2048 -256 -96 ) (-2304 -256 -96 ) (-2304 -256 -128 ) 
4 145 146 (-2048 -256 -128 ) (-2304 -256 -128 ) (-2304 0 -128 ) (-2048 0 -128 ) 
4 146 192 (-2304 -256 -128 ) (-2384 -256 -128 ) (-2368 -256 -144 ) (-2304 -256 -144 ) 
4 146 190 (-2048 -256 -144 ) (-2048 -256 -128 ) (-2304 -256 -128 ) (-2304 -256 -144 ) 
4 146 157 (-2384 -256 -128 ) (-2432 -256 -128 ) (-2432 -256 -144 ) (-2368 -256 -144 ) 
4 146 149 (-2432 -256 -144 ) (-2432 -256 -128 ) (-2432 0 -128 ) (-2432 0 -144 ) 
4 147 211 (-3072 -256 704 ) (-3072 -256 2048 ) (-3072 0 2048 ) (-3072 0 704 ) 
5 147 172 (-2432 -256 384 ) (-2432 -256 2048 ) (-3072 -256 2048 ) (-3072 -256 560 ) (-2896 -256 384 ) 
3 147 170 (-3072 -256 560 ) (-3072 -256 384 ) (-2896 -256 384 ) 
4 148 195 (-2624 -256 160 ) (-2640 -256 160 ) (-2640 -256 144 ) (-2624 -256 144 ) 
4 148 193 (-2432 -256 128 ) (-2432 -256 160 ) (-2624 -256 160 ) (-2624 -256 128 ) 
4 148 189 (-2720 -256 256 ) (-2736 -256 256 ) (-2736 -256 240 ) (-2720 -256 240 ) 
4 148 188 (-2704 -256 256 ) (-2720 -256 256 ) (-2720 -256 224 ) (-2704 -256 224 ) 
4 148 187 (-2688 -256 256 ) (-2704 -256 256 ) (-2704 -256 208 ) (-2688 -256 208 ) 
4 148 186 (-2672 -256 256 ) (-2688 -256 256 ) (-2688 -256 192 ) (-2672 -256 192 ) 
4 148 185 (-2656 -256 256 ) (-2672 -256 256 ) (-2672 -256 176 ) (-2656 -256 176 ) 
4 148 184 (-2432 -256 160 ) (-2432 -256 256 ) (-2656 -256 256 ) (-2656 -256 160 ) 
4 148 181 (-2816 -256 352 ) (-2832 -256 352 ) (-2832 -256 336 ) (-2816 -256 336 ) 
4 148 180 (-2800 -256 352 ) (-2816 -256 352 ) (-2816 -256 320 ) (-2800 -256 320 ) 
4 148 179 (-2784 -256 352 ) (-2800 -256 352 ) (-2800 -256 304 ) (-2784 -256 304 ) 
4 148 178 (-2768 -256 352 ) (-2784 -256 352 ) (-2784 -256 288 ) (-2768 -256 288 ) 
4 148 177 (-2752 -256 352 ) (-2768 -256 352 ) (-2768 -256 272 ) (-2752 -256 272 ) 
4 148 175 (-2432 -256 256 ) (-2432 -256 352 ) (-2624 -256 352 ) (-2624 -256 256 ) 
4 148 176 (-2624 -256 352 ) (-2752 -256 352 ) (-2752 -256 256 ) (-2624 -256 256 ) 
5 148 171 (-2864 -256 352 ) (-3072 -256 352 ) (-3072 -256 304 ) (-2896 -256 128 ) (-2864 -256 128 ) 
4 148 169 (-2864 -256 352 ) (-2864 -256 128 ) (-2848 -256 128 ) (-2848 -256 336 ) 
4 148 168 (-2848 -256 128 ) (-2832 -256 128 ) (-2832 -256 320 ) (-2848 -256 336 ) 
4 148 167 (-2832 -256 128 ) (-2816 -256 128 ) (-2816 -256 304 ) (-2832 -256 320 ) 
4 148 166 (-2816 -256 128 ) (-2800 -256 128 ) (-2800 -256 288 ) (-2816 -256 304 ) 
4 148 165 (-2800 -256 128 ) (-2784 -256 128 ) (-2784 -256 272 ) (-2800 -256 288 ) 
4 148 164 (-2784 -256 128 ) (-2768 -256 128 ) (-2768 -256 256 ) (-2784 -256 272 ) 
4 148 163 (-2768 -256 128 ) (-2752 -256 128 ) (-2752 -256 240 ) (-2768 -256 256 ) 
4 148 162 (-2752 -256 128 ) (-2736 -256 128 ) (-2736 -256 224 ) (-2752 -256 240 ) 
4 148 161 (-2736 -256 128 ) (-2720 -256 128 ) (-2720 -256 208 ) (-2736 -256 224 ) 
4 148 160 (-2720 -256 128 ) (-2704 -256 128 ) (-2704 -256 192 ) (-2720 -256 208 ) 
4 148 159 (-2704 -256 128 ) (-2688 -256 128 ) (-2688 -256 176 ) (-2704 -256 192 ) 
4 148 158 (-2688 -256 128 ) (-2672 -256 128 ) (-2672 -256 160 ) (-2688 -256 176 ) 
4 148 156 (-2672 -256 128 ) (-2656 -256 128 ) (-2656 -256 144 ) (-2672 -256 160 ) 
3 148 155 (-2656 -256 128 ) (-2640 -256 128 ) (-2656 -256 144 ) 
3 148 150 (-3072 -256 304 ) (-3072 -256 128 ) (-2896 -256 128 ) 
3 149 194 (-2432 -256 -80 ) (-2432 -256 96 ) (-2608 -256 96 ) 
4 149 167 (-2816 -256 96 ) (-2832 -256 96 ) (-2832 -256 80 ) (-2816 -256 80 ) 
4 149 166 (-2800 -256 96 ) (-2816 -256 96 ) (-2816 -256 64 ) (-2800 -256 64 ) 
4 149 165 (-2784 -256 96 ) (-2800 -256 96 ) (-2800 -256 48 ) (-2784 -256 48 ) 
4 149 164 (-2768 -256 96 ) (-2784 -256 96 ) (-2784 -256 32 ) (-2768 -256 32 ) 
4 149 163 (-2752 -256 96 ) (-2768 -256 96 ) (-2768 -256 16 ) (-2752 -256 16 ) 
4 149 162 (-2736 -256 96 ) (-2752 -256 96 ) (-2752 -256 0 ) (-2736 -256 0 ) 
4 149 161 (-2720 -256 96 ) (-2736 -256 96 ) (-2736 -256 -16 ) (-2720 -256 -16 ) 
4 149 160 (-2704 -256 96 ) (-2720 -256 96 ) (-2720 -256 -32 ) (-2704 -256 -32 ) 
4 149 159 (-2688 -256 96 ) (-2704 -256 96 ) (-2704 -256 -48 ) (-2688 -256 -48 ) 
4 149 158 (-2672 -256 96 ) (-2688 -256 96 ) (-2688 -256 -64 ) (-2672 -256 -64 ) 
4 149 157 (-2432 -256 -144 ) (-2432 -256 -128 ) (-2640 -256 -128 ) (-2624 -256 -144 ) 
4 149 156 (-2656 -256 96 ) (-2672 -256 96 ) (-2672 -256 -80 ) (-2656 -256 -80 ) 
4 149 155 (-2640 -256 96 ) (-2656 -256 96 ) (-2656 -256 -96 ) (-2640 -256 -96 ) 
4 149 154 (-2624 -256 96 ) (-2640 -256 96 ) (-2640 -256 -112 ) (-2624 -256 -112 ) 
5 149 153 (-2432 -256 -128 ) (-2432 -256 -80 ) (-2608 -256 96 ) (-2624 -256 96 ) (-2624 -256 -128 ) 
4 149 151 (-2864 -256 96 ) (-3072 -256 96 ) (-3072 -256 -144 ) (-2624 -256 -144 ) 
4 150 171 (-3072 -384 304 ) (-2896 -384 128 ) (-2895.996094 -256 128 ) (-3072 -256 304.004089 ) 
4 151 199 (-3072 -384 -128.434006 ) (-3072 -384 -144 ) (-2624 -384 -144 ) (-2639.565918 -384 -128.434006 ) 
4 151 157 (-2640 -384 -128 ) (-2624 -384 -144 ) (-2623.996094 -256 -144 ) (-2639.996094 -256 -128 ) 
4 152 191 (-2432 -384 -80 ) (-2416 -384 -96 ) (-2416 -256 -96 ) (-2432 -256 -80 ) 
4 152 153 (-2432 -384 -96 ) (-2432 -384 -80.001907 ) (-2432 -256 -80.001915 ) (-2432 -256 -96 ) 
4 153 194 (-2608 -384 96 ) (-2432 -384 -80 ) (-2432 -256 -80 ) (-2608 -256 96 ) 
4 153 157 (-2624 -256 -128 ) (-2432 -256 -128 ) (-2432 -384 -128 ) (-2624 -384 -128 ) 
4 153 154 (-2624 -384 -112 ) (-2624 -384 96 ) (-2624 -256 96 ) (-2624 -256 -112 ) 
4 154 196 (-2640 -384 128 ) (-2624 -384 112 ) (-2624 -256 112 ) (-2640 -256 128 ) 
4 154 155 (-2640 -384 -96 ) (-2640 -384 127.998138 ) (-2640 -256 127.998131 ) (-2640 -256 -96 ) 
4 155 156 (-2656 -384 -80 ) (-2656 -384 144.002029 ) (-2656 -256 144.002029 ) (-2656 -256 -80 ) 
4 156 158 (-2672 -384 -64 ) (-2672 -384 160 ) (-2672 -256 160 ) (-2672 -256 -64 ) 
4 157 199 (-2639.565918 -384 -128.434006 ) (-2624 -384 -144 ) (-2368 -384 -144 ) (-2383.565918 -384 -128.434006 ) 
4 157 192 (-2384 -384 -128 ) (-2368 -384 -144 ) (-2368 -256 -144 ) (-2384 -256 -128 ) 
4 158 159 (-2688 -384 -48 ) (-2688 -384 176 ) (-2688 -256 176 ) (-2688 -256 -48 ) 
4 159 160 (-2704 -384 -32 ) (-2704 -384 192 ) (-2704 -256 192 ) (-2704 -256 -32 ) 
4 160 161 (-2720 -384 -16 ) (-2720 -384 208 ) (-2720 -256 208 ) (-2720 -256 -16 ) 
4 161 162 (-2736 -384 0 ) (-2736 -384 224 ) (-2736 -256 224 ) (-2736 -256 0 ) 
4 162 163 (-2752 -384 16 ) (-2752 -384 240 ) (-2752 -256 240 ) (-2752 -256 16 ) 
4 163 164 (-2768 -384 32 ) (-2768 -384 256 ) (-2768 -256 256 ) (-2768 -256 32 ) 
4 164 165 (-2784 -384 48 ) (-2784 -384 272 ) (-2784 -256 272 ) (-2784 -256 48 ) 
4 165 166 (-2800 -384 64 ) (-2800 -384 288 ) (-2800 -256 288 ) (-2800 -256 64 ) 
4 166 167 (-2816 -384 80 ) (-2816 -384 304 ) (-2816 -256 304 ) (-2816 -256 80 ) 
4 167 168 (-2832 -384 96 ) (-2832 -384 320 ) (-2832 -256 320 ) (-2832 -256 96 ) 
4 168 169 (-2848 -384 112 ) (-2848 -384 336 ) (-2848 -256 336 ) (-2848 -256 112 ) 
4 169 171 (-2864 -384 128 ) (-2864 -384 352 ) (-2864 -256 352 ) (-2864 -256 128 ) 
3 170 197 (-3072 -384 560 ) (-3072 -384 384 ) (-2896 -384 384 ) 
4 170 172 (-3072 -384 560 ) (-2896 -384 384 ) (-2896 -256 384 ) (-3072 -256 560 ) 
4 172 211 (-3072 -384 704 ) (-3072 -384 2048 ) (-3072 -256 2048 ) (-3072 -256 704 ) 
5 172 197 (-3072 -384 2048 ) (-3072 -384 560 ) (-2896 -384 384 ) (-2048 -384 384 ) (-2048 -384 2048 ) 
4 172 183 (-2848 -384 384 ) (-2864 -384 384 ) (-2864 -256 384 ) (-2848 -256 384 ) 
4 172 182 (-2832 -384 384 ) (-2848 -384 384 ) (-2848 -256 384 ) (-2832 -256 384 ) 
4 172 181 (-2816 -384 384 ) (-2832 -384 384 ) (-2832 -256 384 ) (-2816 -256 384 ) 
4 172 180 (-2800 -384 384 ) (-2816 -384 384 ) (-2816 -256 384 ) (-2800 -256 384 ) 
4 172 179 (-2784 -384 384 ) (-2800 -384 384 ) (-2800 -256 384 ) (-2784 -256 384 ) 
4 172 178 (-2768 -384 384 ) (-2784 -384 384 ) (-2784 -256 384 ) (-2768 -256 384 ) 
4 172 177 (-2752 -384 384 ) (-2768 -384 384 ) (-2768 -256 384 ) (-2752 -256 384 ) 
4 172 176 (-2624 -384 384 ) (-2752 -384 384 ) (-2752 -256 384 ) (-2624 -256 384 ) 
4 172 173 (-2048 -384 384 ) (-2304 -384 384 ) (-2304 -256 384 ) (-2048 -256 384 ) 
4 173 198 (-2304 -384 256 ) (-2048 -384 256 ) (-2048 -384 384 ) (-2304 -384 384 ) 
4 173 184 (-2048 -384 256 ) (-2304 -384 256 ) (-2304 -256 256 ) (-2048 -256 256 ) 
4 173 174 (-2304 -256 256 ) (-2304 -384 256 ) (-2304 -384 320 ) (-2304 -256 320 ) 
4 174 184 (-2304 -384 256 ) (-2432 -384 256 ) (-2432 -256 256 ) (-2304 -256 256 ) 
4 174 175 (-2432 -256 256 ) (-2432 -384 256 ) (-2432 -384 320 ) (-2432 -256 320 ) 
4 175 184 (-2432 -384 256 ) (-2624 -384 256 ) (-2624 -256 256 ) (-2432 -256 256 ) 
4 175 176 (-2624 -256 256 ) (-2624 -384 256 ) (-2624 -384 352 ) (-2624 -256 352 ) 
4 176 189 (-2720 -384 256 ) (-2736 -384 256 ) (-2736 -256 256 ) (-2720 -256 256 ) 
4 176 188 (-2704 -384 256 ) (-2720 -384 256 ) (-2720 -256 256 ) (-2704 -256 256 ) 
4 176 187 (-2688 -384 256 ) (-2704 -384 256 ) (-2704 -256 256 ) (-2688 -256 256 ) 
4 176 186 (-2672 -384 256 ) (-2688 -384 256 ) (-2688 -256 256 ) (-2672 -256 256 ) 
4 176 185 (-2656 -384 256 ) (-2672 -384 256 ) (-2672 -256 256 ) (-2656 -256 256 ) 
4 176 184 (-2624 -384 256 ) (-2656 -384 256 ) (-2656 -256 256 ) (-2624 -256 256 ) 
4 176 177 (-2752 -384 272 ) (-2752 -384 384 ) (-2752 -256 384 ) (-2752 -256 272 ) 
4 177 178 (-2768 -384 288 ) (-2768 -384 384 ) (-2768 -256 384 ) (-2768 -256 288 ) 
4 178 179 (-2784 -384 304 ) (-2784 -384 384 ) (-2784 -256 384 ) (-2784 -256 304 ) 
4 179 180 (-2800 -384 320 ) (-2800 -384 384 ) (-2800 -256 384 ) (-2800 -256 320 ) 
4 180 181 (-2816 -384 336 ) (-2816 -384 384 ) (-2816 -256 384 ) (-2816 -256 336 ) 
4 181 182 (-2832 -384 352 ) (-2832 -384 384 ) (-2832 -256 384 ) (-2832 -256 352 ) 
4 182 183 (-2848 -384 368 ) (-2848 -384 384 ) (-2848 -256 384 ) (-2848 -256 368 ) 
4 184 198 (-2304 -384 160 ) (-2048 -384 160 ) (-2048 -384 256 ) (-2304 -384 256 ) 
4 184 195 (-2624 -384 160 ) (-2640 -384 160 ) (-2640 -256 160 ) (-2624 -256 160 ) 
4 184 193 (-2432 -384 160 ) (-2624 -384 160 ) (-2624 -256 160 ) (-2432 -256 160 ) 
4 184 190 (-2048 -384 160 ) (-2304 -384 160 ) (-2304 -256 160 ) (-2048 -256 160 ) 
4 184 185 (-2656 -384 176 ) (-2656 -384 256 ) (-2656 -256 256 ) (-2656 -256 176 ) 
4 185 186 (-2672 -384 192 ) (-2672 -384 256 ) (-2672 -256 256 ) (-2672 -256 192 ) 
4 186 187 (-2688 -384 208 ) (-2688 -384 256 ) (-2688 -256 256 ) (-2688 -256 208 ) 
4 187 188 (-2704 -384 224 ) (-2704 -384 256 ) (-2704 -256 256 ) (-2704 -256 224 ) 
4 188 189 (-2720 -384 240 ) (-2720 -384 256 ) (-2720 -256 256 ) (-2720 -256 240 ) 
4 190 198 (-2304 -384 -144 ) (-2048 -384 -144 ) (-2048 -384 160 ) (-2304 -384 160 ) 
4 190 192 (-2304 -256 -144 ) (-2304 -384 -144 ) (-2304 -384 -128 ) (-2304 -256 -128 ) 
4 190 191 (-2304 -384 -96 ) (-2304 -384 64 ) (-2304 -256 64 ) (-2304 -256 -96 ) 
4 191 194 (-2432 -256 -80 ) (-2432 -384 -80 ) (-2432 -384 64 ) (-2432 -256 64 ) 
4 192 199 (-2383.565918 -384 -128.434006 ) (-2368 -384 -144 ) (-2304 -384 -144 ) (-2304 -384 -128.434006 ) 
4 193 195 (-2624 -384 144 ) (-2624 -384 160 ) (-2624 -256 160 ) (-2624 -256 144 ) 
4 197 211 (-3072 -1024 704 ) (-3072 -1024 2048 ) (-3072 -384 2048 ) (-3072 -384 704 ) 
4 197 201 (-2048 -1024 384 ) (-2048 -1024 2048 ) (-3072 -1024 2048 ) (-3072 -1024 384 ) 
4 197 200 (-3072 -1024 384 ) (-3072 -512 384 ) (-2304 -512 384 ) (-2304 -1024 384 ) 
4 197 198 (-2304 -384 384 ) (-2048 -384 384 ) (-2048 -1024 384 ) (-2304 -1024 384 ) 
4 198 210 (-2048 -1024 -144 ) (-2048 -1024 -128 ) (-2304 -1024 -128 ) (-2304 -1024 -144 ) 
4 198 202 (-2048 -1024 -128 ) (-2048 -1024 128 ) (-2304 -1024 128 ) (-2304 -1024 -128 ) 
4 198 201 (-2048 -1024 128 ) (-2048 -1024 384 ) (-2304 -1024 384 ) (-2304 -1024 128 ) 
4 198 199 (-2304 -384 -144 ) (-2304 -512 -144 ) (-2304 -512 -128.434006 ) (-2304 -384 -128.434006 ) 
4 198 200 (-2304 -512 -144 ) (-2304 -1024 -144 ) (-2304 -1024 384 ) (-2304 -512 384 ) 
4 199 200 (-3072 -512 -144 ) (-2304 -512 -144 ) (-2304 -512 -128.434006 ) (-3072 -512 -128.434006 ) 
4 200 210 (-3072 -1024 -128 ) (-3072 -1024 -144 ) (-2304 -1024 -144 ) (-2304 -1024 -128 ) 
4 200 202 (-3072 -1024 128 ) (-3072 -1024 -128 ) (-2304 -1024 -128 ) (-2304 -1024 128 ) 
4 200 201 (-2304 -1024 384 ) (-3072 -1024 384 ) (-3072 -1024 128 ) (-2304 -1024 128 ) 
4 201 228 (-2048 -2048 128 ) (-2048 -2048 2048 ) (-3072 -2048 2048 ) (-3072 -2048 128 ) 
4 201 212 (-3072 -2048 704 ) (-3072 -2048 2048 ) (-3072 -1024 2048 ) (-3072 -1024 704 ) 
4 201 207 (-2656 -1888 128 ) (-2656 -1600 128 ) (-2592 -1600 128 ) (-2592 -1888 128 ) 
4 201 208 (-2592 -2048 128 ) (-2656 -2048 128 ) (-2656 -1952 128 ) (-2592 -1952 128 ) 
4 201 206 (-2048 -2048 128 ) (-2592 -2048 128 ) (-2592 -1600 128 ) (-2048 -1600 128 ) 
4 201 209 (-2656 -2048 128 ) (-3072 -2048 128 ) (-3072 -1600 128 ) (-2656 -1600 128 ) 
4 201 205 (-3072 -1600 128 ) (-3072 -1536 128 ) (-3008 -1536 128 ) (-3008 -1600 128 ) 
4 201 203 (-2240 -1536 128 ) (-2048 -1536 128 ) (-2048 -1600 128 ) (-2240 -1600 128 ) 
4 201 204 (-2944 -1536 128 ) (-2304 -1536 128 ) (-2304 -1600 128 ) (-2944 -1600 128 ) 
4 201 202 (-3072 -1536 128 ) (-3072 -1024 128 ) (-2048 -1024 128 ) (-2048 -1536 128 ) 
4 202 210 (-3072 -1536 -128 ) (-3072 -1024 -128 ) (-2048 -1024 -128 ) (-2048 -1536 -128 ) 
4 202 205 (-3072 -1536 -128 ) (-3008 -1536 -128 ) (-3008 -1536 128 ) (-3072 -1536 128 ) 
4 202 203 (-2240 -1536 -128 ) (-2048 -1536 -128 ) (-2048 -1536 128 ) (-2240 -1536 128 ) 
4 202 204 (-2944 -1536 -128 ) (-2304 -1536 -128 ) (-2304 -1536 128 ) (-2944 -1536 128 ) 
4 203 210 (-2240 -1536 -128 ) (-2048 -1536 -128 ) (-2048 -1600 -128 ) (-2240 -1600 -128 ) 
4 203 206 (-2240 -1600 -128 ) (-2048 -1600 -128 ) (-2048 -1600 128 ) (-2240 -1600 128 ) 
4 204 210 (-2944 -1536 -128 ) (-2304 -1536 -128 ) (-2304 -1600 -128 ) (-2944 -1600 -128 ) 
4 204 207 (-2656 -1600 -128 ) (-2592 -1600 -128 ) (-2592 -1600 128 ) (-2656 -1600 128 ) 
4 204 206 (-2592 -1600 -128 ) (-2304 -1600 -128 ) (-2304 -1600 128 ) (-2592 -1600 128 ) 
4 204 209 (-2944 -1600 -128 ) (-2656 -1600 -128 ) (-2656 -1600 128 ) (-2944 -1600 128 ) 
4 205 210 (-3072 -1600 -128 ) (-3072 -1536 -128 ) (-3008 -1536 -128 ) (-3008 -1600 -128 ) 
4 205 209 (-3072 -1600 -128 ) (-3008 -1600 -128 ) (-3008 -1600 128 ) (-3072 -1600 128 ) 
4 206 230 (-2240 -2048 128 ) (-2304 -2048 128 ) (-2304 -2048 -128 ) (-2240 -2048 -128 ) 
4 206 229 (-2048 -2048 -128 ) (-2048 -2048 128 ) (-2240 -2048 128 ) (-2240 -2048 -128 ) 
4 206 232 (-2304 -2048 128 ) (-2592 -2048 128 ) (-2592 -2048 -128 ) (-2304 -2048 -128 ) 
4 206 210 (-2592 -1600 -128 ) (-2048 -1600 -128 ) (-2048 -2048 -128 ) (-2592 -2048 -128 ) 
4 206 207 (-2592 -1600 128 ) (-2592 -1600 -128 ) (-2592 -1888 -128 ) (-2592 -1888 128 ) 
4 206 208 (-2592 -1952 -128 ) (-2592 -2048 -128 ) (-2592 -2048 128 ) (-2592 -1952 128 ) 
4 207 210 (-2656 -1600 -128 ) (-2592 -1600 -128 ) (-2592 -1888 -128 ) (-2656 -1888 -128 ) 
4 207 209 (-2656 -1600 128 ) (-2656 -1600 -128 ) (-2656 -1888 -128 ) (-2656 -1888 128 ) 
4 208 233 (-2592 -2048 128 ) (-2656 -2048 128 ) (-2656 -2048 -128 ) (-2592 -2048 -128 ) 
4 208 210 (-2592 -1952 -128 ) (-2592 -2048 -128 ) (-2656 -2048 -128 ) (-2656 -1952 -128 ) 
4 208 209 (-2656 -1952 -128 ) (-2656 -2048 -128 ) (-2656 -2048 128 ) (-2656 -1952 128 ) 
4 209 236 (-2944 -2048 128 ) (-3008 -2048 128 ) (-3008 -2048 -128 ) (-2944 -2048 -128 ) 
4 209 239 (-3008 -2048 128 ) (-3072 -2048 128 ) (-3072 -2048 -128 ) (-3008 -2048 -128 ) 
4 209 235 (-2656 -2048 128 ) (-2944 -2048 128 ) (-2944 -2048 -128 ) (-2656 -2048 -128 ) 
4 209 210 (-3072 -2048 -128 ) (-3072 -1600 -128 ) (-2656 -1600 -128 ) (-2656 -2048 -128 ) 
4 210 240 (-2048 -2048 -144 ) (-2048 -2048 -128 ) (-3072 -2048 -128 ) (-3072 -2048 -144 ) 
4 211 212 (-3072 -1024 704 ) (-3072 -1024 2048 ) (-3104 -1024 2048 ) (-3104 -1024 704 ) 
4 212 241 (-3072 -2048 704 ) (-3072 -2048 2048 ) (-3104 -2048 2048 ) (-3104 -2048 704 ) 
4 213 226 (0 -3072 960 ) (0 -3072 2048 ) (-1024 -3072 2048 ) (-1024 -3072 960 ) 
4 213 216 (-1024 -2048 2048 ) (-1024 -2048 960 ) (-1024 -3072 960 ) (-1024 -3072 2048 ) 
4 213 215 (-1024 -3072 960 ) (-1024 -2048 960 ) (-960 -2048 960 ) (-960 -3072 960 ) 
4 214 215 (-960 -2048 -144 ) (-960 -3072 -144 ) (-960 -3072 -128 ) (-960 -2048 -128 ) 
4 215 226 (-960 -3072 960 ) (-1024 -3072 960 ) (-1024 -3072 704 ) (-960 -3072 704 ) 
4 215 225 (-1024 -2048 -128 ) (-1024 -2048 -144 ) (-1024 -3072 -144 ) (-1024 -3072 -128 ) 
4 215 217 (-1024 -2048 128 ) (-1024 -2048 -128 ) (-1024 -3072 -128 ) (-1024 -3072 128 ) 
4 215 216 (-1024 -2048 960 ) (-1024 -2048 128 ) (-1024 -3072 128 ) (-1024 -3072 960 ) 
4 216 228 (-2048 -2048 2048 ) (-2048 -2048 128 ) (-2048 -3072 128 ) (-2048 -3072 2048 ) 
4 216 227 (-1024 -3072 704 ) (-1024 -3072 2048 ) (-2048 -3072 2048 ) (-2048 -3072 704 ) 
4 216 222 (-1952 -2592 128 ) (-1952 -2048 128 ) (-1888 -2048 128 ) (-1888 -2592 128 ) 
4 216 223 (-1888 -3072 128 ) (-1952 -3072 128 ) (-1952 -2656 128 ) (-1888 -2656 128 ) 
4 216 221 (-1600 -3072 128 ) (-1888 -3072 128 ) (-1888 -2048 128 ) (-1600 -2048 128 ) 
4 216 224 (-1952 -3072 128 ) (-2048 -3072 128 ) (-2048 -2048 128 ) (-1952 -2048 128 ) 
4 216 220 (-1536 -3072 128 ) (-1600 -3072 128 ) (-1600 -3008 128 ) (-1536 -3008 128 ) 
4 216 218 (-1600 -2240 128 ) (-1600 -2048 128 ) (-1536 -2048 128 ) (-1536 -2240 128 ) 
4 216 219 (-1600 -2944 128 ) (-1600 -2304 128 ) (-1536 -2304 128 ) (-1536 -2944 128 ) 
4 216 217 (-1024 -3072 128 ) (-1536 -3072 128 ) (-1536 -2048 128 ) (-1024 -2048 128 ) 
4 217 225 (-1536 -2048 -128 ) (-1024 -2048 -128 ) (-1024 -3072 -128 ) (-1536 -3072 -128 ) 
4 217 220 (-1536 -3008 -128 ) (-1536 -3072 -128 ) (-1536 -3072 128 ) (-1536 -3008 128 ) 
4 217 218 (-1536 -2048 -128 ) (-1536 -2240 -128 ) (-1536 -2240 128 ) (-1536 -2048 128 ) 
4 217 219 (-1536 -2304 -128 ) (-1536 -2944 -128 ) (-1536 -2944 128 ) (-1536 -2304 128 ) 
4 218 225 (-1600 -2048 -128 ) (-1536 -2048 -128 ) (-1536 -2240 -128 ) (-1600 -2240 -128 ) 
4 218 221 (-1600 -2048 -128 ) (-1600 -2240 -128 ) (-1600 -2240 128 ) (-1600 -2048 128 ) 
4 219 225 (-1536 -2304 -128 ) (-1536 -2944 -128 ) (-1600 -2944 -128 ) (-1600 -2304 -128 ) 
4 219 221 (-1600 -2304 -128 ) (-1600 -2944 -128 ) (-1600 -2944 128 ) (-1600 -2304 128 ) 
4 220 225 (-1536 -3008 -128 ) (-1536 -3072 -128 ) (-1600 -3072 -128 ) (-1600 -3008 -128 ) 
4 220 221 (-1600 -3008 -128 ) (-1600 -3072 -128 ) (-1600 -3072 128 ) (-1600 -3008 128 ) 
4 221 225 (-1888 -2048 -128 ) (-1600 -2048 -128 ) (-1600 -3072 -128 ) (-1888 -3072 -128 ) 
4 221 222 (-1888 -2048 -128 ) (-1888 -2592 -128 ) (-1888 -2592 128 ) (-1888 -2048 128 ) 
4 221 223 (-1888 -2656 -128 ) (-1888 -3072 -128 ) (-1888 -3072 128 ) (-1888 -2656 128 ) 
4 222 225 (-1952 -2048 -128 ) (-1888 -2048 -128 ) (-1888 -2592 -128 ) (-1952 -2592 -128 ) 
4 222 224 (-1952 -2048 -128 ) (-1952 -2592 -128 ) (-1952 -2592 128 ) (-1952 -2048 128 ) 
4 223 225 (-1888 -2656 -128 ) (-1888 -3072 -128 ) (-1952 -3072 -128 ) (-1952 -2656 -128 ) 
4 223 224 (-1952 -2656 -128 ) (-1952 -3072 -128 ) (-1952 -3072 128 ) (-1952 -2656 128 ) 
4 224 229 (-2048 -2048 128 ) (-2048 -2048 -128 ) (-2048 -3072 -128 ) (-2048 -3072 128 ) 
4 224 225 (-2048 -2048 -128 ) (-1952 -2048 -128 ) (-1952 -3072 -128 ) (-2048 -3072 -128 ) 
4 225 240 (-2048 -2048 -128 ) (-2048 -2048 -144 ) (-2048 -3072 -144 ) (-2048 -3072 -128 ) 
4 226 227 (-1024 -3104 704 ) (-1024 -3104 2048 ) (-1024 -3072 2048 ) (-1024 -3072 704 ) 
4 227 242 (-2048 -3104 704 ) (-2048 -3104 2048 ) (-2048 -3072 2048 ) (-2048 -3072 704 ) 
4 228 242 (-2048 -3072 704 ) (-2048 -3072 2048 ) (-3072 -3072 2048 ) (-3072 -3072 704 ) 
4 228 241 (-3072 -2048 2048 ) (-3072 -2048 704 ) (-3072 -3072 704 ) (-3072 -3072 2048 ) 
4 228 238 (-2944 -3008 128 ) (-2944 -3072 128 ) (-3008 -3072 128 ) (-3008 -3008 128 ) 
4 228 236 (-3008 -2048 128 ) (-2944 -2048 128 ) (-2944 -2240 128 ) (-3008 -2240 128 ) 
4 228 237 (-2944 -2304 128 ) (-2944 -2944 128 ) (-3008 -2944 128 ) (-3008 -2304 128 ) 
4 228 239 (-3072 -3072 128 ) (-3072 -2048 128 ) (-3008 -2048 128 ) (-3008 -3072 128 ) 
4 228 233 (-2656 -2048 128 ) (-2592 -2048 128 ) (-2592 -2592 128 ) (-2656 -2592 128 ) 
4 228 234 (-2592 -2656 128 ) (-2592 -3072 128 ) (-2656 -3072 128 ) (-2656 -2656 128 ) 
4 228 235 (-2944 -2048 128 ) (-2656 -2048 128 ) (-2656 -3072 128 ) (-2944 -3072 128 ) 
4 228 230 (-2304 -2048 128 ) (-2240 -2048 128 ) (-2240 -2944 128 ) (-2304 -2944 128 ) 
4 228 231 (-2240 -3008 128 ) (-2240 -3072 128 ) (-2304 -3072 128 ) (-2304 -3008 128 ) 
4 228 229 (-2240 -2048 128 ) (-2048 -2048 128 ) (-2048 -3072 128 ) (-2240 -3072 128 ) 
4 228 232 (-2592 -2048 128 ) (-2304 -2048 128 ) (-2304 -3072 128 ) (-2592 -3072 128 ) 
4 229 240 (-2048 -3072 -128 ) (-2240 -3072 -128 ) (-2240 -2048 -128 ) (-2048 -2048 -128 ) 
4 229 230 (-2240 -2048 -128 ) (-2240 -2944 -128 ) (-2240 -2944 128 ) (-2240 -2048 128 ) 
4 229 231 (-2240 -3008 -128 ) (-2240 -3072 -128 ) (-2240 -3072 128 ) (-2240 -3008 128 ) 
4 230 240 (-2304 -2944 -128 ) (-2304 -2048 -128 ) (-2240 -2048 -128 ) (-2240 -2944 -128 ) 
4 230 232 (-2304 -2048 -128 ) (-2304 -2944 -128 ) (-2304 -2944 128 ) (-2304 -2048 128 ) 
4 231 240 (-2240 -3072 -128 ) (-2304 -3072 -128 ) (-2304 -3008 -128 ) (-2240 -3008 -128 ) 
4 231 232 (-2304 -3008 -128 ) (-2304 -3072 -128 ) (-2304 -3072 128 ) (-2304 -3008 128 ) 
4 232 240 (-2304 -3072 -128 ) (-2592 -3072 -128 ) (-2592 -2048 -128 ) (-2304 -2048 -128 ) 
4 232 233 (-2592 -2048 -128 ) (-2592 -2592 -128 ) (-2592 -2592 128 ) (-2592 -2048 128 ) 
4 232 234 (-2592 -2656 -128 ) (-2592 -3072 -128 ) (-2592 -3072 128 ) (-2592 -2656 128 ) 
4 233 240 (-2656 -2592 -128 ) (-2656 -2048 -128 ) (-2592 -2048 -128 ) (-2592 -2592 -128 ) 
4 233 235 (-2656 -2048 -128 ) (-2656 -2592 -128 ) (-2656 -2592 128 ) (-2656 -2048 128 ) 
4 234 240 (-2592 -3072 -128 ) (-2656 -3072 -128 ) (-2656 -2656 -128 ) (-2592 -2656 -128 ) 
4 234 235 (-2656 -2656 -128 ) (-2656 -3072 -128 ) (-2656 -3072 128 ) (-2656 -2656 128 ) 
4 235 240 (-2656 -3072 -128 ) (-2944 -3072 -128 ) (-2944 -2048 -128 ) (-2656 -2048 -128 ) 
4 235 238 (-2944 -3008 -128 ) (-2944 -3072 -128 ) (-2944 -3072 128 ) (-2944 -3008 128 ) 
4 235 236 (-2944 -2048 -128 ) (-2944 -2240 -128 ) (-2944 -2240 128 ) (-2944 -2048 128 ) 
4 235 237 (-2944 -2304 -128 ) (-2944 -2944 -128 ) (-2944 -2944 128 ) (-2944 -2304 128 ) 
4 236 240 (-3008 -2240 -128 ) (-3008 -2048 -128 ) (-2944 -2048 -128 ) (-2944 -2240 -128 ) 
4 236 239 (-3008 -2048 -128 ) (-3008 -2240 -128 ) (-3008 -2240 128 ) (-3008 -2048 128 ) 
4 237 240 (-3008 -2944 -128 ) (-3008 -2304 -128 ) (-2944 -2304 -128 ) (-2944 -2944 -128 ) 
4 237 239 (-3008 -2304 -128 ) (-3008 -2944 -128 ) (-3008 -2944 128 ) (-3008 -2304 128 ) 
4 238 240 (-2944 -3072 -128 ) (-3008 -3072 -128 ) (-3008 -3008 -128 ) (-2944 -3008 -128 ) 
4 238 239 (-3008 -3008 -128 ) (-3008 -3072 -128 ) (-3008 -3072 128 ) (-3008 -3008 128 ) 
4 239 240 (-3008 -3072 -128 ) (-3072 -3072 -128 ) (-3072 -2048 -128 ) (-3008 -2048 -128 ) 
4 241 243 (-3072 -3072 704 ) (-3072 -3072 2048 ) (-3104 -3072 2048 ) (-3104 -3072 704 ) 
4 242 243 (-3072 -3072 2048 ) (-3072 -3072 704 ) (-3072 -3104 704 ) (-3072 -3104 2048 ) 
