PRT1
207
597
4 0 2 (2048 4096 -2016 ) (2048 4096 2048 ) (2048 4144 2048 ) (2048 4144 -2016 ) 
4 0 1 (3072 4096 -2016 ) (3072 4096 2048 ) (2048 4096 2048 ) (2048 4096 -2016 ) 
4 1 8 (3072 3072 -2016 ) (3072 3072 2048 ) (2048 3072 2048 ) (2048 3072 -2016 ) 
4 1 3 (2048 3072 -2016 ) (2048 3072 2048 ) (2048 4096 2048 ) (2048 4096 -2016 ) 
4 2 4 (1024 4096 -2016 ) (1024 4096 2048 ) (1024 4144 2048 ) (1024 4144 -2016 ) 
4 2 3 (2048 4096 -2016 ) (2048 4096 2048 ) (1024 4096 2048 ) (1024 4096 -2016 ) 
4 3 12 (2048 3072 -2016 ) (2048 3072 2048 ) (1024 3072 2048 ) (1024 3072 -2016 ) 
4 3 6 (1024 3072 -2016 ) (1024 3072 2048 ) (1024 4096 2048 ) (1024 4096 -2016 ) 
4 4 6 (1024 4096 -2016 ) (1024 4096 2048 ) (0 4096 2048 ) (0 4096 -2016 ) 
4 4 5 (0 4096 -2016 ) (0 4096 2048 ) (0 4144 2048 ) (0 4144 -2016 ) 
4 5 42 (-1024 4096 -2016 ) (-1024 4096 2048 ) (-1024 4144 2048 ) (-1024 4144 -2016 ) 
4 5 7 (0 4096 -2016 ) (0 4096 2048 ) (-1024 4096 2048 ) (-1024 4096 -2016 ) 
4 6 14 (1024 3072 -2016 ) (1024 3072 2048 ) (0 3072 2048 ) (0 3072 -2016 ) 
4 6 7 (0 4096 2048 ) (0 4096 -2016 ) (0 3072 -2016 ) (0 3072 2048 ) 
4 7 43 (-1024 3072 -2016 ) (-1024 3072 2048 ) (-1024 4096 2048 ) (-1024 4096 -2016 ) 
4 7 18 (0 3072 -2016 ) (0 3072 -192 ) (-1024 3072 -192 ) (-1024 3072 -2016 ) 
4 7 15 (0 3072 -192 ) (0 3072 2048 ) (-1024 3072 2048 ) (-1024 3072 -192 ) 
4 8 12 (2048 3072 2048 ) (2048 3072 -2016 ) (2048 2048 -2016 ) (2048 2048 2048 ) 
4 8 9 (3072 2048 -2016 ) (3072 2048 2048 ) (2048 2048 2048 ) (2048 2048 -2016 ) 
4 9 13 (2048 1024 -2016 ) (2048 1024 2048 ) (2048 2048 2048 ) (2048 2048 -2016 ) 
4 9 10 (3072 1024 -2016 ) (3072 1024 2048 ) (2048 1024 2048 ) (2048 1024 -2016 ) 
4 10 24 (2048 0 -2016 ) (2048 0 2048 ) (2048 1024 2048 ) (2048 1024 -2016 ) 
4 10 11 (3072 0 -2016 ) (3072 0 2048 ) (2048 0 2048 ) (2048 0 -2016 ) 
4 11 84 (3072 -1024 -2016 ) (3072 -1024 2048 ) (2048 -1024 2048 ) (2048 -1024 -2016 ) 
4 11 25 (2048 -1024 -2016 ) (2048 -1024 2048 ) (2048 0 2048 ) (2048 0 -2016 ) 
4 12 14 (1024 3072 2048 ) (1024 3072 -2016 ) (1024 2048 -2016 ) (1024 2048 2048 ) 
4 12 13 (2048 2048 -2016 ) (2048 2048 2048 ) (1024 2048 2048 ) (1024 2048 -2016 ) 
4 13 24 (2048 1024 -2016 ) (2048 1024 2048 ) (1024 1024 2048 ) (1024 1024 -2016 ) 
4 13 19 (1024 1024 -2016 ) (1024 1024 2048 ) (1024 2048 2048 ) (1024 2048 -2016 ) 
4 14 19 (1024 2048 -2016 ) (1024 2048 2048 ) (0 2048 2048 ) (0 2048 -2016 ) 
4 14 18 (0 3072 -192 ) (0 3072 -2016 ) (0 2048 -2016 ) (0 2048 -192 ) 
4 14 17 (0 2080 -192 ) (0 2048 -192 ) (0 2048 480 ) (0 2080 480 ) 
4 14 16 (0 2048 480 ) (0 2048 2048 ) (0 2080 2048 ) (0 2080 480 ) 
4 14 15 (0 3072 2048 ) (0 3072 -192 ) (0 2080 -192 ) (0 2080 2048 ) 
4 15 50 (-1024 2080 2048 ) (-1024 3072 2048 ) (-1024 3072 -192 ) (-1024 2080 -192 ) 
4 15 18 (-1024 2080 -192 ) (-1024 3072 -192 ) (0 3072 -192 ) (0 2080 -192 ) 
4 15 17 (-768 2080 -192 ) (0 2080 -192 ) (0 2080 480 ) (-768 2080 480 ) 
4 15 16 (0 2080 480 ) (0 2080 2048 ) (-1024 2080 2048 ) (-1024 2080 480 ) 
4 16 51 (-1024 2048 480 ) (-1024 2048 2048 ) (-1024 2080 2048 ) (-1024 2080 480 ) 
4 16 20 (0 2048 480 ) (0 2048 2048 ) (-1024 2048 2048 ) (-1024 2048 480 ) 
4 16 17 (0 2048 480 ) (-736 2048 480 ) (-768 2080 480 ) (0 2080 480 ) 
4 17 21 (0 2048 -192 ) (0 2048 480 ) (-736 2048 480 ) (-736 2048 -192 ) 
4 17 18 (0 2048 -192 ) (-736 2048 -192 ) (-768 2080 -192 ) (0 2080 -192 ) 
4 18 53 (-1024 2048 -2016 ) (-1024 2048 -192 ) (-1024 3072 -192 ) (-1024 3072 -2016 ) 
4 18 23 (0 2048 -2016 ) (0 2048 -192 ) (-1024 2048 -192 ) (-1024 2048 -2016 ) 
4 19 31 (1024 1024 -2016 ) (1024 1024 -96 ) (0 1024 -96 ) (0 1024 -2016 ) 
4 19 26 (1024 1024 -96 ) (1024 1024 2048 ) (0 1024 2048 ) (0 1024 -96 ) 
4 19 23 (0 2048 -192 ) (0 2048 -2016 ) (0 1024 -2016 ) (0 1024 -192 ) 
4 19 21 (0 2048 480 ) (0 2048 -192 ) (0 1888 -192 ) (0 1888 480 ) 
4 19 20 (0 2048 2048 ) (0 2048 480 ) (0 1888 480 ) (0 1888 2048 ) 
4 19 22 (0 1888 -192 ) (0 1024 -192 ) (0 1024 2048 ) (0 1888 2048 ) 
4 20 54 (-1024 1888 2048 ) (-1024 2048 2048 ) (-1024 2048 480 ) (-1024 1888 480 ) 
4 20 21 (0 1888 480 ) (-576 1888 480 ) (-736 2048 480 ) (0 2048 480 ) 
4 20 22 (0 1888 480 ) (0 1888 2048 ) (-1024 1888 2048 ) (-1024 1888 480 ) 
4 21 23 (-736 2048 -192 ) (0 2048 -192 ) (0 1888 -192 ) (-576 1888 -192 ) 
4 21 22 (-576 1888 -192 ) (0 1888 -192 ) (0 1888 480 ) (-576 1888 480 ) 
4 22 56 (-1024 1024 -192 ) (-1024 1024 2048 ) (-1024 1888 2048 ) (-1024 1888 -192 ) 
4 22 35 (0 1024 -192 ) (0 1024 -96 ) (-1024 1024 -96 ) (-1024 1024 -192 ) 
4 22 32 (0 1024 -96 ) (0 1024 2048 ) (-1024 1024 2048 ) (-1024 1024 -96 ) 
4 22 23 (0 1024 -192 ) (-1024 1024 -192 ) (-1024 1888 -192 ) (0 1888 -192 ) 
4 23 57 (-1024 1024 -2016 ) (-1024 1024 -192 ) (-1024 2048 -192 ) (-1024 2048 -2016 ) 
4 23 35 (0 1024 -2016 ) (0 1024 -192 ) (-1024 1024 -192 ) (-1024 1024 -2016 ) 
4 24 31 (1024 1024 -96 ) (1024 1024 -2016 ) (1024 0 -2016 ) (1024 0 -96 ) 
4 24 28 (1024 544 -96 ) (1024 352 -96 ) (1024 352 672 ) (1024 544 672 ) 
4 24 27 (1024 352 672 ) (1024 352 2048 ) (1024 544 2048 ) (1024 544 672 ) 
4 24 26 (1024 1024 2048 ) (1024 1024 -96 ) (1024 544 -96 ) (1024 544 2048 ) 
4 24 30 (1024 352 -96 ) (1024 0 -96 ) (1024 0 2048 ) (1024 352 2048 ) 
4 24 25 (2048 0 -2016 ) (2048 0 2048 ) (1024 0 2048 ) (1024 0 -2016 ) 
4 25 92 (2048 -1024 -2016 ) (2048 -1024 -480 ) (1024 -1024 -480 ) (1024 -1024 -2016 ) 
4 25 91 (1024 -1024 -96 ) (1024 -1024 -480 ) (1056 -1024 -480 ) (1056 -1024 -96 ) 
4 25 89 (1056 -1024 2048 ) (1024 -1024 2048 ) (1024 -1024 -96 ) (1056 -1024 -96 ) 
4 25 88 (2048 -1024 -480 ) (2048 -1024 2048 ) (1056 -1024 2048 ) (1056 -1024 -480 ) 
4 25 36 (1024 -1024 -2016 ) (1024 -1024 2048 ) (1024 0 2048 ) (1024 0 -2016 ) 
4 26 32 (0 1024 2048 ) (0 1024 -96 ) (0 544 -96 ) (0 544 2048 ) 
4 26 31 (0 544 -96 ) (0 1024 -96 ) (1024 1024 -96 ) (1024 544 -96 ) 
4 26 28 (672 544 -96 ) (1024 544 -96 ) (1024 544 672 ) (672 544 672 ) 
4 26 27 (1024 544 672 ) (1024 544 2048 ) (0 544 2048 ) (0 544 672 ) 
4 27 33 (0 352 672 ) (0 352 2048 ) (0 544 2048 ) (0 544 672 ) 
3 27 29 (96 352 672 ) (0 352 672 ) (0 448 672 ) 
4 27 28 (1024 352 672 ) (480 352 672 ) (672 544 672 ) (1024 544 672 ) 
4 27 30 (1024 352 672 ) (1024 352 2048 ) (0 352 2048 ) (0 352 672 ) 
4 28 31 (672 544 -96 ) (1024 544 -96 ) (1024 352 -96 ) (480 352 -96 ) 
4 28 30 (480 352 -96 ) (1024 352 -96 ) (1024 352 672 ) (480 352 672 ) 
4 29 34 (0 448 -96 ) (0 352 -96 ) (0 352 672 ) (0 448 672 ) 
3 29 31 (0 352 -96 ) (0 448 -96 ) (96 352 -96 ) 
4 29 30 (0 352 -96 ) (96 352 -96 ) (96 352 672 ) (0 352 672 ) 
4 30 36 (1024 0 -96 ) (1024 0 2048 ) (0 0 2048 ) (0 0 -96 ) 
4 30 34 (0 352 -96 ) (0 0 -96 ) (0 0 672 ) (0 352 672 ) 
4 30 33 (0 0 672 ) (0 0 2048 ) (0 352 2048 ) (0 352 672 ) 
4 30 31 (0 0 -96 ) (0 352 -96 ) (1024 352 -96 ) (1024 0 -96 ) 
4 31 36 (1024 0 -2016 ) (1024 0 -96 ) (0 0 -96 ) (0 0 -2016 ) 
4 31 35 (0 1024 -96 ) (0 1024 -2016 ) (0 0 -2016 ) (0 0 -96 ) 
4 32 62 (-1024 544 2048 ) (-1024 1024 2048 ) (-1024 1024 -96 ) (-1024 544 -96 ) 
4 32 35 (-1024 544 -96 ) (-1024 1024 -96 ) (0 1024 -96 ) (0 544 -96 ) 
4 32 34 (-1024 544 -96 ) (-96 544 -96 ) (-96 544 672 ) (-1024 544 672 ) 
4 32 33 (0 544 672 ) (0 544 2048 ) (-1024 544 2048 ) (-1024 544 672 ) 
4 33 63 (-1024 0 672 ) (-1024 0 2048 ) (-1024 544 2048 ) (-1024 544 672 ) 
4 33 37 (0 0 672 ) (0 0 2048 ) (-1024 0 2048 ) (-1024 0 672 ) 
5 33 34 (0 0 672 ) (-1024 0 672 ) (-1024 544 672 ) (-96 544 672 ) (0 448 672 ) 
4 34 64 (-1024 0 -96 ) (-1024 0 672 ) (-1024 544 672 ) (-1024 544 -96 ) 
4 34 37 (0 0 -96 ) (0 0 672 ) (-1024 0 672 ) (-1024 0 -96 ) 
5 34 35 (0 0 -96 ) (-1024 0 -96 ) (-1024 544 -96 ) (-96 544 -96 ) (0 448 -96 ) 
4 35 65 (-1024 0 -2016 ) (-1024 0 -96 ) (-1024 1024 -96 ) (-1024 1024 -2016 ) 
4 35 38 (0 0 -2016 ) (0 0 -648 ) (-1024 0 -648 ) (-1024 0 -2016 ) 
4 35 37 (0 0 -648 ) (0 0 -96 ) (-1024 0 -96 ) (-1024 0 -648 ) 
4 36 98 (1024 -1024 -2016 ) (1024 -1024 -480 ) (0 -1024 -480 ) (0 -1024 -2016 ) 
4 36 96 (1024 -1024 -480 ) (1024 -1024 -96 ) (864 -1024 -96 ) (864 -1024 -480 ) 
4 36 94 (1024 -1024 -96 ) (1024 -1024 2048 ) (864 -1024 2048 ) (864 -1024 -96 ) 
4 36 97 (864 -1024 2048 ) (0 -1024 2048 ) (0 -1024 -480 ) (864 -1024 -480 ) 
4 36 39 (0 -1024 -672 ) (0 -1024 -648 ) (0 -608 -648 ) (0 -608 -672 ) 
4 36 41 (0 -608 -2016 ) (0 -1024 -2016 ) (0 -1024 -672 ) (0 -608 -672 ) 
4 36 38 (0 0 -648 ) (0 0 -2016 ) (0 -608 -2016 ) (0 -608 -648 ) 
4 36 37 (0 0 2048 ) (0 0 -648 ) (0 -1024 -648 ) (0 -1024 2048 ) 
4 37 99 (0 -1024 -648 ) (0 -1024 2048 ) (-1024 -1024 2048 ) (-1024 -1024 -648 ) 
4 37 66 (-1024 -1024 -648 ) (-1024 -1024 2048 ) (-1024 0 2048 ) (-1024 0 -648 ) 
4 37 40 (-352 -1024 -648 ) (-1024 -1024 -648 ) (-1024 -608 -648 ) (-768 -608 -648 ) 
4 37 39 (0 -608 -648 ) (0 -1024 -648 ) (-352 -1024 -648 ) (-768 -608 -648 ) 
4 37 38 (0 0 -648 ) (0 -608 -648 ) (-1024 -608 -648 ) (-1024 0 -648 ) 
4 38 67 (-1024 -608 -648 ) (-1024 0 -648 ) (-1024 0 -2016 ) (-1024 -608 -2016 ) 
4 38 40 (-768 -608 -648 ) (-1024 -608 -648 ) (-1024 -608 -672 ) (-768 -608 -672 ) 
4 38 39 (0 -608 -672 ) (0 -608 -648 ) (-768 -608 -648 ) (-768 -608 -672 ) 
4 38 41 (-1024 -608 -2016 ) (0 -608 -2016 ) (0 -608 -672 ) (-1024 -608 -672 ) 
4 39 101 (-96 -1024 -648 ) (-352 -1024 -648 ) (-352 -1024 -672 ) (-96 -1024 -672 ) 
4 39 100 (0 -1024 -672 ) (0 -1024 -648 ) (-96 -1024 -648 ) (-96 -1024 -672 ) 
4 39 41 (0 -1024 -672 ) (-352 -1024 -672 ) (-768 -608 -672 ) (0 -608 -672 ) 
4 39 40 (-768 -608 -648 ) (-768 -608 -672 ) (-352 -1024 -672 ) (-352 -1024 -648 ) 
4 40 103 (-352 -1024 -648 ) (-1024 -1024 -648 ) (-1024 -1024 -672 ) (-352 -1024 -672 ) 
4 40 69 (-1024 -1024 -672 ) (-1024 -1024 -648 ) (-1024 -608 -648 ) (-1024 -608 -672 ) 
4 40 41 (-352 -1024 -672 ) (-1024 -1024 -672 ) (-1024 -608 -672 ) (-768 -608 -672 ) 
4 41 104 (-96 -1024 -672 ) (-1024 -1024 -672 ) (-1024 -1024 -2016 ) (-96 -1024 -2016 ) 
4 41 100 (0 -1024 -2016 ) (0 -1024 -672 ) (-96 -1024 -672 ) (-96 -1024 -2016 ) 
4 41 70 (-1024 -1024 -2016 ) (-1024 -1024 -672 ) (-1024 -608 -672 ) (-1024 -608 -2016 ) 
4 42 44 (-2048 4096 -2016 ) (-2048 4096 2048 ) (-2048 4144 2048 ) (-2048 4144 -2016 ) 
4 42 43 (-1024 4096 -2016 ) (-1024 4096 2048 ) (-2048 4096 2048 ) (-2048 4096 -2016 ) 
4 43 53 (-1024 3072 -2016 ) (-1024 3072 -192 ) (-2048 3072 -192 ) (-2048 3072 -2016 ) 
4 43 50 (-1024 3072 -192 ) (-1024 3072 2048 ) (-2048 3072 2048 ) (-2048 3072 -192 ) 
4 43 46 (-2048 3072 -2016 ) (-2048 3072 2048 ) (-2048 4096 2048 ) (-2048 4096 -2016 ) 
4 44 46 (-2048 4096 -2016 ) (-2048 4096 2048 ) (-3072 4096 2048 ) (-3072 4096 -2016 ) 
4 44 45 (-3072 4096 -2016 ) (-3072 4096 2048 ) (-3072 4144 2048 ) (-3072 4144 -2016 ) 
4 45 48 (-4096 4096 -2016 ) (-4096 4096 2048 ) (-4096 4144 2048 ) (-4096 4144 -2016 ) 
4 45 47 (-3072 4096 -2016 ) (-3072 4096 2048 ) (-4096 4096 2048 ) (-4096 4096 -2016 ) 
4 46 58 (-2048 3072 -2016 ) (-2048 3072 2048 ) (-3072 3072 2048 ) (-3072 3072 -2016 ) 
4 46 47 (-3072 4096 2048 ) (-3072 4096 -2016 ) (-3072 3072 -2016 ) (-3072 3072 2048 ) 
4 47 59 (-3072 3072 -2016 ) (-3072 3072 2048 ) (-4096 3072 2048 ) (-4096 3072 -2016 ) 
4 47 49 (-4096 3072 -2016 ) (-4096 3072 2048 ) (-4096 4096 2048 ) (-4096 4096 -2016 ) 
4 48 49 (-4096 4096 -2016 ) (-4096 4096 2048 ) (-5120 4096 2048 ) (-5120 4096 -2016 ) 
4 49 80 (-4096 3072 -2016 ) (-4096 3072 2048 ) (-5120 3072 2048 ) (-5120 3072 -2016 ) 
4 50 58 (-2048 3072 2048 ) (-2048 3072 -192 ) (-2048 2080 -192 ) (-2048 2080 2048 ) 
4 50 53 (-2048 2080 -192 ) (-2048 3072 -192 ) (-1024 3072 -192 ) (-1024 2080 -192 ) 
4 50 52 (-2048 2080 -192 ) (-1344 2080 -192 ) (-1344 2080 480 ) (-2048 2080 480 ) 
4 50 51 (-1024 2080 480 ) (-1024 2080 2048 ) (-2048 2080 2048 ) (-2048 2080 480 ) 
4 51 58 (-2048 2048 480 ) (-2048 2048 2048 ) (-2048 2080 2048 ) (-2048 2080 480 ) 
4 51 54 (-1024 2048 480 ) (-1024 2048 2048 ) (-2048 2048 2048 ) (-2048 2048 480 ) 
4 51 52 (-1376 2048 480 ) (-2048 2048 480 ) (-2048 2080 480 ) (-1344 2080 480 ) 
4 52 58 (-2048 2080 -192 ) (-2048 2048 -192 ) (-2048 2048 480 ) (-2048 2080 480 ) 
4 52 55 (-1376 2048 480 ) (-2048 2048 480 ) (-2048 2048 -192 ) (-1376 2048 -192 ) 
4 52 53 (-1376 2048 -192 ) (-2048 2048 -192 ) (-2048 2080 -192 ) (-1344 2080 -192 ) 
4 53 58 (-2048 3072 -192 ) (-2048 3072 -2016 ) (-2048 2048 -2016 ) (-2048 2048 -192 ) 
4 53 57 (-1024 2048 -2016 ) (-1024 2048 -192 ) (-2048 2048 -192 ) (-2048 2048 -2016 ) 
4 54 60 (-2048 1888 2048 ) (-2048 2048 2048 ) (-2048 2048 480 ) (-2048 1888 480 ) 
4 54 55 (-1536 1888 480 ) (-2048 1888 480 ) (-2048 2048 480 ) (-1376 2048 480 ) 
4 54 56 (-1024 1888 480 ) (-1024 1888 2048 ) (-2048 1888 2048 ) (-2048 1888 480 ) 
4 55 60 (-2048 2048 480 ) (-2048 2048 -192 ) (-2048 1888 -192 ) (-2048 1888 480 ) 
4 55 57 (-2048 1888 -192 ) (-2048 2048 -192 ) (-1376 2048 -192 ) (-1536 1888 -192 ) 
4 55 56 (-2048 1888 -192 ) (-1536 1888 -192 ) (-1536 1888 480 ) (-2048 1888 480 ) 
4 56 65 (-1024 1024 -192 ) (-1024 1024 -96 ) (-2048 1024 -96 ) (-2048 1024 -192 ) 
4 56 62 (-1024 1024 -96 ) (-1024 1024 2048 ) (-2048 1024 2048 ) (-2048 1024 -96 ) 
4 56 60 (-2048 1024 -192 ) (-2048 1024 2048 ) (-2048 1888 2048 ) (-2048 1888 -192 ) 
4 56 57 (-1024 1024 -192 ) (-2048 1024 -192 ) (-2048 1888 -192 ) (-1024 1888 -192 ) 
4 57 65 (-1024 1024 -2016 ) (-1024 1024 -192 ) (-2048 1024 -192 ) (-2048 1024 -2016 ) 
4 57 60 (-2048 1024 -2016 ) (-2048 1024 -192 ) (-2048 2048 -192 ) (-2048 2048 -2016 ) 
4 58 60 (-2048 2048 -2016 ) (-2048 2048 2048 ) (-3072 2048 2048 ) (-3072 2048 -2016 ) 
4 58 59 (-3072 3072 2048 ) (-3072 3072 -2016 ) (-3072 2048 -2016 ) (-3072 2048 2048 ) 
4 59 80 (-4096 3072 2048 ) (-4096 3072 -2016 ) (-4096 2048 -2016 ) (-4096 2048 2048 ) 
4 59 61 (-3072 2048 -2016 ) (-3072 2048 2048 ) (-4096 2048 2048 ) (-4096 2048 -2016 ) 
4 60 76 (-2048 1024 -2016 ) (-2048 1024 -96 ) (-3072 1024 -96 ) (-3072 1024 -2016 ) 
4 60 71 (-2048 1024 -96 ) (-2048 1024 2048 ) (-3072 1024 2048 ) (-3072 1024 -96 ) 
4 60 61 (-3072 2048 2048 ) (-3072 2048 -2016 ) (-3072 1024 -2016 ) (-3072 1024 2048 ) 
4 61 81 (-4096 1024 -2016 ) (-4096 1024 2048 ) (-4096 2048 2048 ) (-4096 2048 -2016 ) 
4 61 77 (-3072 1024 -2016 ) (-3072 1024 2048 ) (-4096 1024 2048 ) (-4096 1024 -2016 ) 
4 62 71 (-2048 1024 2048 ) (-2048 1024 -96 ) (-2048 544 -96 ) (-2048 544 2048 ) 
4 62 65 (-2048 544 -96 ) (-2048 1024 -96 ) (-1024 1024 -96 ) (-1024 544 -96 ) 
4 62 64 (-2016 544 -96 ) (-1024 544 -96 ) (-1024 544 672 ) (-2016 544 672 ) 
4 62 63 (-1024 544 672 ) (-1024 544 2048 ) (-2048 544 2048 ) (-2048 544 672 ) 
4 63 72 (-2048 352 2048 ) (-2048 544 2048 ) (-2048 544 672 ) (-2048 352 672 ) 
4 63 75 (-2048 0 672 ) (-2048 0 2048 ) (-2048 352 2048 ) (-2048 352 672 ) 
4 63 66 (-1024 0 672 ) (-1024 0 2048 ) (-2048 0 2048 ) (-2048 0 672 ) 
5 63 64 (-1024 0 672 ) (-2048 0 672 ) (-2048 512 672 ) (-2016 544 672 ) (-1024 544 672 ) 
4 64 73 (-2048 512 -96 ) (-2048 352 -96 ) (-2048 352 672 ) (-2048 512 672 ) 
4 64 75 (-2048 352 -96 ) (-2048 0 -96 ) (-2048 0 672 ) (-2048 352 672 ) 
4 64 66 (-1024 0 -96 ) (-1024 0 672 ) (-2048 0 672 ) (-2048 0 -96 ) 
5 64 65 (-1024 0 -96 ) (-2048 0 -96 ) (-2048 512 -96 ) (-2016 544 -96 ) (-1024 544 -96 ) 
4 65 76 (-2048 1024 -96 ) (-2048 1024 -2016 ) (-2048 0 -2016 ) (-2048 0 -96 ) 
4 65 67 (-1024 0 -2016 ) (-1024 0 -648 ) (-2048 0 -648 ) (-2048 0 -2016 ) 
4 65 66 (-1024 0 -648 ) (-1024 0 -96 ) (-2048 0 -96 ) (-2048 0 -648 ) 
4 66 148 (-1024 -1024 -648 ) (-1024 -1024 2048 ) (-2048 -1024 2048 ) (-2048 -1024 -648 ) 
4 66 78 (-2048 -1024 -648 ) (-2048 -1024 2048 ) (-2048 0 2048 ) (-2048 0 -648 ) 
4 66 69 (-1024 -1024 -648 ) (-1760 -1024 -648 ) (-1344 -608 -648 ) (-1024 -608 -648 ) 
4 66 68 (-1760 -1024 -648 ) (-2048 -1024 -648 ) (-2048 -608 -648 ) (-1344 -608 -648 ) 
4 66 67 (-2048 -608 -648 ) (-2048 0 -648 ) (-1024 0 -648 ) (-1024 -608 -648 ) 
4 67 78 (-2048 -608 -648 ) (-2048 0 -648 ) (-2048 0 -2016 ) (-2048 -608 -2016 ) 
4 67 69 (-1024 -608 -672 ) (-1024 -608 -648 ) (-1344 -608 -648 ) (-1344 -608 -672 ) 
4 67 68 (-1344 -608 -648 ) (-2048 -608 -648 ) (-2048 -608 -672 ) (-1344 -608 -672 ) 
4 67 70 (-2048 -608 -2016 ) (-1024 -608 -2016 ) (-1024 -608 -672 ) (-2048 -608 -672 ) 
4 68 150 (-1760 -1024 -648 ) (-2016 -1024 -648 ) (-2016 -1024 -672 ) (-1760 -1024 -672 ) 
4 68 153 (-2016 -1024 -648 ) (-2048 -1024 -648 ) (-2048 -1024 -672 ) (-2016 -1024 -672 ) 
4 68 78 (-2048 -1024 -672 ) (-2048 -1024 -648 ) (-2048 -608 -648 ) (-2048 -608 -672 ) 
4 68 70 (-2048 -608 -672 ) (-1344 -608 -672 ) (-1760 -1024 -672 ) (-2048 -1024 -672 ) 
4 68 69 (-1760 -1024 -672 ) (-1344 -608 -672 ) (-1344 -608 -648 ) (-1760 -1024 -648 ) 
4 69 151 (-1024 -1024 -672 ) (-1024 -1024 -648 ) (-1760 -1024 -648 ) (-1760 -1024 -672 ) 
4 69 70 (-1344 -608 -672 ) (-1024 -608 -672 ) (-1024 -1024 -672 ) (-1760 -1024 -672 ) 
4 70 152 (-1024 -1024 -2016 ) (-1024 -1024 -672 ) (-2016 -1024 -672 ) (-2016 -1024 -2016 ) 
4 70 153 (-2016 -1024 -672 ) (-2048 -1024 -672 ) (-2048 -1024 -2016 ) (-2016 -1024 -2016 ) 
4 70 78 (-2048 -1024 -2016 ) (-2048 -1024 -672 ) (-2048 -608 -672 ) (-2048 -608 -2016 ) 
4 71 77 (-3072 1024 2048 ) (-3072 1024 -96 ) (-3072 544 -96 ) (-3072 544 2048 ) 
4 71 76 (-3072 544 -96 ) (-3072 1024 -96 ) (-2048 1024 -96 ) (-2048 544 -96 ) 
4 71 74 (-3072 544 -96 ) (-2784 544 -96 ) (-2784 544 672 ) (-3072 544 672 ) 
4 71 72 (-2048 544 672 ) (-2048 544 2048 ) (-3072 544 2048 ) (-3072 544 672 ) 
4 72 77 (-3072 352 672 ) (-3072 352 2048 ) (-3072 544 2048 ) (-3072 544 672 ) 
4 72 74 (-2592 352 672 ) (-3072 352 672 ) (-3072 544 672 ) (-2784 544 672 ) 
3 72 73 (-2048 352 672 ) (-2208 352 672 ) (-2048 512 672 ) 
4 72 75 (-2048 352 672 ) (-2048 352 2048 ) (-3072 352 2048 ) (-3072 352 672 ) 
3 73 76 (-2048 512 -96 ) (-2048 352 -96 ) (-2208 352 -96 ) 
4 73 75 (-2208 352 -96 ) (-2048 352 -96 ) (-2048 352 672 ) (-2208 352 672 ) 
4 74 77 (-3072 544 -96 ) (-3072 352 -96 ) (-3072 352 672 ) (-3072 544 672 ) 
4 74 76 (-3072 352 -96 ) (-3072 544 -96 ) (-2784 544 -96 ) (-2592 352 -96 ) 
4 74 75 (-3072 352 -96 ) (-2592 352 -96 ) (-2592 352 672 ) (-3072 352 672 ) 
4 75 78 (-2048 0 -96 ) (-2048 0 2048 ) (-3072 0 2048 ) (-3072 0 -96 ) 
4 75 77 (-3072 352 -96 ) (-3072 0 -96 ) (-3072 0 2048 ) (-3072 352 2048 ) 
4 75 76 (-3072 0 -96 ) (-3072 352 -96 ) (-2048 352 -96 ) (-2048 0 -96 ) 
4 76 78 (-2048 0 -2016 ) (-2048 0 -96 ) (-3072 0 -96 ) (-3072 0 -2016 ) 
4 76 77 (-3072 1024 -96 ) (-3072 1024 -2016 ) (-3072 0 -2016 ) (-3072 0 -96 ) 
4 77 82 (-4096 0 -2016 ) (-4096 0 2048 ) (-4096 1024 2048 ) (-4096 1024 -2016 ) 
4 77 79 (-3072 0 -2016 ) (-3072 0 2048 ) (-4096 0 2048 ) (-4096 0 -2016 ) 
4 78 163 (-2048 -1024 -2016 ) (-2048 -1024 -480 ) (-3072 -1024 -480 ) (-3072 -1024 -2016 ) 
4 78 161 (-3072 -1024 -96 ) (-3072 -1024 -480 ) (-2976 -1024 -480 ) (-2976 -1024 -96 ) 
4 78 160 (-2976 -1024 2048 ) (-3072 -1024 2048 ) (-3072 -1024 -96 ) (-2976 -1024 -96 ) 
4 78 159 (-2048 -1024 -480 ) (-2048 -1024 2048 ) (-2976 -1024 2048 ) (-2976 -1024 -480 ) 
4 78 79 (-3072 0 2048 ) (-3072 0 -2016 ) (-3072 -1024 -2016 ) (-3072 -1024 2048 ) 
4 79 168 (-3072 -1024 -2016 ) (-3072 -1024 -480 ) (-4096 -1024 -480 ) (-4096 -1024 -2016 ) 
4 79 165 (-3072 -1024 -480 ) (-3072 -1024 -96 ) (-3168 -1024 -96 ) (-3168 -1024 -480 ) 
4 79 164 (-3072 -1024 -96 ) (-3072 -1024 2048 ) (-3168 -1024 2048 ) (-3168 -1024 -96 ) 
4 79 167 (-3168 -1024 2048 ) (-4096 -1024 2048 ) (-4096 -1024 -480 ) (-3168 -1024 -480 ) 
4 79 83 (-4096 -1024 -2016 ) (-4096 -1024 2048 ) (-4096 0 2048 ) (-4096 0 -2016 ) 
4 80 81 (-4096 2048 -2016 ) (-4096 2048 2048 ) (-5120 2048 2048 ) (-5120 2048 -2016 ) 
4 81 82 (-4096 1024 -2016 ) (-4096 1024 2048 ) (-5120 1024 2048 ) (-5120 1024 -2016 ) 
4 82 83 (-4096 0 -2016 ) (-4096 0 2048 ) (-5120 0 2048 ) (-5120 0 -2016 ) 
4 83 188 (-4096 -1024 -2016 ) (-4096 -1024 2048 ) (-5120 -1024 2048 ) (-5120 -1024 -2016 ) 
4 84 92 (2048 -1024 -480 ) (2048 -1024 -2016 ) (2048 -2048 -2016 ) (2048 -2048 -480 ) 
4 84 88 (2048 -1024 2048 ) (2048 -1024 -480 ) (2048 -2048 -480 ) (2048 -2048 2048 ) 
4 84 85 (3072 -2048 -2016 ) (3072 -2048 2048 ) (2048 -2048 2048 ) (2048 -2048 -2016 ) 
4 85 93 (2048 -3072 -2016 ) (2048 -3072 2048 ) (2048 -2048 2048 ) (2048 -2048 -2016 ) 
4 85 86 (3072 -3072 -2016 ) (3072 -3072 2048 ) (2048 -3072 2048 ) (2048 -3072 -2016 ) 
4 86 111 (2048 -4096 -2016 ) (2048 -4096 2048 ) (2048 -3072 2048 ) (2048 -3072 -2016 ) 
4 86 87 (3072 -4096 -2016 ) (3072 -4096 2048 ) (2048 -4096 2048 ) (2048 -4096 -2016 ) 
4 87 133 (3072 -5120 -2016 ) (3072 -5120 2048 ) (2048 -5120 2048 ) (2048 -5120 -2016 ) 
4 87 112 (2048 -5120 -2016 ) (2048 -5120 2048 ) (2048 -4096 2048 ) (2048 -4096 -2016 ) 
4 88 93 (2048 -2048 -480 ) (2048 -2048 2048 ) (1056 -2048 2048 ) (1056 -2048 -480 ) 
4 88 92 (2048 -2048 -480 ) (1056 -2048 -480 ) (1056 -1024 -480 ) (2048 -1024 -480 ) 
4 88 91 (1056 -1024 -480 ) (1056 -1184 -480 ) (1056 -1184 -96 ) (1056 -1024 -96 ) 
4 88 90 (1056 -1952 -480 ) (1056 -2048 -480 ) (1056 -2048 -96 ) (1056 -1952 -96 ) 
4 88 89 (1056 -2048 -96 ) (1056 -2048 2048 ) (1056 -1024 2048 ) (1056 -1024 -96 ) 
4 89 94 (1024 -1024 2048 ) (1024 -1024 -96 ) (1024 -2048 -96 ) (1024 -2048 2048 ) 
4 89 93 (1056 -2048 2048 ) (1024 -2048 2048 ) (1024 -2048 -96 ) (1056 -2048 -96 ) 
4 89 91 (1024 -1024 -96 ) (1056 -1024 -96 ) (1056 -1184 -96 ) (1024 -1216 -96 ) 
4 89 90 (1056 -1952 -96 ) (1056 -2048 -96 ) (1024 -2048 -96 ) (1024 -1920 -96 ) 
4 90 95 (1024 -1920 -480 ) (1024 -2048 -480 ) (1024 -2048 -96 ) (1024 -1920 -96 ) 
4 90 93 (1024 -2048 -96 ) (1024 -2048 -480 ) (1056 -2048 -480 ) (1056 -2048 -96 ) 
4 90 92 (1056 -2048 -480 ) (1024 -2048 -480 ) (1024 -1920 -480 ) (1056 -1952 -480 ) 
4 91 96 (1024 -1024 -96 ) (1024 -1024 -480 ) (1024 -1216 -480 ) (1024 -1216 -96 ) 
4 91 92 (1024 -1216 -480 ) (1024 -1024 -480 ) (1056 -1024 -480 ) (1056 -1184 -480 ) 
4 92 98 (1024 -1024 -480 ) (1024 -1024 -2016 ) (1024 -2048 -2016 ) (1024 -2048 -480 ) 
4 92 93 (2048 -2048 -2016 ) (2048 -2048 -480 ) (1024 -2048 -480 ) (1024 -2048 -2016 ) 
4 93 111 (2048 -3072 -2016 ) (2048 -3072 2048 ) (1024 -3072 2048 ) (1024 -3072 -2016 ) 
4 93 105 (1024 -3072 -2016 ) (1024 -3072 2048 ) (1024 -2048 2048 ) (1024 -2048 -2016 ) 
4 94 105 (1024 -2048 -96 ) (1024 -2048 2048 ) (864 -2048 2048 ) (864 -2048 -96 ) 
4 94 96 (864 -1376 -96 ) (864 -1024 -96 ) (1024 -1024 -96 ) (1024 -1216 -96 ) 
4 94 95 (864 -2048 -96 ) (864 -1760 -96 ) (1024 -1920 -96 ) (1024 -2048 -96 ) 
4 94 97 (864 -2048 -96 ) (864 -2048 2048 ) (864 -1024 2048 ) (864 -1024 -96 ) 
4 95 105 (1024 -2048 -480 ) (1024 -2048 -96 ) (864 -2048 -96 ) (864 -2048 -480 ) 
4 95 98 (1024 -1920 -480 ) (1024 -2048 -480 ) (864 -2048 -480 ) (864 -1760 -480 ) 
4 95 97 (864 -1760 -480 ) (864 -2048 -480 ) (864 -2048 -96 ) (864 -1760 -96 ) 
4 96 98 (864 -1024 -480 ) (1024 -1024 -480 ) (1024 -1216 -480 ) (864 -1376 -480 ) 
4 96 97 (864 -1024 -480 ) (864 -1376 -480 ) (864 -1376 -96 ) (864 -1024 -96 ) 
4 97 105 (864 -2048 2048 ) (0 -2048 2048 ) (0 -2048 -480 ) (864 -2048 -480 ) 
4 97 99 (0 -1024 2048 ) (0 -1024 -480 ) (0 -2048 -480 ) (0 -2048 2048 ) 
4 97 98 (0 -2048 -480 ) (0 -1024 -480 ) (864 -1024 -480 ) (864 -2048 -480 ) 
4 98 105 (1024 -2048 -2016 ) (1024 -2048 -480 ) (0 -2048 -480 ) (0 -2048 -2016 ) 
4 98 100 (0 -1024 -648 ) (0 -1024 -2016 ) (0 -2048 -2016 ) (0 -2048 -648 ) 
4 98 99 (0 -1024 -480 ) (0 -1024 -648 ) (0 -2048 -648 ) (0 -2048 -480 ) 
4 99 148 (-1024 -1024 2048 ) (-1024 -1024 -648 ) (-1024 -2048 -648 ) (-1024 -2048 2048 ) 
4 99 106 (0 -2048 -648 ) (0 -2048 2048 ) (-1024 -2048 2048 ) (-1024 -2048 -648 ) 
6 99 103 (-1024 -1024 -648 ) (-352 -1024 -648 ) (-96 -1280 -648 ) (-96 -1856 -648 ) (-288 -2048 -648 ) (-1024 -2048 -648 ) 
3 99 102 (-96 -1856 -648 ) (-96 -2048 -648 ) (-288 -2048 -648 ) 
3 99 101 (-352 -1024 -648 ) (-96 -1024 -648 ) (-96 -1280 -648 ) 
4 99 100 (-96 -1024 -648 ) (0 -1024 -648 ) (0 -2048 -648 ) (-96 -2048 -648 ) 
4 100 107 (0 -2048 -672 ) (0 -2048 -648 ) (-96 -2048 -648 ) (-96 -2048 -672 ) 
4 100 109 (0 -2048 -2016 ) (0 -2048 -672 ) (-96 -2048 -672 ) (-96 -2048 -2016 ) 
4 100 103 (-96 -1856 -648 ) (-96 -1280 -648 ) (-96 -1280 -672 ) (-96 -1856 -672 ) 
4 100 102 (-96 -2048 -672 ) (-96 -2048 -648 ) (-96 -1856 -648 ) (-96 -1856 -672 ) 
4 100 101 (-96 -1280 -648 ) (-96 -1024 -648 ) (-96 -1024 -672 ) (-96 -1280 -672 ) 
4 100 104 (-96 -1024 -2016 ) (-96 -2048 -2016 ) (-96 -2048 -672 ) (-96 -1024 -672 ) 
4 101 103 (-351.996094 -1024 -672 ) (-96 -1279.996094 -672 ) (-96 -1279.996094 -648 ) (-351.996094 -1024 -648 ) 
3 101 104 (-352 -1024 -672 ) (-96 -1024 -672 ) (-96 -1280 -672 ) 
4 102 107 (-96 -2048 -648 ) (-288 -2048 -648 ) (-288 -2048 -672 ) (-96 -2048 -672 ) 
3 102 104 (-96 -1856 -672 ) (-96 -2048 -672 ) (-288 -2048 -672 ) 
4 102 103 (-96 -1856 -648 ) (-96 -1856 -672 ) (-288 -2048 -672 ) (-288 -2048 -648 ) 
4 103 151 (-1024 -1024 -648 ) (-1024 -1024 -672 ) (-1024 -2048 -672 ) (-1024 -2048 -648 ) 
4 103 108 (-288 -2048 -648 ) (-1024 -2048 -648 ) (-1024 -2048 -672 ) (-288 -2048 -672 ) 
6 103 104 (-1024 -2048 -672 ) (-1024 -1024 -672 ) (-352 -1024 -672 ) (-96 -1280 -672 ) (-96 -1856 -672 ) (-288 -2048 -672 ) 
4 104 152 (-1024 -1024 -672 ) (-1024 -1024 -2016 ) (-1024 -2048 -2016 ) (-1024 -2048 -672 ) 
4 104 109 (-1024 -2048 -672 ) (-1024 -2048 -2016 ) (-96 -2048 -2016 ) (-96 -2048 -672 ) 
4 105 118 (1024 -3072 -2016 ) (1024 -3072 -96 ) (0 -3072 -96 ) (0 -3072 -2016 ) 
4 105 113 (1024 -3072 -96 ) (1024 -3072 2048 ) (0 -3072 2048 ) (0 -3072 -96 ) 
4 105 107 (0 -2048 -648 ) (0 -2048 -672 ) (0 -2528 -672 ) (0 -2528 -648 ) 
4 105 109 (0 -2048 -672 ) (0 -2048 -2016 ) (0 -2528 -2016 ) (0 -2528 -672 ) 
4 105 110 (0 -2528 -2016 ) (0 -3072 -2016 ) (0 -3072 -648 ) (0 -2528 -648 ) 
4 105 106 (0 -2048 2048 ) (0 -2048 -648 ) (0 -3072 -648 ) (0 -3072 2048 ) 
4 106 154 (-1024 -3072 -648 ) (-1024 -3072 2048 ) (-1024 -2048 2048 ) (-1024 -2048 -648 ) 
4 106 122 (0 -3072 -648 ) (0 -3072 -96 ) (-1024 -3072 -96 ) (-1024 -3072 -648 ) 
4 106 120 (0 -3072 -96 ) (0 -3072 672 ) (-1024 -3072 672 ) (-1024 -3072 -96 ) 
4 106 119 (0 -3072 672 ) (0 -3072 2048 ) (-1024 -3072 2048 ) (-1024 -3072 672 ) 
4 106 108 (-768 -2528 -648 ) (-1024 -2528 -648 ) (-1024 -2048 -648 ) (-288 -2048 -648 ) 
4 106 107 (0 -2048 -648 ) (0 -2528 -648 ) (-768 -2528 -648 ) (-288 -2048 -648 ) 
4 106 110 (0 -2528 -648 ) (0 -3072 -648 ) (-1024 -3072 -648 ) (-1024 -2528 -648 ) 
4 107 109 (0 -2528 -672 ) (-768 -2528 -672 ) (-288 -2048 -672 ) (0 -2048 -672 ) 
4 107 110 (0 -2528 -672 ) (0 -2528 -648 ) (-768 -2528 -648 ) (-768 -2528 -672 ) 
4 107 108 (-288 -2048 -672 ) (-768 -2528 -672 ) (-768 -2528 -648 ) (-288 -2048 -648 ) 
4 108 156 (-1024 -2528 -648 ) (-1024 -2048 -648 ) (-1024 -2048 -672 ) (-1024 -2528 -672 ) 
4 108 109 (-768 -2528 -672 ) (-1024 -2528 -672 ) (-1024 -2048 -672 ) (-288 -2048 -672 ) 
4 108 110 (-768 -2528 -648 ) (-1024 -2528 -648 ) (-1024 -2528 -672 ) (-768 -2528 -672 ) 
4 109 157 (-1024 -2048 -672 ) (-1024 -2048 -2016 ) (-1024 -2528 -2016 ) (-1024 -2528 -672 ) 
4 109 110 (-1024 -2528 -2016 ) (0 -2528 -2016 ) (0 -2528 -672 ) (-1024 -2528 -672 ) 
4 110 158 (-1024 -3072 -2016 ) (-1024 -3072 -648 ) (-1024 -2528 -648 ) (-1024 -2528 -2016 ) 
4 110 122 (0 -3072 -2016 ) (0 -3072 -648 ) (-1024 -3072 -648 ) (-1024 -3072 -2016 ) 
4 111 118 (1024 -3072 -96 ) (1024 -3072 -2016 ) (1024 -4096 -2016 ) (1024 -4096 -96 ) 
4 111 115 (1024 -3488 -96 ) (1024 -3680 -96 ) (1024 -3680 672 ) (1024 -3488 672 ) 
4 111 114 (1024 -3680 672 ) (1024 -3680 2048 ) (1024 -3488 2048 ) (1024 -3488 672 ) 
4 111 113 (1024 -3072 2048 ) (1024 -3072 -96 ) (1024 -3488 -96 ) (1024 -3488 2048 ) 
4 111 117 (1024 -3680 -96 ) (1024 -4096 -96 ) (1024 -4096 2048 ) (1024 -3680 2048 ) 
4 111 112 (2048 -4096 -2016 ) (2048 -4096 2048 ) (1024 -4096 2048 ) (1024 -4096 -2016 ) 
4 112 136 (2048 -5120 -2016 ) (2048 -5120 2048 ) (1024 -5120 2048 ) (1024 -5120 -2016 ) 
4 112 128 (1024 -5120 -2016 ) (1024 -5120 -192 ) (1024 -4096 -192 ) (1024 -4096 -2016 ) 
4 112 123 (1024 -5120 -192 ) (1024 -5120 2048 ) (1024 -4096 2048 ) (1024 -4096 -192 ) 
4 113 120 (0 -3072 672 ) (0 -3072 -96 ) (0 -3488 -96 ) (0 -3488 672 ) 
4 113 119 (0 -3072 2048 ) (0 -3072 672 ) (0 -3488 672 ) (0 -3488 2048 ) 
4 113 118 (0 -3488 -96 ) (0 -3072 -96 ) (1024 -3072 -96 ) (1024 -3488 -96 ) 
4 113 116 (0 -3488 -96 ) (96 -3488 -96 ) (96 -3488 672 ) (0 -3488 672 ) 
4 113 115 (480 -3488 -96 ) (1024 -3488 -96 ) (1024 -3488 672 ) (480 -3488 672 ) 
4 113 114 (1024 -3488 672 ) (1024 -3488 2048 ) (0 -3488 2048 ) (0 -3488 672 ) 
4 114 119 (0 -3680 672 ) (0 -3680 2048 ) (0 -3488 2048 ) (0 -3488 672 ) 
3 114 116 (0 -3584 672 ) (0 -3488 672 ) (96 -3488 672 ) 
4 114 115 (1024 -3680 672 ) (672 -3680 672 ) (480 -3488 672 ) (1024 -3488 672 ) 
4 114 117 (1024 -3680 672 ) (1024 -3680 2048 ) (0 -3680 2048 ) (0 -3680 672 ) 
4 115 118 (480 -3488 -96 ) (1024 -3488 -96 ) (1024 -3680 -96 ) (672 -3680 -96 ) 
4 115 117 (672 -3680 -96 ) (1024 -3680 -96 ) (1024 -3680 672 ) (672 -3680 672 ) 
4 116 120 (0 -3488 -96 ) (0 -3584 -96 ) (0 -3584 672 ) (0 -3488 672 ) 
3 116 118 (0 -3584 -96 ) (0 -3488 -96 ) (96 -3488 -96 ) 
4 117 125 (480 -4096 480 ) (480 -4096 -96 ) (672 -4096 -96 ) (672 -4096 480 ) 
4 117 124 (672 -4096 2048 ) (480 -4096 2048 ) (480 -4096 480 ) (672 -4096 480 ) 
4 117 123 (1024 -4096 -96 ) (1024 -4096 2048 ) (672 -4096 2048 ) (672 -4096 -96 ) 
4 117 127 (480 -4096 2048 ) (0 -4096 2048 ) (0 -4096 -96 ) (480 -4096 -96 ) 
4 117 121 (0 -3680 -96 ) (0 -4096 -96 ) (0 -4096 2048 ) (0 -3680 2048 ) 
4 117 118 (0 -4096 -96 ) (0 -3680 -96 ) (1024 -3680 -96 ) (1024 -4096 -96 ) 
4 118 128 (1024 -4096 -2016 ) (1024 -4096 -192 ) (0 -4096 -192 ) (0 -4096 -2016 ) 
4 118 125 (672 -4096 -96 ) (480 -4096 -96 ) (480 -4096 -192 ) (672 -4096 -192 ) 
4 118 123 (1024 -4096 -192 ) (1024 -4096 -96 ) (672 -4096 -96 ) (672 -4096 -192 ) 
4 118 127 (480 -4096 -96 ) (0 -4096 -96 ) (0 -4096 -192 ) (480 -4096 -192 ) 
4 118 122 (0 -3072 -96 ) (0 -3072 -2016 ) (0 -4096 -2016 ) (0 -4096 -96 ) 
4 119 171 (-1024 -3680 2048 ) (-1024 -3072 2048 ) (-1024 -3072 672 ) (-1024 -3680 672 ) 
5 119 120 (-96 -3680 672 ) (-1024 -3680 672 ) (-1024 -3072 672 ) (0 -3072 672 ) (0 -3584 672 ) 
4 119 121 (0 -3680 672 ) (0 -3680 2048 ) (-1024 -3680 2048 ) (-1024 -3680 672 ) 
4 120 172 (-1024 -3072 672 ) (-1024 -3072 -96 ) (-1024 -3680 -96 ) (-1024 -3680 672 ) 
5 120 122 (-1024 -3680 -96 ) (-1024 -3072 -96 ) (0 -3072 -96 ) (0 -3584 -96 ) (-96 -3680 -96 ) 
4 120 121 (-1024 -3680 -96 ) (-96 -3680 -96 ) (-96 -3680 672 ) (-1024 -3680 672 ) 
4 121 173 (-1024 -4096 -96 ) (-1024 -4096 2048 ) (-1024 -3680 2048 ) (-1024 -3680 -96 ) 
4 121 129 (0 -4096 -96 ) (0 -4096 2048 ) (-1024 -4096 2048 ) (-1024 -4096 -96 ) 
4 121 122 (0 -4096 -96 ) (-1024 -4096 -96 ) (-1024 -3680 -96 ) (0 -3680 -96 ) 
4 122 174 (-1024 -4096 -2016 ) (-1024 -4096 -96 ) (-1024 -3072 -96 ) (-1024 -3072 -2016 ) 
4 122 132 (0 -4096 -2016 ) (0 -4096 -192 ) (-1024 -4096 -192 ) (-1024 -4096 -2016 ) 
4 122 129 (0 -4096 -192 ) (0 -4096 -96 ) (-1024 -4096 -96 ) (-1024 -4096 -192 ) 
4 123 138 (1024 -5120 -192 ) (1024 -5120 2048 ) (672 -5120 2048 ) (672 -5120 -192 ) 
4 123 128 (1024 -5120 -192 ) (672 -5120 -192 ) (672 -4096 -192 ) (1024 -4096 -192 ) 
4 123 125 (672 -4096 -192 ) (672 -4256 -192 ) (672 -4256 480 ) (672 -4096 480 ) 
4 123 124 (672 -5024 480 ) (672 -5024 2048 ) (672 -4096 2048 ) (672 -4096 480 ) 
4 123 126 (672 -5024 -192 ) (672 -5120 -192 ) (672 -5120 2048 ) (672 -5024 2048 ) 
4 124 125 (480 -4448 480 ) (480 -4096 480 ) (672 -4096 480 ) (672 -4256 480 ) 
4 124 126 (480 -5024 2048 ) (480 -5024 480 ) (672 -5024 480 ) (672 -5024 2048 ) 
4 124 127 (480 -5024 480 ) (480 -5024 2048 ) (480 -4096 2048 ) (480 -4096 480 ) 
4 125 128 (480 -4448 -192 ) (480 -4096 -192 ) (672 -4096 -192 ) (672 -4256 -192 ) 
4 125 127 (480 -4096 -192 ) (480 -4448 -192 ) (480 -4448 480 ) (480 -4096 480 ) 
4 126 138 (672 -5120 2048 ) (480 -5120 2048 ) (480 -5120 -192 ) (672 -5120 -192 ) 
4 126 128 (672 -5120 -192 ) (480 -5120 -192 ) (480 -5024 -192 ) (672 -5024 -192 ) 
4 126 127 (480 -5024 -192 ) (480 -5120 -192 ) (480 -5120 2048 ) (480 -5024 2048 ) 
4 127 138 (480 -5120 2048 ) (0 -5120 2048 ) (0 -5120 -192 ) (480 -5120 -192 ) 
4 127 131 (0 -5024 -192 ) (0 -5120 -192 ) (0 -5120 480 ) (0 -5024 480 ) 
4 127 130 (0 -5120 480 ) (0 -5120 2048 ) (0 -5024 2048 ) (0 -5024 480 ) 
4 127 129 (0 -4096 2048 ) (0 -4096 -192 ) (0 -5024 -192 ) (0 -5024 2048 ) 
4 127 128 (480 -5120 -192 ) (0 -5120 -192 ) (0 -4096 -192 ) (480 -4096 -192 ) 
4 128 138 (1024 -5120 -2016 ) (1024 -5120 -192 ) (0 -5120 -192 ) (0 -5120 -2016 ) 
4 128 132 (0 -4096 -192 ) (0 -4096 -2016 ) (0 -5120 -2016 ) (0 -5120 -192 ) 
4 129 175 (-1024 -5024 2048 ) (-1024 -4096 2048 ) (-1024 -4096 -192 ) (-1024 -5024 -192 ) 
4 129 132 (-1024 -5024 -192 ) (-1024 -4096 -192 ) (0 -4096 -192 ) (0 -5024 -192 ) 
4 129 131 (-576 -5024 -192 ) (0 -5024 -192 ) (0 -5024 480 ) (-576 -5024 480 ) 
4 129 130 (0 -5024 480 ) (0 -5024 2048 ) (-1024 -5024 2048 ) (-1024 -5024 480 ) 
4 130 176 (-1024 -5120 480 ) (-1024 -5120 2048 ) (-1024 -5024 2048 ) (-1024 -5024 480 ) 
4 130 139 (0 -5120 480 ) (0 -5120 2048 ) (-1024 -5120 2048 ) (-1024 -5120 480 ) 
4 130 131 (0 -5120 480 ) (-672 -5120 480 ) (-576 -5024 480 ) (0 -5024 480 ) 
4 131 140 (0 -5120 -192 ) (0 -5120 480 ) (-672 -5120 480 ) (-672 -5120 -192 ) 
4 131 132 (0 -5120 -192 ) (-672 -5120 -192 ) (-576 -5024 -192 ) (0 -5024 -192 ) 
4 132 178 (-1024 -5120 -2016 ) (-1024 -5120 -192 ) (-1024 -4096 -192 ) (-1024 -4096 -2016 ) 
4 132 142 (0 -5120 -2016 ) (0 -5120 -192 ) (-1024 -5120 -192 ) (-1024 -5120 -2016 ) 
4 133 136 (2048 -5120 2048 ) (2048 -5120 -2016 ) (2048 -6144 -2016 ) (2048 -6144 2048 ) 
4 133 134 (3072 -6144 -2016 ) (3072 -6144 2048 ) (2048 -6144 2048 ) (2048 -6144 -2016 ) 
4 134 137 (2048 -7168 -2016 ) (2048 -7168 2048 ) (2048 -6144 2048 ) (2048 -6144 -2016 ) 
4 134 135 (3072 -7168 -2016 ) (3072 -7168 2048 ) (2048 -7168 2048 ) (2048 -7168 -2016 ) 
4 135 145 (2048 -7280 2048 ) (2048 -7168 2048 ) (2048 -7168 -2016 ) (2048 -7280 -2016 ) 
4 136 138 (1024 -5120 2048 ) (1024 -5120 -2016 ) (1024 -6144 -2016 ) (1024 -6144 2048 ) 
4 136 137 (2048 -6144 -2016 ) (2048 -6144 2048 ) (1024 -6144 2048 ) (1024 -6144 -2016 ) 
4 137 145 (2048 -7168 -2016 ) (2048 -7168 2048 ) (1024 -7168 2048 ) (1024 -7168 -2016 ) 
4 137 143 (1024 -7168 -2016 ) (1024 -7168 2048 ) (1024 -6144 2048 ) (1024 -6144 -2016 ) 
4 138 143 (1024 -6144 -2016 ) (1024 -6144 2048 ) (0 -6144 2048 ) (0 -6144 -2016 ) 
4 138 142 (0 -5120 -192 ) (0 -5120 -2016 ) (0 -6144 -2016 ) (0 -6144 -192 ) 
4 138 140 (0 -5120 480 ) (0 -5120 -192 ) (0 -5216 -192 ) (0 -5216 480 ) 
4 138 139 (0 -5120 2048 ) (0 -5120 480 ) (0 -5216 480 ) (0 -5216 2048 ) 
4 138 141 (0 -5216 -192 ) (0 -6144 -192 ) (0 -6144 2048 ) (0 -5216 2048 ) 
4 139 192 (-1024 -5216 2048 ) (-1024 -5120 2048 ) (-1024 -5120 480 ) (-1024 -5216 480 ) 
4 139 140 (0 -5216 480 ) (-768 -5216 480 ) (-672 -5120 480 ) (0 -5120 480 ) 
4 139 141 (0 -5216 480 ) (0 -5216 2048 ) (-1024 -5216 2048 ) (-1024 -5216 480 ) 
4 140 142 (-672 -5120 -192 ) (0 -5120 -192 ) (0 -5216 -192 ) (-768 -5216 -192 ) 
4 140 141 (-768 -5216 -192 ) (0 -5216 -192 ) (0 -5216 480 ) (-768 -5216 480 ) 
4 141 194 (-1024 -6144 -192 ) (-1024 -6144 2048 ) (-1024 -5216 2048 ) (-1024 -5216 -192 ) 
4 141 144 (0 -6144 -192 ) (0 -6144 2048 ) (-1024 -6144 2048 ) (-1024 -6144 -192 ) 
4 141 142 (0 -6144 -192 ) (-1024 -6144 -192 ) (-1024 -5216 -192 ) (0 -5216 -192 ) 
4 142 195 (-1024 -6144 -2016 ) (-1024 -6144 -192 ) (-1024 -5120 -192 ) (-1024 -5120 -2016 ) 
4 142 144 (0 -6144 -2016 ) (0 -6144 -192 ) (-1024 -6144 -192 ) (-1024 -6144 -2016 ) 
4 143 146 (1024 -7168 -2016 ) (1024 -7168 2048 ) (0 -7168 2048 ) (0 -7168 -2016 ) 
4 143 144 (0 -6144 2048 ) (0 -6144 -2016 ) (0 -7168 -2016 ) (0 -7168 2048 ) 
4 144 196 (-1024 -7168 -2016 ) (-1024 -7168 2048 ) (-1024 -6144 2048 ) (-1024 -6144 -2016 ) 
4 144 147 (0 -7168 -2016 ) (0 -7168 2048 ) (-1024 -7168 2048 ) (-1024 -7168 -2016 ) 
4 145 146 (1024 -7168 2048 ) (1024 -7168 -2016 ) (1024 -7280 -2016 ) (1024 -7280 2048 ) 
4 146 147 (0 -7168 2048 ) (0 -7168 -2016 ) (0 -7280 -2016 ) (0 -7280 2048 ) 
4 147 201 (-1024 -7280 2048 ) (-1024 -7168 2048 ) (-1024 -7168 -2016 ) (-1024 -7280 -2016 ) 
4 148 163 (-2048 -1024 -480 ) (-2048 -1024 -648 ) (-2048 -2048 -648 ) (-2048 -2048 -480 ) 
4 148 159 (-2048 -1024 2048 ) (-2048 -1024 -480 ) (-2048 -2048 -480 ) (-2048 -2048 2048 ) 
4 148 154 (-1024 -2048 -648 ) (-1024 -2048 2048 ) (-2048 -2048 2048 ) (-2048 -2048 -648 ) 
6 148 151 (-1760 -1024 -648 ) (-1024 -1024 -648 ) (-1024 -2048 -648 ) (-1824 -2048 -648 ) (-2016 -1856 -648 ) (-2016 -1280 -648 ) 
3 148 150 (-2016 -1024 -648 ) (-1760 -1024 -648 ) (-2016 -1280 -648 ) 
3 148 149 (-1824 -2048 -648 ) (-2016 -2048 -648 ) (-2016 -1856 -648 ) 
4 148 153 (-2048 -2048 -648 ) (-2048 -1024 -648 ) (-2016 -1024 -648 ) (-2016 -2048 -648 ) 
4 149 155 (-1824 -2048 -648 ) (-2016 -2048 -648 ) (-2016 -2048 -672 ) (-1824 -2048 -672 ) 
4 149 151 (-1823.996094 -2048 -672 ) (-2016 -1855.996094 -672 ) (-2016 -1855.996094 -648 ) (-1823.996094 -2048 -648 ) 
3 149 152 (-1824 -2048 -672 ) (-2016 -2048 -672 ) (-2016 -1856 -672 ) 
4 149 153 (-2016 -2048 -672 ) (-2016 -2048 -648 ) (-2016 -1856 -648 ) (-2016 -1856 -672 ) 
4 150 153 (-2016 -1280 -648 ) (-2016 -1024 -648 ) (-2016 -1024 -672 ) (-2016 -1280 -672 ) 
3 150 152 (-2016 -1280 -672 ) (-2016 -1024 -672 ) (-1760 -1024 -672 ) 
4 150 151 (-2016 -1280 -648 ) (-2016 -1280 -672 ) (-1760 -1024 -672 ) (-1760 -1024 -648 ) 
4 151 156 (-1024 -2048 -672 ) (-1024 -2048 -648 ) (-1824 -2048 -648 ) (-1824 -2048 -672 ) 
4 151 153 (-2016 -1856 -648 ) (-2016 -1280 -648 ) (-2016 -1280 -672 ) (-2016 -1856 -672 ) 
6 151 152 (-1024 -2048 -672 ) (-1824 -2048 -672 ) (-2016 -1856 -672 ) (-2016 -1280 -672 ) (-1760 -1024 -672 ) (-1024 -1024 -672 ) 
4 152 157 (-1024 -2048 -2016 ) (-1024 -2048 -672 ) (-2016 -2048 -672 ) (-2016 -2048 -2016 ) 
4 152 153 (-2016 -1024 -2016 ) (-2016 -2048 -2016 ) (-2016 -2048 -672 ) (-2016 -1024 -672 ) 
4 153 163 (-2048 -1024 -648 ) (-2048 -1024 -2016 ) (-2048 -2048 -2016 ) (-2048 -2048 -648 ) 
4 153 155 (-2016 -2048 -648 ) (-2048 -2048 -648 ) (-2048 -2048 -672 ) (-2016 -2048 -672 ) 
4 153 157 (-2048 -2048 -672 ) (-2048 -2048 -2016 ) (-2016 -2048 -2016 ) (-2016 -2048 -672 ) 
4 154 174 (-1024 -3072 -648 ) (-1024 -3072 -96 ) (-2048 -3072 -96 ) (-2048 -3072 -648 ) 
4 154 172 (-1024 -3072 -96 ) (-1024 -3072 672 ) (-2048 -3072 672 ) (-2048 -3072 -96 ) 
4 154 171 (-1024 -3072 672 ) (-1024 -3072 2048 ) (-2048 -3072 2048 ) (-2048 -3072 672 ) 
4 154 169 (-2048 -3072 -648 ) (-2048 -3072 2048 ) (-2048 -2048 2048 ) (-2048 -2048 -648 ) 
4 154 156 (-1824 -2048 -648 ) (-1024 -2048 -648 ) (-1024 -2528 -648 ) (-1344 -2528 -648 ) 
4 154 155 (-2048 -2528 -648 ) (-2048 -2048 -648 ) (-1824 -2048 -648 ) (-1344 -2528 -648 ) 
4 154 158 (-2048 -3072 -648 ) (-2048 -2528 -648 ) (-1024 -2528 -648 ) (-1024 -3072 -648 ) 
4 155 169 (-2048 -2528 -648 ) (-2048 -2048 -648 ) (-2048 -2048 -672 ) (-2048 -2528 -672 ) 
4 155 157 (-1344 -2528 -672 ) (-2048 -2528 -672 ) (-2048 -2048 -672 ) (-1824 -2048 -672 ) 
4 155 158 (-1344 -2528 -648 ) (-2048 -2528 -648 ) (-2048 -2528 -672 ) (-1344 -2528 -672 ) 
4 155 156 (-1344 -2528 -648 ) (-1344 -2528 -672 ) (-1824 -2048 -672 ) (-1824 -2048 -648 ) 
4 156 157 (-1024 -2528 -672 ) (-1344 -2528 -672 ) (-1824 -2048 -672 ) (-1024 -2048 -672 ) 
4 156 158 (-1024 -2528 -672 ) (-1024 -2528 -648 ) (-1344 -2528 -648 ) (-1344 -2528 -672 ) 
4 157 169 (-2048 -2048 -672 ) (-2048 -2048 -2016 ) (-2048 -2528 -2016 ) (-2048 -2528 -672 ) 
4 157 158 (-2048 -2528 -2016 ) (-1024 -2528 -2016 ) (-1024 -2528 -672 ) (-2048 -2528 -672 ) 
4 158 174 (-1024 -3072 -2016 ) (-1024 -3072 -648 ) (-2048 -3072 -648 ) (-2048 -3072 -2016 ) 
4 158 169 (-2048 -3072 -2016 ) (-2048 -3072 -648 ) (-2048 -2528 -648 ) (-2048 -2528 -2016 ) 
4 159 169 (-2048 -2048 -480 ) (-2048 -2048 2048 ) (-2976 -2048 2048 ) (-2976 -2048 -480 ) 
4 159 163 (-2976 -1024 -480 ) (-2048 -1024 -480 ) (-2048 -2048 -480 ) (-2976 -2048 -480 ) 
4 159 162 (-2976 -1760 -480 ) (-2976 -2048 -480 ) (-2976 -2048 -96 ) (-2976 -1760 -96 ) 
4 159 161 (-2976 -1024 -480 ) (-2976 -1376 -480 ) (-2976 -1376 -96 ) (-2976 -1024 -96 ) 
4 159 160 (-2976 -2048 -96 ) (-2976 -2048 2048 ) (-2976 -1024 2048 ) (-2976 -1024 -96 ) 
4 160 169 (-2976 -2048 2048 ) (-3072 -2048 2048 ) (-3072 -2048 -96 ) (-2976 -2048 -96 ) 
4 160 164 (-3072 -1024 2048 ) (-3072 -1024 -96 ) (-3072 -2048 -96 ) (-3072 -2048 2048 ) 
4 160 162 (-3072 -2048 -96 ) (-3072 -1856 -96 ) (-2976 -1760 -96 ) (-2976 -2048 -96 ) 
4 160 161 (-3072 -1280 -96 ) (-3072 -1024 -96 ) (-2976 -1024 -96 ) (-2976 -1376 -96 ) 
4 161 165 (-3072 -1024 -96 ) (-3072 -1024 -480 ) (-3072 -1280 -480 ) (-3072 -1280 -96 ) 
4 161 163 (-3072 -1280 -480 ) (-3072 -1024 -480 ) (-2976 -1024 -480 ) (-2976 -1376 -480 ) 
4 162 169 (-3072 -2048 -96 ) (-3072 -2048 -480 ) (-2976 -2048 -480 ) (-2976 -2048 -96 ) 
4 162 166 (-3072 -1856 -480 ) (-3072 -2048 -480 ) (-3072 -2048 -96 ) (-3072 -1856 -96 ) 
4 162 163 (-3072 -2048 -480 ) (-3072 -1856 -480 ) (-2976 -1760 -480 ) (-2976 -2048 -480 ) 
4 163 169 (-2048 -2048 -2016 ) (-2048 -2048 -480 ) (-3072 -2048 -480 ) (-3072 -2048 -2016 ) 
4 163 168 (-3072 -1024 -480 ) (-3072 -1024 -2016 ) (-3072 -2048 -2016 ) (-3072 -2048 -480 ) 
4 164 170 (-3072 -2048 -96 ) (-3072 -2048 2048 ) (-3168 -2048 2048 ) (-3168 -2048 -96 ) 
4 164 166 (-3072 -2048 -96 ) (-3168 -2048 -96 ) (-3168 -1952 -96 ) (-3072 -1856 -96 ) 
4 164 165 (-3168 -1184 -96 ) (-3168 -1024 -96 ) (-3072 -1024 -96 ) (-3072 -1280 -96 ) 
4 164 167 (-3168 -2048 -96 ) (-3168 -2048 2048 ) (-3168 -1024 2048 ) (-3168 -1024 -96 ) 
4 165 168 (-3168 -1184 -480 ) (-3168 -1024 -480 ) (-3072 -1024 -480 ) (-3072 -1280 -480 ) 
4 165 167 (-3168 -1024 -480 ) (-3168 -1184 -480 ) (-3168 -1184 -96 ) (-3168 -1024 -96 ) 
4 166 170 (-3072 -2048 -480 ) (-3072 -2048 -96 ) (-3168 -2048 -96 ) (-3168 -2048 -480 ) 
4 166 168 (-3072 -2048 -480 ) (-3168 -2048 -480 ) (-3168 -1952 -480 ) (-3072 -1856 -480 ) 
4 166 167 (-3168 -1952 -480 ) (-3168 -2048 -480 ) (-3168 -2048 -96 ) (-3168 -1952 -96 ) 
4 167 188 (-4096 -1024 2048 ) (-4096 -1024 -480 ) (-4096 -2048 -480 ) (-4096 -2048 2048 ) 
4 167 170 (-3168 -2048 2048 ) (-4096 -2048 2048 ) (-4096 -2048 -480 ) (-3168 -2048 -480 ) 
4 167 168 (-3168 -2048 -480 ) (-4096 -2048 -480 ) (-4096 -1024 -480 ) (-3168 -1024 -480 ) 
4 168 188 (-4096 -1024 -480 ) (-4096 -1024 -2016 ) (-4096 -2048 -2016 ) (-4096 -2048 -480 ) 
4 168 170 (-3072 -2048 -2016 ) (-3072 -2048 -480 ) (-4096 -2048 -480 ) (-4096 -2048 -2016 ) 
4 169 184 (-2048 -3072 -2016 ) (-2048 -3072 -96 ) (-3072 -3072 -96 ) (-3072 -3072 -2016 ) 
4 169 179 (-2048 -3072 -96 ) (-2048 -3072 2048 ) (-3072 -3072 2048 ) (-3072 -3072 -96 ) 
4 169 170 (-3072 -2048 2048 ) (-3072 -2048 -2016 ) (-3072 -3072 -2016 ) (-3072 -3072 2048 ) 
4 170 189 (-4096 -3072 -2016 ) (-4096 -3072 2048 ) (-4096 -2048 2048 ) (-4096 -2048 -2016 ) 
4 170 185 (-3072 -3072 -2016 ) (-3072 -3072 2048 ) (-4096 -3072 2048 ) (-4096 -3072 -2016 ) 
4 171 180 (-2048 -3488 672 ) (-2048 -3680 672 ) (-2048 -3680 2048 ) (-2048 -3488 2048 ) 
4 171 179 (-2048 -3072 2048 ) (-2048 -3072 672 ) (-2048 -3488 672 ) (-2048 -3488 2048 ) 
5 171 172 (-1024 -3680 672 ) (-2016 -3680 672 ) (-2048 -3648 672 ) (-2048 -3072 672 ) (-1024 -3072 672 ) 
4 171 173 (-1024 -3680 672 ) (-1024 -3680 2048 ) (-2048 -3680 2048 ) (-2048 -3680 672 ) 
4 172 181 (-2048 -3488 -96 ) (-2048 -3648 -96 ) (-2048 -3648 672 ) (-2048 -3488 672 ) 
4 172 179 (-2048 -3072 672 ) (-2048 -3072 -96 ) (-2048 -3488 -96 ) (-2048 -3488 672 ) 
5 172 174 (-2048 -3648 -96 ) (-2048 -3072 -96 ) (-1024 -3072 -96 ) (-1024 -3680 -96 ) (-2016 -3680 -96 ) 
4 172 173 (-2016 -3680 -96 ) (-1024 -3680 -96 ) (-1024 -3680 672 ) (-2016 -3680 672 ) 
4 173 183 (-2048 -3680 -96 ) (-2048 -4096 -96 ) (-2048 -4096 2048 ) (-2048 -3680 2048 ) 
4 173 175 (-1024 -4096 -96 ) (-1024 -4096 2048 ) (-2048 -4096 2048 ) (-2048 -4096 -96 ) 
4 173 174 (-1024 -4096 -96 ) (-2048 -4096 -96 ) (-2048 -3680 -96 ) (-1024 -3680 -96 ) 
4 174 184 (-2048 -3072 -96 ) (-2048 -3072 -2016 ) (-2048 -4096 -2016 ) (-2048 -4096 -96 ) 
4 174 178 (-1024 -4096 -2016 ) (-1024 -4096 -192 ) (-2048 -4096 -192 ) (-2048 -4096 -2016 ) 
4 174 175 (-1024 -4096 -192 ) (-1024 -4096 -96 ) (-2048 -4096 -96 ) (-2048 -4096 -192 ) 
4 175 186 (-2048 -5024 2048 ) (-2048 -4096 2048 ) (-2048 -4096 -192 ) (-2048 -5024 -192 ) 
4 175 178 (-2048 -5024 -192 ) (-2048 -4096 -192 ) (-1024 -4096 -192 ) (-1024 -5024 -192 ) 
4 175 177 (-2048 -5024 -192 ) (-1536 -5024 -192 ) (-1536 -5024 480 ) (-2048 -5024 480 ) 
4 175 176 (-1024 -5024 480 ) (-1024 -5024 2048 ) (-2048 -5024 2048 ) (-2048 -5024 480 ) 
4 176 192 (-1024 -5120 480 ) (-1024 -5120 2048 ) (-2048 -5120 2048 ) (-2048 -5120 480 ) 
4 176 186 (-2048 -5120 480 ) (-2048 -5120 2048 ) (-2048 -5024 2048 ) (-2048 -5024 480 ) 
4 176 177 (-1440 -5120 480 ) (-2048 -5120 480 ) (-2048 -5024 480 ) (-1536 -5024 480 ) 
4 177 193 (-1440 -5120 480 ) (-2048 -5120 480 ) (-2048 -5120 -192 ) (-1440 -5120 -192 ) 
4 177 186 (-2048 -5120 -192 ) (-2048 -5120 480 ) (-2048 -5024 480 ) (-2048 -5024 -192 ) 
4 177 178 (-1440 -5120 -192 ) (-2048 -5120 -192 ) (-2048 -5024 -192 ) (-1536 -5024 -192 ) 
4 178 195 (-1024 -5120 -2016 ) (-1024 -5120 -192 ) (-2048 -5120 -192 ) (-2048 -5120 -2016 ) 
4 178 186 (-2048 -5120 -2016 ) (-2048 -5120 -192 ) (-2048 -4096 -192 ) (-2048 -4096 -2016 ) 
4 179 185 (-3072 -3072 2048 ) (-3072 -3072 -96 ) (-3072 -3488 -96 ) (-3072 -3488 2048 ) 
4 179 184 (-3072 -3488 -96 ) (-3072 -3072 -96 ) (-2048 -3072 -96 ) (-2048 -3488 -96 ) 
4 179 182 (-3072 -3488 -96 ) (-2592 -3488 -96 ) (-2592 -3488 672 ) (-3072 -3488 672 ) 
4 179 181 (-2208 -3488 -96 ) (-2048 -3488 -96 ) (-2048 -3488 672 ) (-2208 -3488 672 ) 
4 179 180 (-2048 -3488 672 ) (-2048 -3488 2048 ) (-3072 -3488 2048 ) (-3072 -3488 672 ) 
4 180 185 (-3072 -3680 672 ) (-3072 -3680 2048 ) (-3072 -3488 2048 ) (-3072 -3488 672 ) 
4 180 182 (-2784 -3680 672 ) (-3072 -3680 672 ) (-3072 -3488 672 ) (-2592 -3488 672 ) 
3 180 181 (-2208 -3488 672 ) (-2048 -3488 672 ) (-2048 -3648 672 ) 
4 180 183 (-2048 -3680 672 ) (-2048 -3680 2048 ) (-3072 -3680 2048 ) (-3072 -3680 672 ) 
3 181 184 (-2208 -3488 -96 ) (-2048 -3488 -96 ) (-2048 -3648 -96 ) 
4 182 185 (-3072 -3488 -96 ) (-3072 -3680 -96 ) (-3072 -3680 672 ) (-3072 -3488 672 ) 
4 182 184 (-3072 -3680 -96 ) (-3072 -3488 -96 ) (-2592 -3488 -96 ) (-2784 -3680 -96 ) 
4 182 183 (-3072 -3680 -96 ) (-2784 -3680 -96 ) (-2784 -3680 672 ) (-3072 -3680 672 ) 
4 183 186 (-2048 -4096 -96 ) (-2048 -4096 2048 ) (-3072 -4096 2048 ) (-3072 -4096 -96 ) 
4 183 185 (-3072 -3680 -96 ) (-3072 -4096 -96 ) (-3072 -4096 2048 ) (-3072 -3680 2048 ) 
4 183 184 (-3072 -4096 -96 ) (-3072 -3680 -96 ) (-2048 -3680 -96 ) (-2048 -4096 -96 ) 
4 184 186 (-2048 -4096 -2016 ) (-2048 -4096 -96 ) (-3072 -4096 -96 ) (-3072 -4096 -2016 ) 
4 184 185 (-3072 -3072 -96 ) (-3072 -3072 -2016 ) (-3072 -4096 -2016 ) (-3072 -4096 -96 ) 
4 185 190 (-4096 -4096 -2016 ) (-4096 -4096 2048 ) (-4096 -3072 2048 ) (-4096 -3072 -2016 ) 
4 185 187 (-3072 -4096 -2016 ) (-3072 -4096 2048 ) (-4096 -4096 2048 ) (-4096 -4096 -2016 ) 
4 186 197 (-2048 -5120 -2016 ) (-2048 -5120 2048 ) (-3072 -5120 2048 ) (-3072 -5120 -2016 ) 
4 186 187 (-3072 -4096 2048 ) (-3072 -4096 -2016 ) (-3072 -5120 -2016 ) (-3072 -5120 2048 ) 
4 187 198 (-3072 -5120 -2016 ) (-3072 -5120 2048 ) (-4096 -5120 2048 ) (-4096 -5120 -2016 ) 
4 187 191 (-4096 -5120 -2016 ) (-4096 -5120 2048 ) (-4096 -4096 2048 ) (-4096 -4096 -2016 ) 
4 188 189 (-4096 -2048 -2016 ) (-4096 -2048 2048 ) (-5120 -2048 2048 ) (-5120 -2048 -2016 ) 
4 189 190 (-4096 -3072 -2016 ) (-4096 -3072 2048 ) (-5120 -3072 2048 ) (-5120 -3072 -2016 ) 
4 190 191 (-4096 -4096 -2016 ) (-4096 -4096 2048 ) (-5120 -4096 2048 ) (-5120 -4096 -2016 ) 
4 191 204 (-4096 -5120 -2016 ) (-4096 -5120 2048 ) (-5120 -5120 2048 ) (-5120 -5120 -2016 ) 
4 192 197 (-2048 -5120 2048 ) (-2048 -5120 480 ) (-2048 -5216 480 ) (-2048 -5216 2048 ) 
4 192 193 (-1344 -5216 480 ) (-2048 -5216 480 ) (-2048 -5120 480 ) (-1440 -5120 480 ) 
4 192 194 (-1024 -5216 480 ) (-1024 -5216 2048 ) (-2048 -5216 2048 ) (-2048 -5216 480 ) 
4 193 197 (-2048 -5120 480 ) (-2048 -5120 -192 ) (-2048 -5216 -192 ) (-2048 -5216 480 ) 
4 193 195 (-2048 -5216 -192 ) (-2048 -5120 -192 ) (-1440 -5120 -192 ) (-1344 -5216 -192 ) 
4 193 194 (-2048 -5216 -192 ) (-1344 -5216 -192 ) (-1344 -5216 480 ) (-2048 -5216 480 ) 
4 194 197 (-2048 -5216 -192 ) (-2048 -6144 -192 ) (-2048 -6144 2048 ) (-2048 -5216 2048 ) 
4 194 196 (-1024 -6144 -192 ) (-1024 -6144 2048 ) (-2048 -6144 2048 ) (-2048 -6144 -192 ) 
4 194 195 (-1024 -6144 -192 ) (-2048 -6144 -192 ) (-2048 -5216 -192 ) (-1024 -5216 -192 ) 
4 195 197 (-2048 -5120 -192 ) (-2048 -5120 -2016 ) (-2048 -6144 -2016 ) (-2048 -6144 -192 ) 
4 195 196 (-1024 -6144 -2016 ) (-1024 -6144 -192 ) (-2048 -6144 -192 ) (-2048 -6144 -2016 ) 
4 196 201 (-1024 -7168 -2016 ) (-1024 -7168 2048 ) (-2048 -7168 2048 ) (-2048 -7168 -2016 ) 
4 196 199 (-2048 -7168 -2016 ) (-2048 -7168 2048 ) (-2048 -6144 2048 ) (-2048 -6144 -2016 ) 
4 197 199 (-2048 -6144 -2016 ) (-2048 -6144 2048 ) (-3072 -6144 2048 ) (-3072 -6144 -2016 ) 
4 197 198 (-3072 -5120 2048 ) (-3072 -5120 -2016 ) (-3072 -6144 -2016 ) (-3072 -6144 2048 ) 
4 198 204 (-4096 -5120 2048 ) (-4096 -5120 -2016 ) (-4096 -6144 -2016 ) (-4096 -6144 2048 ) 
4 198 200 (-3072 -6144 -2016 ) (-3072 -6144 2048 ) (-4096 -6144 2048 ) (-4096 -6144 -2016 ) 
4 199 202 (-2048 -7168 -2016 ) (-2048 -7168 2048 ) (-3072 -7168 2048 ) (-3072 -7168 -2016 ) 
4 199 200 (-3072 -6144 2048 ) (-3072 -6144 -2016 ) (-3072 -7168 -2016 ) (-3072 -7168 2048 ) 
4 200 205 (-4096 -7168 -2016 ) (-4096 -7168 2048 ) (-4096 -6144 2048 ) (-4096 -6144 -2016 ) 
4 200 203 (-3072 -7168 -2016 ) (-3072 -7168 2048 ) (-4096 -7168 2048 ) (-4096 -7168 -2016 ) 
4 201 202 (-2048 -7168 2048 ) (-2048 -7168 -2016 ) (-2048 -7280 -2016 ) (-2048 -7280 2048 ) 
4 202 203 (-3072 -7168 2048 ) (-3072 -7168 -2016 ) (-3072 -7280 -2016 ) (-3072 -7280 2048 ) 
4 203 206 (-4096 -7280 2048 ) (-4096 -7168 2048 ) (-4096 -7168 -2016 ) (-4096 -7280 -2016 ) 
4 204 205 (-4096 -6144 -2016 ) (-4096 -6144 2048 ) (-5120 -6144 2048 ) (-5120 -6144 -2016 ) 
4 205 206 (-4096 -7168 -2016 ) (-4096 -7168 2048 ) (-5120 -7168 2048 ) (-5120 -7168 -2016 ) 
